<?xml version="1.0" encoding="UTF-8"?>
<testsuite xmlns:xsi="http://www.w3.org/2001/XMLSchema-instance" xsi:noNamespaceSchemaLocation="https://maven.apache.org/surefire/maven-surefire-plugin/xsd/surefire-test-report-3.0.xsd" version="3.0" name="com.itcs383.order.integration.OrderServiceIntegrationTest" time="5.124" tests="6" errors="2" skipped="0" failures="1">
  <properties>
[...]
</properties>
  <testcase name="orderCancellation_WithValidConditions_ShouldSucceed" classname="com.itcs383.order.integration.OrderServiceIntegrationTest" time="0.055">
    <error message="Null key returned for cache operation [Builder[public com.itcs383.common.dto.OrderDTO com.itcs383.order.service.OrderService.cancelOrder(java.lang.Long,java.lang.Long,java.lang.String)] caches=[orders] | key=&apos;#orderId&apos; | keyGenerator=&apos;&apos; | cacheManager=&apos;&apos; | cacheResolver=&apos;&apos; | condition=&apos;&apos;,false,false]. If you are using named parameters, ensure that the compiler uses the &apos;-parameters&apos; flag." type="java.lang.IllegalArgumentException"><![CDATA[java.lang.IllegalArgumentException: Null key returned for cache operation [Builder[public com.itcs383.common.dto.OrderDTO com.itcs383.order.service.OrderService.cancelOrder(java.lang.Long,java.lang.Long,java.lang.String)] caches=[orders] | key='#orderId' | keyGenerator='' | cacheManager='' | cacheResolver='' | condition='',false,false]. If you are using named parameters, ensure that the compiler uses the '-parameters' flag.
	at org.springframework.cache.interceptor.CacheAspectSupport.generateKey(CacheAspectSupport.java:708)
	at org.springframework.cache.interceptor.CacheAspectSupport.performCacheEvicts(CacheAspectSupport.java:659)
	at org.springframework.cache.interceptor.CacheAspectSupport.processCacheEvicts(CacheAspectSupport.java:643)
	at org.springframework.cache.interceptor.CacheAspectSupport.evaluate(CacheAspectSupport.java:567)
	at org.springframework.cache.interceptor.CacheAspectSupport.execute(CacheAspectSupport.java:433)
	at org.springframework.cache.interceptor.CacheAspectSupport.execute(CacheAspectSupport.java:395)
	at org.springframework.cache.interceptor.CacheInterceptor.invoke(CacheInterceptor.java:74)
	at org.springframework.aop.framework.ReflectiveMethodInvocation.proceed(ReflectiveMethodInvocation.java:184)
	at org.springframework.aop.framework.CglibAopProxy$CglibMethodInvocation.proceed(CglibAopProxy.java:765)
	at org.springframework.aop.framework.CglibAopProxy$DynamicAdvisedInterceptor.intercept(CglibAopProxy.java:717)
	at com.itcs383.order.service.OrderService$$SpringCGLIB$$0.cancelOrder(<generated>)
	at com.itcs383.order.integration.OrderServiceIntegrationTest.orderCancellation_WithValidConditions_ShouldSucceed(OrderServiceIntegrationTest.java:132)
	at java.base/java.lang.reflect.Method.invoke(Method.java:580)
	at java.base/java.util.ArrayList.forEach(ArrayList.java:1596)
	at java.base/java.util.ArrayList.forEach(ArrayList.java:1596)
]]></error>
    <system-out><![CDATA[16:38:41.790 [main] INFO  o.s.t.c.s.AnnotationConfigContextLoaderUtils - Could not detect default configuration classes for test class [com.itcs383.order.integration.OrderServiceIntegrationTest]: OrderServiceIntegrationTest does not declare any static, non-private, non-final, nested classes annotated with @Configuration.
16:38:41.794 [main] INFO  o.s.b.t.c.SpringBootTestContextBootstrapper - Found @SpringBootConfiguration com.itcs383.order.OrderServiceApplication for test class com.itcs383.order.integration.OrderServiceIntegrationTest

  .   ____          _            __ _ _
 /\\ / ___'_ __ _ _(_)_ __  __ _ \ \ \ \
( ( )\___ | '_ | '_| | '_ \/ _` | \ \ \ \
 \\/  ___)| |_)| | | | | || (_| |  ) ) ) )
  '  |____| .__|_| |_|_| |_\__, | / / / /
 =========|_|==============|___/=/_/_/_/
 :: Spring Boot ::                (v3.2.2)

16:38:41.840 [main] INFO  c.i.o.i.OrderServiceIntegrationTest - Starting OrderServiceIntegrationTest using Java 21.0.8 with PID 80943 (started by pks_aito in /Users/pks_aito/Documents/GitHub/2025-ITCS383-MharRuengSang/Implementations/Backend/mhar-order-service)
16:38:41.840 [main] DEBUG c.i.o.i.OrderServiceIntegrationTest - Running with Spring Boot v3.2.2, Spring v6.1.3
16:38:41.840 [main] INFO  c.i.o.i.OrderServiceIntegrationTest - The following 1 profile is active: "test"
16:38:42.181 [main] INFO  o.s.d.r.c.RepositoryConfigurationDelegate - Multiple Spring Data modules found, entering strict repository configuration mode
16:38:42.182 [main] INFO  o.s.d.r.c.RepositoryConfigurationDelegate - Bootstrapping Spring Data JPA repositories in DEFAULT mode.
16:38:42.186 [main] INFO  o.s.d.r.c.RepositoryConfigurationDelegate - Finished Spring Data repository scanning in 4 ms. Found 1 JPA repository interface.
16:38:42.191 [main] INFO  o.s.d.r.c.RepositoryConfigurationDelegate - Multiple Spring Data modules found, entering strict repository configuration mode
16:38:42.192 [main] INFO  o.s.d.r.c.RepositoryConfigurationDelegate - Bootstrapping Spring Data Redis repositories in DEFAULT mode.
16:38:42.200 [main] INFO  o.s.d.r.c.RepositoryConfigurationExtensionSupport - Spring Data Redis - Could not safely identify store assignment for repository candidate interface com.itcs383.order.repository.OrderRepository; If you want this repository to be a Redis repository, consider annotating your entities with one of these annotations: org.springframework.data.redis.core.RedisHash (preferred), or consider extending one of the following types with your repository: org.springframework.data.keyvalue.repository.KeyValueRepository
16:38:42.200 [main] INFO  o.s.d.r.c.RepositoryConfigurationDelegate - Finished Spring Data repository scanning in 2 ms. Found 0 Redis repository interfaces.
16:38:42.286 [main] INFO  o.s.cloud.context.scope.GenericScope - BeanFactory id=899a2959-b56c-357c-99a4-b69fc6c43c78
16:38:42.433 [main] WARN  o.s.c.s.PostProcessorRegistrationDelegate$BeanPostProcessorChecker - Bean 'org.springframework.cloud.client.loadbalancer.LoadBalancerAutoConfiguration$LoadBalancerInterceptorConfig' of type [org.springframework.cloud.client.loadbalancer.LoadBalancerAutoConfiguration$LoadBalancerInterceptorConfig] is not eligible for getting processed by all BeanPostProcessors (for example: not eligible for auto-proxying). The currently created BeanPostProcessor [lbRestClientPostProcessor] is declared through a non-static factory method on that class; consider declaring it as static instead.
16:38:42.435 [main] WARN  o.s.c.s.PostProcessorRegistrationDelegate$BeanPostProcessorChecker - Bean 'org.springframework.cloud.loadbalancer.config.BlockingLoadBalancerClientAutoConfiguration' of type [org.springframework.cloud.loadbalancer.config.BlockingLoadBalancerClientAutoConfiguration] is not eligible for getting processed by all BeanPostProcessors (for example: not eligible for auto-proxying). Is this bean getting eagerly injected into a currently created BeanPostProcessor [lbRestClientPostProcessor]? Check the corresponding BeanPostProcessor declaration and its dependencies.
16:38:42.436 [main] WARN  o.s.c.s.PostProcessorRegistrationDelegate$BeanPostProcessorChecker - Bean 'org.springframework.cloud.loadbalancer.config.LoadBalancerAutoConfiguration' of type [org.springframework.cloud.loadbalancer.config.LoadBalancerAutoConfiguration] is not eligible for getting processed by all BeanPostProcessors (for example: not eligible for auto-proxying). Is this bean getting eagerly injected into a currently created BeanPostProcessor [lbRestClientPostProcessor]? Check the corresponding BeanPostProcessor declaration and its dependencies.
16:38:42.439 [main] WARN  o.s.c.s.PostProcessorRegistrationDelegate$BeanPostProcessorChecker - Bean 'org.springframework.cloud.commons.config.CommonsConfigAutoConfiguration' of type [org.springframework.cloud.commons.config.CommonsConfigAutoConfiguration] is not eligible for getting processed by all BeanPostProcessors (for example: not eligible for auto-proxying). Is this bean getting eagerly injected into a currently created BeanPostProcessor [lbRestClientPostProcessor]? Check the corresponding BeanPostProcessor declaration and its dependencies.
16:38:42.441 [main] WARN  o.s.c.s.PostProcessorRegistrationDelegate$BeanPostProcessorChecker - Bean 'org.springframework.cloud.client.loadbalancer.LoadBalancerDefaultMappingsProviderAutoConfiguration' of type [org.springframework.cloud.client.loadbalancer.LoadBalancerDefaultMappingsProviderAutoConfiguration] is not eligible for getting processed by all BeanPostProcessors (for example: not eligible for auto-proxying). Is this bean getting eagerly injected into a currently created BeanPostProcessor [lbRestClientPostProcessor]? Check the corresponding BeanPostProcessor declaration and its dependencies.
16:38:42.441 [main] WARN  o.s.c.s.PostProcessorRegistrationDelegate$BeanPostProcessorChecker - Bean 'loadBalancerClientsDefaultsMappingsProvider' of type [org.springframework.cloud.client.loadbalancer.LoadBalancerDefaultMappingsProviderAutoConfiguration$$Lambda/0x0000007001bc6560] is not eligible for getting processed by all BeanPostProcessors (for example: not eligible for auto-proxying). Is this bean getting eagerly injected into a currently created BeanPostProcessor [lbRestClientPostProcessor]? Check the corresponding BeanPostProcessor declaration and its dependencies.
16:38:42.442 [main] WARN  o.s.c.s.PostProcessorRegistrationDelegate$BeanPostProcessorChecker - Bean 'defaultsBindHandlerAdvisor' of type [org.springframework.cloud.commons.config.DefaultsBindHandlerAdvisor] is not eligible for getting processed by all BeanPostProcessors (for example: not eligible for auto-proxying). Is this bean getting eagerly injected into a currently created BeanPostProcessor [lbRestClientPostProcessor]? Check the corresponding BeanPostProcessor declaration and its dependencies.
16:38:42.445 [main] WARN  o.s.c.s.PostProcessorRegistrationDelegate$BeanPostProcessorChecker - Bean 'spring.cloud.loadbalancer-org.springframework.cloud.client.loadbalancer.LoadBalancerClientsProperties' of type [org.springframework.cloud.client.loadbalancer.LoadBalancerClientsProperties] is not eligible for getting processed by all BeanPostProcessors (for example: not eligible for auto-proxying). Is this bean getting eagerly injected into a currently created BeanPostProcessor [lbRestClientPostProcessor]? Check the corresponding BeanPostProcessor declaration and its dependencies.
16:38:42.447 [main] WARN  o.s.c.s.PostProcessorRegistrationDelegate$BeanPostProcessorChecker - Bean 'default.org.springframework.cloud.loadbalancer.config.LoadBalancerAutoConfiguration.LoadBalancerClientSpecification' of type [org.springframework.cloud.loadbalancer.annotation.LoadBalancerClientSpecification] is not eligible for getting processed by all BeanPostProcessors (for example: not eligible for auto-proxying). Is this bean getting eagerly injected into a currently created BeanPostProcessor [lbRestClientPostProcessor]? Check the corresponding BeanPostProcessor declaration and its dependencies.
16:38:42.448 [main] WARN  o.s.c.s.PostProcessorRegistrationDelegate$BeanPostProcessorChecker - Bean 'default.org.springframework.cloud.loadbalancer.config.BlockingLoadBalancerClientAutoConfiguration.LoadBalancerClientSpecification' of type [org.springframework.cloud.loadbalancer.annotation.LoadBalancerClientSpecification] is not eligible for getting processed by all BeanPostProcessors (for example: not eligible for auto-proxying). Is this bean getting eagerly injected into a currently created BeanPostProcessor [lbRestClientPostProcessor]? Check the corresponding BeanPostProcessor declaration and its dependencies.
16:38:42.449 [main] WARN  o.s.c.s.PostProcessorRegistrationDelegate$BeanPostProcessorChecker - Bean 'loadBalancerClientFactory' of type [org.springframework.cloud.loadbalancer.support.LoadBalancerClientFactory] is not eligible for getting processed by all BeanPostProcessors (for example: not eligible for auto-proxying). Is this bean getting eagerly injected into a currently created BeanPostProcessor [lbRestClientPostProcessor]? Check the corresponding BeanPostProcessor declaration and its dependencies.
16:38:42.453 [main] WARN  o.s.c.s.PostProcessorRegistrationDelegate$BeanPostProcessorChecker - Bean 'blockingLoadBalancerClient' of type [org.springframework.cloud.loadbalancer.blocking.client.BlockingLoadBalancerClient] is not eligible for getting processed by all BeanPostProcessors (for example: not eligible for auto-proxying). Is this bean getting eagerly injected into a currently created BeanPostProcessor [lbRestClientPostProcessor]? Check the corresponding BeanPostProcessor declaration and its dependencies.
16:38:42.457 [main] WARN  o.s.c.s.PostProcessorRegistrationDelegate$BeanPostProcessorChecker - Bean 'loadBalancerServiceInstanceCookieTransformer' of type [org.springframework.cloud.loadbalancer.core.LoadBalancerServiceInstanceCookieTransformer] is not eligible for getting processed by all BeanPostProcessors (for example: not eligible for auto-proxying). Is this bean getting eagerly injected into a currently created BeanPostProcessor [lbRestClientPostProcessor]? Check the corresponding BeanPostProcessor declaration and its dependencies.
16:38:42.458 [main] WARN  o.s.c.s.PostProcessorRegistrationDelegate$BeanPostProcessorChecker - Bean 'xForwarderHeadersTransformer' of type [org.springframework.cloud.loadbalancer.blocking.XForwardedHeadersTransformer] is not eligible for getting processed by all BeanPostProcessors (for example: not eligible for auto-proxying). Is this bean getting eagerly injected into a currently created BeanPostProcessor [lbRestClientPostProcessor]? Check the corresponding BeanPostProcessor declaration and its dependencies.
16:38:42.458 [main] WARN  o.s.c.s.PostProcessorRegistrationDelegate$BeanPostProcessorChecker - Bean 'org.springframework.cloud.client.loadbalancer.LoadBalancerAutoConfiguration' of type [org.springframework.cloud.client.loadbalancer.LoadBalancerAutoConfiguration] is not eligible for getting processed by all BeanPostProcessors (for example: not eligible for auto-proxying). Is this bean getting eagerly injected into a currently created BeanPostProcessor [lbRestClientPostProcessor]? Check the corresponding BeanPostProcessor declaration and its dependencies.
16:38:42.459 [main] WARN  o.s.c.s.PostProcessorRegistrationDelegate$BeanPostProcessorChecker - Bean 'loadBalancerRequestFactory' of type [org.springframework.cloud.client.loadbalancer.LoadBalancerRequestFactory] is not eligible for getting processed by all BeanPostProcessors (for example: not eligible for auto-proxying). Is this bean getting eagerly injected into a currently created BeanPostProcessor [lbRestClientPostProcessor]? Check the corresponding BeanPostProcessor declaration and its dependencies.
16:38:42.460 [main] WARN  o.s.c.s.PostProcessorRegistrationDelegate$BeanPostProcessorChecker - Bean 'loadBalancerInterceptor' of type [org.springframework.cloud.client.loadbalancer.LoadBalancerInterceptor] is not eligible for getting processed by all BeanPostProcessors (for example: not eligible for auto-proxying). Is this bean getting eagerly injected into a currently created BeanPostProcessor [lbRestClientPostProcessor]? Check the corresponding BeanPostProcessor declaration and its dependencies.
16:38:42.502 [main] INFO  o.h.jpa.internal.util.LogHelper - HHH000204: Processing PersistenceUnitInfo [name: default]
16:38:42.504 [main] INFO  o.h.c.i.RegionFactoryInitiator - HHH000026: Second-level cache disabled
16:38:42.505 [main] INFO  o.s.o.j.p.SpringPersistenceUnitInfo - No LoadTimeWeaver setup: ignoring JPA class transformer
16:38:42.506 [main] INFO  com.zaxxer.hikari.HikariDataSource - HikariPool-1 - Starting...
16:38:42.514 [main] INFO  com.zaxxer.hikari.pool.HikariPool - HikariPool-1 - Added connection conn16: url=jdbc:h2:mem:testdb user=SA
16:38:42.515 [main] INFO  com.zaxxer.hikari.HikariDataSource - HikariPool-1 - Start completed.
16:38:42.518 [main] WARN  org.hibernate.orm.deprecation - HHH90000025: H2Dialect does not need to be specified explicitly using 'hibernate.dialect' (remove the property setting and it will be selected by default)
16:38:42.568 [main] INFO  o.h.e.t.j.p.i.JtaPlatformInitiator - HHH000489: No JTA platform available (set 'hibernate.transaction.jta.platform' to enable JTA platform integration)
16:38:42.569 [main] DEBUG org.hibernate.SQL - 
    drop table if exists order_items cascade 
Hibernate: 
    drop table if exists order_items cascade 
16:38:42.569 [main] DEBUG org.hibernate.SQL - 
    drop table if exists order_status_history cascade 
Hibernate: 
    drop table if exists order_status_history cascade 
16:38:42.570 [main] DEBUG org.hibernate.SQL - 
    drop table if exists orders cascade 
Hibernate: 
    drop table if exists orders cascade 
16:38:42.570 [main] DEBUG org.hibernate.SQL - 
    create table order_items (
        quantity integer not null,
        total_price numeric(8,2) not null,
        unit_price numeric(8,2) not null,
        id bigint generated by default as identity,
        menu_item_id bigint not null,
        order_id bigint not null,
        menu_item_name varchar(255) not null,
        special_requests TEXT,
        primary key (id)
    )
Hibernate: 
    create table order_items (
        quantity integer not null,
        total_price numeric(8,2) not null,
        unit_price numeric(8,2) not null,
        id bigint generated by default as identity,
        menu_item_id bigint not null,
        order_id bigint not null,
        menu_item_name varchar(255) not null,
        special_requests TEXT,
        primary key (id)
    )
16:38:42.571 [main] DEBUG org.hibernate.SQL - 
    create table order_status_history (
        changed_at timestamp(6) not null,
        changed_by bigint not null,
        id bigint generated by default as identity,
        order_id bigint not null,
        new_status varchar(20) not null check (new_status in ('PENDING','CONFIRMED','PREPARING','READY_FOR_PICKUP','PICKED_UP','DELIVERED','CANCELLED','REFUNDED')),
        previous_status varchar(20) check (previous_status in ('PENDING','CONFIRMED','PREPARING','READY_FOR_PICKUP','PICKED_UP','DELIVERED','CANCELLED','REFUNDED')),
        notes TEXT,
        primary key (id)
    )
Hibernate: 
    create table order_status_history (
        changed_at timestamp(6) not null,
        changed_by bigint not null,
        id bigint generated by default as identity,
        order_id bigint not null,
        new_status varchar(20) not null check (new_status in ('PENDING','CONFIRMED','PREPARING','READY_FOR_PICKUP','PICKED_UP','DELIVERED','CANCELLED','REFUNDED')),
        previous_status varchar(20) check (previous_status in ('PENDING','CONFIRMED','PREPARING','READY_FOR_PICKUP','PICKED_UP','DELIVERED','CANCELLED','REFUNDED')),
        notes TEXT,
        primary key (id)
    )
16:38:42.571 [main] DEBUG org.hibernate.SQL - 
    create table orders (
        delivery_fee numeric(8,2) not null,
        delivery_latitude float(53),
        delivery_longitude float(53),
        total_amount numeric(10,2) not null,
        created_at timestamp(6) not null,
        customer_id bigint not null,
        estimated_delivery_time timestamp(6),
        id bigint generated by default as identity,
        restaurant_id bigint not null,
        rider_id bigint,
        updated_at timestamp(6),
        order_number varchar(20) not null unique,
        status varchar(20) not null check (status in ('PENDING','CONFIRMED','PREPARING','READY_FOR_PICKUP','PICKED_UP','DELIVERED','CANCELLED','REFUNDED')),
        cancellation_reason TEXT,
        delivery_address TEXT not null,
        special_instructions TEXT,
        primary key (id)
    )
Hibernate: 
    create table orders (
        delivery_fee numeric(8,2) not null,
        delivery_latitude float(53),
        delivery_longitude float(53),
        total_amount numeric(10,2) not null,
        created_at timestamp(6) not null,
        customer_id bigint not null,
        estimated_delivery_time timestamp(6),
        id bigint generated by default as identity,
        restaurant_id bigint not null,
        rider_id bigint,
        updated_at timestamp(6),
        order_number varchar(20) not null unique,
        status varchar(20) not null check (status in ('PENDING','CONFIRMED','PREPARING','READY_FOR_PICKUP','PICKED_UP','DELIVERED','CANCELLED','REFUNDED')),
        cancellation_reason TEXT,
        delivery_address TEXT not null,
        special_instructions TEXT,
        primary key (id)
    )
16:38:42.572 [main] DEBUG org.hibernate.SQL - 
    create index idx_order_items_order_id 
       on order_items (order_id)
Hibernate: 
    create index idx_order_items_order_id 
       on order_items (order_id)
16:38:42.572 [main] DEBUG org.hibernate.SQL - 
    create index idx_order_items_menu_item_id 
       on order_items (menu_item_id)
Hibernate: 
    create index idx_order_items_menu_item_id 
       on order_items (menu_item_id)
16:38:42.573 [main] DEBUG org.hibernate.SQL - 
    create index idx_status_history_order_id 
       on order_status_history (order_id)
Hibernate: 
    create index idx_status_history_order_id 
       on order_status_history (order_id)
16:38:42.573 [main] DEBUG org.hibernate.SQL - 
    create index idx_status_history_changed_at 
       on order_status_history (changed_at)
Hibernate: 
    create index idx_status_history_changed_at 
       on order_status_history (changed_at)
16:38:42.573 [main] DEBUG org.hibernate.SQL - 
    create index idx_orders_customer_id 
       on orders (customer_id)
Hibernate: 
    create index idx_orders_customer_id 
       on orders (customer_id)
16:38:42.574 [main] DEBUG org.hibernate.SQL - 
    create index idx_orders_restaurant_id 
       on orders (restaurant_id)
Hibernate: 
    create index idx_orders_restaurant_id 
       on orders (restaurant_id)
16:38:42.574 [main] DEBUG org.hibernate.SQL - 
    create index idx_orders_status 
       on orders (status)
Hibernate: 
    create index idx_orders_status 
       on orders (status)
16:38:42.574 [main] DEBUG org.hibernate.SQL - 
    create index idx_orders_created_at 
       on orders (created_at)
Hibernate: 
    create index idx_orders_created_at 
       on orders (created_at)
16:38:42.574 [main] DEBUG org.hibernate.SQL - 
    alter table if exists order_items 
       add constraint FKbioxgbv59vetrxe0ejfubep1w 
       foreign key (order_id) 
       references orders
Hibernate: 
    alter table if exists order_items 
       add constraint FKbioxgbv59vetrxe0ejfubep1w 
       foreign key (order_id) 
       references orders
16:38:42.575 [main] DEBUG org.hibernate.SQL - 
    alter table if exists order_status_history 
       add constraint FKnmcbg3mmbt8wfva97ra40nmp3 
       foreign key (order_id) 
       references orders
Hibernate: 
    alter table if exists order_status_history 
       add constraint FKnmcbg3mmbt8wfva97ra40nmp3 
       foreign key (order_id) 
       references orders
16:38:42.576 [main] INFO  o.s.o.j.LocalContainerEntityManagerFactoryBean - Initialized JPA EntityManagerFactory for persistence unit 'default'
16:38:43.472 [main] INFO  o.s.b.a.h.H2ConsoleAutoConfiguration - H2 console available at '/h2-console'. Database available at 'jdbc:h2:mem:testdb'
16:38:43.516 [main] INFO  o.s.c.n.e.c.DiscoveryClientOptionalArgsConfiguration - Eureka HTTP Client uses RestTemplate.
16:38:43.532 [main] WARN  o.s.c.l.c.LoadBalancerCacheAutoConfiguration$LoadBalancerCaffeineWarnLogger - Spring Cloud LoadBalancer is currently working with the default cache. While this cache implementation is useful for development and tests, it's recommended to use Caffeine cache in production.You can switch to using Caffeine cache, by adding it and org.springframework.cache.caffeine.CaffeineCacheManager to the classpath.
16:38:43.555 [main] INFO  o.s.b.a.e.web.EndpointLinksResolver - Exposing 3 endpoint(s) beneath base path '/actuator'
16:38:43.600 [main] INFO  c.i.o.i.OrderServiceIntegrationTest - Started OrderServiceIntegrationTest in 1.799 seconds (process running for 5.351)
16:38:43.660 [main] DEBUG org.hibernate.SQL - 
    /* <criteria> */ select
        o1_0.id,
        o1_0.cancellation_reason,
        o1_0.created_at,
        o1_0.customer_id,
        o1_0.delivery_address,
        o1_0.delivery_fee,
        o1_0.delivery_latitude,
        o1_0.delivery_longitude,
        o1_0.estimated_delivery_time,
        o1_0.order_number,
        o1_0.restaurant_id,
        o1_0.rider_id,
        o1_0.special_instructions,
        o1_0.status,
        o1_0.total_amount,
        o1_0.updated_at 
    from
        orders o1_0
Hibernate: 
    /* <criteria> */ select
        o1_0.id,
        o1_0.cancellation_reason,
        o1_0.created_at,
        o1_0.customer_id,
        o1_0.delivery_address,
        o1_0.delivery_fee,
        o1_0.delivery_latitude,
        o1_0.delivery_longitude,
        o1_0.estimated_delivery_time,
        o1_0.order_number,
        o1_0.restaurant_id,
        o1_0.rider_id,
        o1_0.special_instructions,
        o1_0.status,
        o1_0.total_amount,
        o1_0.updated_at 
    from
        orders o1_0
16:38:43.666 [main] INFO  c.itcs383.order.service.OrderService - Creating order for customer 1 at restaurant 1
16:38:43.670 [main] DEBUG org.hibernate.SQL - 
    /* insert for
        com.itcs383.order.entity.Order */insert 
    into
        orders (cancellation_reason, created_at, customer_id, delivery_address, delivery_fee, delivery_latitude, delivery_longitude, estimated_delivery_time, order_number, restaurant_id, rider_id, special_instructions, status, total_amount, updated_at, id) 
    values
        (?, ?, ?, ?, ?, ?, ?, ?, ?, ?, ?, ?, ?, ?, ?, default)
Hibernate: 
    /* insert for
        com.itcs383.order.entity.Order */insert 
    into
        orders (cancellation_reason, created_at, customer_id, delivery_address, delivery_fee, delivery_latitude, delivery_longitude, estimated_delivery_time, order_number, restaurant_id, rider_id, special_instructions, status, total_amount, updated_at, id) 
    values
        (?, ?, ?, ?, ?, ?, ?, ?, ?, ?, ?, ?, ?, ?, ?, default)
16:38:43.671 [main] DEBUG org.hibernate.SQL - 
    /* insert for
        com.itcs383.order.entity.OrderItem */insert 
    into
        order_items (menu_item_id, menu_item_name, order_id, quantity, special_requests, total_price, unit_price, id) 
    values
        (?, ?, ?, ?, ?, ?, ?, default)
Hibernate: 
    /* insert for
        com.itcs383.order.entity.OrderItem */insert 
    into
        order_items (menu_item_id, menu_item_name, order_id, quantity, special_requests, total_price, unit_price, id) 
    values
        (?, ?, ?, ?, ?, ?, ?, default)
16:38:43.671 [main] INFO  c.itcs383.order.service.OrderService - Order created successfully: MR35523666327A2874
16:38:43.674 [main] INFO  c.itcs383.order.service.OrderService - Cancelling order 1 by user 999
16:38:43.677 [main] DEBUG org.hibernate.SQL - 
    /* insert for
        com.itcs383.order.entity.OrderStatusHistory */insert 
    into
        order_status_history (changed_at, changed_by, new_status, notes, order_id, previous_status, id) 
    values
        (?, ?, ?, ?, ?, ?, default)
Hibernate: 
    /* insert for
        com.itcs383.order.entity.OrderStatusHistory */insert 
    into
        order_status_history (changed_at, changed_by, new_status, notes, order_id, previous_status, id) 
    values
        (?, ?, ?, ?, ?, ?, default)
16:38:43.679 [main] INFO  c.itcs383.order.service.OrderService - Order 1 cancelled successfully
16:38:43.703 [main] INFO  o.s.o.j.LocalContainerEntityManagerFactoryBean - Closing JPA EntityManagerFactory for persistence unit 'default'
16:38:43.703 [main] DEBUG org.hibernate.SQL - 
    drop table if exists order_items cascade 
Hibernate: 
    drop table if exists order_items cascade 
16:38:43.704 [main] DEBUG org.hibernate.SQL - 
    drop table if exists order_status_history cascade 
Hibernate: 
    drop table if exists order_status_history cascade 
16:38:43.705 [main] DEBUG org.hibernate.SQL - 
    drop table if exists orders cascade 
Hibernate: 
    drop table if exists orders cascade 
16:38:43.707 [main] INFO  com.zaxxer.hikari.HikariDataSource - HikariPool-1 - Shutdown initiated...
16:38:43.708 [main] INFO  com.zaxxer.hikari.HikariDataSource - HikariPool-1 - Shutdown completed.
]]></system-out>
  </testcase>
  <testcase name="orderValidation_WithInvalidData_ShouldFail" classname="com.itcs383.order.integration.OrderServiceIntegrationTest" time="0.014">
    <system-out><![CDATA[
  .   ____          _            __ _ _
 /\\ / ___'_ __ _ _(_)_ __  __ _ \ \ \ \
( ( )\___ | '_ | '_| | '_ \/ _` | \ \ \ \
 \\/  ___)| |_)| | | | | || (_| |  ) ) ) )
  '  |____| .__|_| |_|_| |_\__, | / / / /
 =========|_|==============|___/=/_/_/_/
 :: Spring Boot ::                (v3.2.2)

16:38:43.735 [main] INFO  c.i.o.i.OrderServiceIntegrationTest - Starting OrderServiceIntegrationTest using Java 21.0.8 with PID 80943 (started by pks_aito in /Users/pks_aito/Documents/GitHub/2025-ITCS383-MharRuengSang/Implementations/Backend/mhar-order-service)
16:38:43.735 [main] DEBUG c.i.o.i.OrderServiceIntegrationTest - Running with Spring Boot v3.2.2, Spring v6.1.3
16:38:43.735 [main] INFO  c.i.o.i.OrderServiceIntegrationTest - The following 1 profile is active: "test"
16:38:43.877 [main] INFO  o.s.d.r.c.RepositoryConfigurationDelegate - Multiple Spring Data modules found, entering strict repository configuration mode
16:38:43.878 [main] INFO  o.s.d.r.c.RepositoryConfigurationDelegate - Bootstrapping Spring Data JPA repositories in DEFAULT mode.
16:38:43.882 [main] INFO  o.s.d.r.c.RepositoryConfigurationDelegate - Finished Spring Data repository scanning in 4 ms. Found 1 JPA repository interface.
16:38:43.883 [main] INFO  o.s.d.r.c.RepositoryConfigurationDelegate - Multiple Spring Data modules found, entering strict repository configuration mode
16:38:43.884 [main] INFO  o.s.d.r.c.RepositoryConfigurationDelegate - Bootstrapping Spring Data Redis repositories in DEFAULT mode.
16:38:43.886 [main] INFO  o.s.d.r.c.RepositoryConfigurationExtensionSupport - Spring Data Redis - Could not safely identify store assignment for repository candidate interface com.itcs383.order.repository.OrderRepository; If you want this repository to be a Redis repository, consider annotating your entities with one of these annotations: org.springframework.data.redis.core.RedisHash (preferred), or consider extending one of the following types with your repository: org.springframework.data.keyvalue.repository.KeyValueRepository
16:38:43.886 [main] INFO  o.s.d.r.c.RepositoryConfigurationDelegate - Finished Spring Data repository scanning in 1 ms. Found 0 Redis repository interfaces.
16:38:43.911 [main] INFO  o.s.cloud.context.scope.GenericScope - BeanFactory id=899a2959-b56c-357c-99a4-b69fc6c43c78
16:38:43.932 [main] WARN  o.s.c.s.PostProcessorRegistrationDelegate$BeanPostProcessorChecker - Bean 'org.springframework.cloud.client.loadbalancer.LoadBalancerAutoConfiguration$LoadBalancerInterceptorConfig' of type [org.springframework.cloud.client.loadbalancer.LoadBalancerAutoConfiguration$LoadBalancerInterceptorConfig] is not eligible for getting processed by all BeanPostProcessors (for example: not eligible for auto-proxying). The currently created BeanPostProcessor [lbRestClientPostProcessor] is declared through a non-static factory method on that class; consider declaring it as static instead.
16:38:43.933 [main] WARN  o.s.c.s.PostProcessorRegistrationDelegate$BeanPostProcessorChecker - Bean 'org.springframework.cloud.loadbalancer.config.BlockingLoadBalancerClientAutoConfiguration' of type [org.springframework.cloud.loadbalancer.config.BlockingLoadBalancerClientAutoConfiguration] is not eligible for getting processed by all BeanPostProcessors (for example: not eligible for auto-proxying). Is this bean getting eagerly injected into a currently created BeanPostProcessor [lbRestClientPostProcessor]? Check the corresponding BeanPostProcessor declaration and its dependencies.
16:38:43.933 [main] WARN  o.s.c.s.PostProcessorRegistrationDelegate$BeanPostProcessorChecker - Bean 'org.springframework.cloud.loadbalancer.config.LoadBalancerAutoConfiguration' of type [org.springframework.cloud.loadbalancer.config.LoadBalancerAutoConfiguration] is not eligible for getting processed by all BeanPostProcessors (for example: not eligible for auto-proxying). Is this bean getting eagerly injected into a currently created BeanPostProcessor [lbRestClientPostProcessor]? Check the corresponding BeanPostProcessor declaration and its dependencies.
16:38:43.935 [main] WARN  o.s.c.s.PostProcessorRegistrationDelegate$BeanPostProcessorChecker - Bean 'org.springframework.cloud.commons.config.CommonsConfigAutoConfiguration' of type [org.springframework.cloud.commons.config.CommonsConfigAutoConfiguration] is not eligible for getting processed by all BeanPostProcessors (for example: not eligible for auto-proxying). Is this bean getting eagerly injected into a currently created BeanPostProcessor [lbRestClientPostProcessor]? Check the corresponding BeanPostProcessor declaration and its dependencies.
16:38:43.935 [main] WARN  o.s.c.s.PostProcessorRegistrationDelegate$BeanPostProcessorChecker - Bean 'org.springframework.cloud.client.loadbalancer.LoadBalancerDefaultMappingsProviderAutoConfiguration' of type [org.springframework.cloud.client.loadbalancer.LoadBalancerDefaultMappingsProviderAutoConfiguration] is not eligible for getting processed by all BeanPostProcessors (for example: not eligible for auto-proxying). Is this bean getting eagerly injected into a currently created BeanPostProcessor [lbRestClientPostProcessor]? Check the corresponding BeanPostProcessor declaration and its dependencies.
16:38:43.935 [main] WARN  o.s.c.s.PostProcessorRegistrationDelegate$BeanPostProcessorChecker - Bean 'loadBalancerClientsDefaultsMappingsProvider' of type [org.springframework.cloud.client.loadbalancer.LoadBalancerDefaultMappingsProviderAutoConfiguration$$Lambda/0x0000007001bc6560] is not eligible for getting processed by all BeanPostProcessors (for example: not eligible for auto-proxying). Is this bean getting eagerly injected into a currently created BeanPostProcessor [lbRestClientPostProcessor]? Check the corresponding BeanPostProcessor declaration and its dependencies.
16:38:43.936 [main] WARN  o.s.c.s.PostProcessorRegistrationDelegate$BeanPostProcessorChecker - Bean 'defaultsBindHandlerAdvisor' of type [org.springframework.cloud.commons.config.DefaultsBindHandlerAdvisor] is not eligible for getting processed by all BeanPostProcessors (for example: not eligible for auto-proxying). Is this bean getting eagerly injected into a currently created BeanPostProcessor [lbRestClientPostProcessor]? Check the corresponding BeanPostProcessor declaration and its dependencies.
16:38:43.938 [main] WARN  o.s.c.s.PostProcessorRegistrationDelegate$BeanPostProcessorChecker - Bean 'spring.cloud.loadbalancer-org.springframework.cloud.client.loadbalancer.LoadBalancerClientsProperties' of type [org.springframework.cloud.client.loadbalancer.LoadBalancerClientsProperties] is not eligible for getting processed by all BeanPostProcessors (for example: not eligible for auto-proxying). Is this bean getting eagerly injected into a currently created BeanPostProcessor [lbRestClientPostProcessor]? Check the corresponding BeanPostProcessor declaration and its dependencies.
16:38:43.946 [main] WARN  o.s.c.s.PostProcessorRegistrationDelegate$BeanPostProcessorChecker - Bean 'default.org.springframework.cloud.loadbalancer.config.LoadBalancerAutoConfiguration.LoadBalancerClientSpecification' of type [org.springframework.cloud.loadbalancer.annotation.LoadBalancerClientSpecification] is not eligible for getting processed by all BeanPostProcessors (for example: not eligible for auto-proxying). Is this bean getting eagerly injected into a currently created BeanPostProcessor [lbRestClientPostProcessor]? Check the corresponding BeanPostProcessor declaration and its dependencies.
16:38:43.947 [main] WARN  o.s.c.s.PostProcessorRegistrationDelegate$BeanPostProcessorChecker - Bean 'default.org.springframework.cloud.loadbalancer.config.BlockingLoadBalancerClientAutoConfiguration.LoadBalancerClientSpecification' of type [org.springframework.cloud.loadbalancer.annotation.LoadBalancerClientSpecification] is not eligible for getting processed by all BeanPostProcessors (for example: not eligible for auto-proxying). Is this bean getting eagerly injected into a currently created BeanPostProcessor [lbRestClientPostProcessor]? Check the corresponding BeanPostProcessor declaration and its dependencies.
16:38:43.948 [main] WARN  o.s.c.s.PostProcessorRegistrationDelegate$BeanPostProcessorChecker - Bean 'loadBalancerClientFactory' of type [org.springframework.cloud.loadbalancer.support.LoadBalancerClientFactory] is not eligible for getting processed by all BeanPostProcessors (for example: not eligible for auto-proxying). Is this bean getting eagerly injected into a currently created BeanPostProcessor [lbRestClientPostProcessor]? Check the corresponding BeanPostProcessor declaration and its dependencies.
16:38:43.949 [main] WARN  o.s.c.s.PostProcessorRegistrationDelegate$BeanPostProcessorChecker - Bean 'blockingLoadBalancerClient' of type [org.springframework.cloud.loadbalancer.blocking.client.BlockingLoadBalancerClient] is not eligible for getting processed by all BeanPostProcessors (for example: not eligible for auto-proxying). Is this bean getting eagerly injected into a currently created BeanPostProcessor [lbRestClientPostProcessor]? Check the corresponding BeanPostProcessor declaration and its dependencies.
16:38:43.952 [main] WARN  o.s.c.s.PostProcessorRegistrationDelegate$BeanPostProcessorChecker - Bean 'loadBalancerServiceInstanceCookieTransformer' of type [org.springframework.cloud.loadbalancer.core.LoadBalancerServiceInstanceCookieTransformer] is not eligible for getting processed by all BeanPostProcessors (for example: not eligible for auto-proxying). Is this bean getting eagerly injected into a currently created BeanPostProcessor [lbRestClientPostProcessor]? Check the corresponding BeanPostProcessor declaration and its dependencies.
16:38:43.953 [main] WARN  o.s.c.s.PostProcessorRegistrationDelegate$BeanPostProcessorChecker - Bean 'xForwarderHeadersTransformer' of type [org.springframework.cloud.loadbalancer.blocking.XForwardedHeadersTransformer] is not eligible for getting processed by all BeanPostProcessors (for example: not eligible for auto-proxying). Is this bean getting eagerly injected into a currently created BeanPostProcessor [lbRestClientPostProcessor]? Check the corresponding BeanPostProcessor declaration and its dependencies.
16:38:43.953 [main] WARN  o.s.c.s.PostProcessorRegistrationDelegate$BeanPostProcessorChecker - Bean 'org.springframework.cloud.client.loadbalancer.LoadBalancerAutoConfiguration' of type [org.springframework.cloud.client.loadbalancer.LoadBalancerAutoConfiguration] is not eligible for getting processed by all BeanPostProcessors (for example: not eligible for auto-proxying). Is this bean getting eagerly injected into a currently created BeanPostProcessor [lbRestClientPostProcessor]? Check the corresponding BeanPostProcessor declaration and its dependencies.
16:38:43.954 [main] WARN  o.s.c.s.PostProcessorRegistrationDelegate$BeanPostProcessorChecker - Bean 'loadBalancerRequestFactory' of type [org.springframework.cloud.client.loadbalancer.LoadBalancerRequestFactory] is not eligible for getting processed by all BeanPostProcessors (for example: not eligible for auto-proxying). Is this bean getting eagerly injected into a currently created BeanPostProcessor [lbRestClientPostProcessor]? Check the corresponding BeanPostProcessor declaration and its dependencies.
16:38:43.954 [main] WARN  o.s.c.s.PostProcessorRegistrationDelegate$BeanPostProcessorChecker - Bean 'loadBalancerInterceptor' of type [org.springframework.cloud.client.loadbalancer.LoadBalancerInterceptor] is not eligible for getting processed by all BeanPostProcessors (for example: not eligible for auto-proxying). Is this bean getting eagerly injected into a currently created BeanPostProcessor [lbRestClientPostProcessor]? Check the corresponding BeanPostProcessor declaration and its dependencies.
16:38:43.991 [main] INFO  o.h.jpa.internal.util.LogHelper - HHH000204: Processing PersistenceUnitInfo [name: default]
16:38:43.994 [main] INFO  o.h.c.i.RegionFactoryInitiator - HHH000026: Second-level cache disabled
16:38:43.996 [main] INFO  o.s.o.j.p.SpringPersistenceUnitInfo - No LoadTimeWeaver setup: ignoring JPA class transformer
16:38:43.996 [main] INFO  com.zaxxer.hikari.HikariDataSource - HikariPool-2 - Starting...
16:38:43.998 [main] INFO  com.zaxxer.hikari.pool.HikariPool - HikariPool-2 - Added connection conn26: url=jdbc:h2:mem:testdb user=SA
16:38:43.998 [main] INFO  com.zaxxer.hikari.HikariDataSource - HikariPool-2 - Start completed.
16:38:43.998 [main] WARN  org.hibernate.orm.deprecation - HHH90000025: H2Dialect does not need to be specified explicitly using 'hibernate.dialect' (remove the property setting and it will be selected by default)
16:38:44.046 [main] INFO  o.h.e.t.j.p.i.JtaPlatformInitiator - HHH000489: No JTA platform available (set 'hibernate.transaction.jta.platform' to enable JTA platform integration)
16:38:44.046 [main] DEBUG org.hibernate.SQL - 
    drop table if exists order_items cascade 
Hibernate: 
    drop table if exists order_items cascade 
16:38:44.046 [main] DEBUG org.hibernate.SQL - 
    drop table if exists order_status_history cascade 
Hibernate: 
    drop table if exists order_status_history cascade 
16:38:44.046 [main] DEBUG org.hibernate.SQL - 
    drop table if exists orders cascade 
Hibernate: 
    drop table if exists orders cascade 
16:38:44.047 [main] DEBUG org.hibernate.SQL - 
    create table order_items (
        quantity integer not null,
        total_price numeric(8,2) not null,
        unit_price numeric(8,2) not null,
        id bigint generated by default as identity,
        menu_item_id bigint not null,
        order_id bigint not null,
        menu_item_name varchar(255) not null,
        special_requests TEXT,
        primary key (id)
    )
Hibernate: 
    create table order_items (
        quantity integer not null,
        total_price numeric(8,2) not null,
        unit_price numeric(8,2) not null,
        id bigint generated by default as identity,
        menu_item_id bigint not null,
        order_id bigint not null,
        menu_item_name varchar(255) not null,
        special_requests TEXT,
        primary key (id)
    )
16:38:44.047 [main] DEBUG org.hibernate.SQL - 
    create table order_status_history (
        changed_at timestamp(6) not null,
        changed_by bigint not null,
        id bigint generated by default as identity,
        order_id bigint not null,
        new_status varchar(20) not null check (new_status in ('PENDING','CONFIRMED','PREPARING','READY_FOR_PICKUP','PICKED_UP','DELIVERED','CANCELLED','REFUNDED')),
        previous_status varchar(20) check (previous_status in ('PENDING','CONFIRMED','PREPARING','READY_FOR_PICKUP','PICKED_UP','DELIVERED','CANCELLED','REFUNDED')),
        notes TEXT,
        primary key (id)
    )
Hibernate: 
    create table order_status_history (
        changed_at timestamp(6) not null,
        changed_by bigint not null,
        id bigint generated by default as identity,
        order_id bigint not null,
        new_status varchar(20) not null check (new_status in ('PENDING','CONFIRMED','PREPARING','READY_FOR_PICKUP','PICKED_UP','DELIVERED','CANCELLED','REFUNDED')),
        previous_status varchar(20) check (previous_status in ('PENDING','CONFIRMED','PREPARING','READY_FOR_PICKUP','PICKED_UP','DELIVERED','CANCELLED','REFUNDED')),
        notes TEXT,
        primary key (id)
    )
16:38:44.048 [main] DEBUG org.hibernate.SQL - 
    create table orders (
        delivery_fee numeric(8,2) not null,
        delivery_latitude float(53),
        delivery_longitude float(53),
        total_amount numeric(10,2) not null,
        created_at timestamp(6) not null,
        customer_id bigint not null,
        estimated_delivery_time timestamp(6),
        id bigint generated by default as identity,
        restaurant_id bigint not null,
        rider_id bigint,
        updated_at timestamp(6),
        order_number varchar(20) not null unique,
        status varchar(20) not null check (status in ('PENDING','CONFIRMED','PREPARING','READY_FOR_PICKUP','PICKED_UP','DELIVERED','CANCELLED','REFUNDED')),
        cancellation_reason TEXT,
        delivery_address TEXT not null,
        special_instructions TEXT,
        primary key (id)
    )
Hibernate: 
    create table orders (
        delivery_fee numeric(8,2) not null,
        delivery_latitude float(53),
        delivery_longitude float(53),
        total_amount numeric(10,2) not null,
        created_at timestamp(6) not null,
        customer_id bigint not null,
        estimated_delivery_time timestamp(6),
        id bigint generated by default as identity,
        restaurant_id bigint not null,
        rider_id bigint,
        updated_at timestamp(6),
        order_number varchar(20) not null unique,
        status varchar(20) not null check (status in ('PENDING','CONFIRMED','PREPARING','READY_FOR_PICKUP','PICKED_UP','DELIVERED','CANCELLED','REFUNDED')),
        cancellation_reason TEXT,
        delivery_address TEXT not null,
        special_instructions TEXT,
        primary key (id)
    )
16:38:44.049 [main] DEBUG org.hibernate.SQL - 
    create index idx_order_items_order_id 
       on order_items (order_id)
Hibernate: 
    create index idx_order_items_order_id 
       on order_items (order_id)
16:38:44.050 [main] DEBUG org.hibernate.SQL - 
    create index idx_order_items_menu_item_id 
       on order_items (menu_item_id)
Hibernate: 
    create index idx_order_items_menu_item_id 
       on order_items (menu_item_id)
16:38:44.050 [main] DEBUG org.hibernate.SQL - 
    create index idx_status_history_order_id 
       on order_status_history (order_id)
Hibernate: 
    create index idx_status_history_order_id 
       on order_status_history (order_id)
16:38:44.050 [main] DEBUG org.hibernate.SQL - 
    create index idx_status_history_changed_at 
       on order_status_history (changed_at)
Hibernate: 
    create index idx_status_history_changed_at 
       on order_status_history (changed_at)
16:38:44.050 [main] DEBUG org.hibernate.SQL - 
    create index idx_orders_customer_id 
       on orders (customer_id)
Hibernate: 
    create index idx_orders_customer_id 
       on orders (customer_id)
16:38:44.051 [main] DEBUG org.hibernate.SQL - 
    create index idx_orders_restaurant_id 
       on orders (restaurant_id)
Hibernate: 
    create index idx_orders_restaurant_id 
       on orders (restaurant_id)
16:38:44.051 [main] DEBUG org.hibernate.SQL - 
    create index idx_orders_status 
       on orders (status)
Hibernate: 
    create index idx_orders_status 
       on orders (status)
16:38:44.051 [main] DEBUG org.hibernate.SQL - 
    create index idx_orders_created_at 
       on orders (created_at)
Hibernate: 
    create index idx_orders_created_at 
       on orders (created_at)
16:38:44.051 [main] DEBUG org.hibernate.SQL - 
    alter table if exists order_items 
       add constraint FKbioxgbv59vetrxe0ejfubep1w 
       foreign key (order_id) 
       references orders
Hibernate: 
    alter table if exists order_items 
       add constraint FKbioxgbv59vetrxe0ejfubep1w 
       foreign key (order_id) 
       references orders
16:38:44.052 [main] DEBUG org.hibernate.SQL - 
    alter table if exists order_status_history 
       add constraint FKnmcbg3mmbt8wfva97ra40nmp3 
       foreign key (order_id) 
       references orders
Hibernate: 
    alter table if exists order_status_history 
       add constraint FKnmcbg3mmbt8wfva97ra40nmp3 
       foreign key (order_id) 
       references orders
16:38:44.053 [main] INFO  o.s.o.j.LocalContainerEntityManagerFactoryBean - Initialized JPA EntityManagerFactory for persistence unit 'default'
16:38:44.391 [main] INFO  o.s.b.a.h.H2ConsoleAutoConfiguration - H2 console available at '/h2-console'. Database available at 'jdbc:h2:mem:testdb'
16:38:44.414 [main] INFO  o.s.c.n.e.c.DiscoveryClientOptionalArgsConfiguration - Eureka HTTP Client uses RestTemplate.
16:38:44.423 [main] WARN  o.s.c.l.c.LoadBalancerCacheAutoConfiguration$LoadBalancerCaffeineWarnLogger - Spring Cloud LoadBalancer is currently working with the default cache. While this cache implementation is useful for development and tests, it's recommended to use Caffeine cache in production.You can switch to using Caffeine cache, by adding it and org.springframework.cache.caffeine.CaffeineCacheManager to the classpath.
16:38:44.434 [main] INFO  o.s.b.a.e.web.EndpointLinksResolver - Exposing 3 endpoint(s) beneath base path '/actuator'
16:38:44.451 [main] INFO  c.i.o.i.OrderServiceIntegrationTest - Started OrderServiceIntegrationTest in 0.739 seconds (process running for 6.201)
16:38:44.454 [main] DEBUG org.hibernate.SQL - 
    /* <criteria> */ select
        o1_0.id,
        o1_0.cancellation_reason,
        o1_0.created_at,
        o1_0.customer_id,
        o1_0.delivery_address,
        o1_0.delivery_fee,
        o1_0.delivery_latitude,
        o1_0.delivery_longitude,
        o1_0.estimated_delivery_time,
        o1_0.order_number,
        o1_0.restaurant_id,
        o1_0.rider_id,
        o1_0.special_instructions,
        o1_0.status,
        o1_0.total_amount,
        o1_0.updated_at 
    from
        orders o1_0
Hibernate: 
    /* <criteria> */ select
        o1_0.id,
        o1_0.cancellation_reason,
        o1_0.created_at,
        o1_0.customer_id,
        o1_0.delivery_address,
        o1_0.delivery_fee,
        o1_0.delivery_latitude,
        o1_0.delivery_longitude,
        o1_0.estimated_delivery_time,
        o1_0.order_number,
        o1_0.restaurant_id,
        o1_0.rider_id,
        o1_0.special_instructions,
        o1_0.status,
        o1_0.total_amount,
        o1_0.updated_at 
    from
        orders o1_0
16:38:44.456 [main] INFO  c.itcs383.order.service.OrderService - Creating order for customer 1 at restaurant 1
16:38:44.456 [main] ERROR c.itcs383.order.service.OrderService - Invalid order request for customer 1: Order must contain at least one item
16:38:44.457 [main] INFO  c.itcs383.order.service.OrderService - Creating order for customer 1 at restaurant 1
16:38:44.457 [main] ERROR c.itcs383.order.service.OrderService - Invalid order request for customer 1: Order total exceeds maximum limit
16:38:44.458 [main] DEBUG org.hibernate.SQL - 
    /* select
        count(*) 
    from
        
    Order x */ select
        count(*) from
            orders o1_0
Hibernate: 
    /* select
        count(*) 
    from
        
    Order x */ select
        count(*) from
            orders o1_0
16:38:44.463 [main] INFO  o.s.o.j.LocalContainerEntityManagerFactoryBean - Closing JPA EntityManagerFactory for persistence unit 'default'
16:38:44.463 [main] DEBUG org.hibernate.SQL - 
    drop table if exists order_items cascade 
Hibernate: 
    drop table if exists order_items cascade 
16:38:44.464 [main] DEBUG org.hibernate.SQL - 
    drop table if exists order_status_history cascade 
Hibernate: 
    drop table if exists order_status_history cascade 
16:38:44.464 [main] DEBUG org.hibernate.SQL - 
    drop table if exists orders cascade 
Hibernate: 
    drop table if exists orders cascade 
16:38:44.465 [main] INFO  com.zaxxer.hikari.HikariDataSource - HikariPool-2 - Shutdown initiated...
16:38:44.465 [main] INFO  com.zaxxer.hikari.HikariDataSource - HikariPool-2 - Shutdown completed.
]]></system-out>
  </testcase>
  <testcase name="concurrentOrderCreation_ShouldGenerateUniqueOrderNumbers" classname="com.itcs383.order.integration.OrderServiceIntegrationTest" time="0.031">
    <system-out><![CDATA[
  .   ____          _            __ _ _
 /\\ / ___'_ __ _ _(_)_ __  __ _ \ \ \ \
( ( )\___ | '_ | '_| | '_ \/ _` | \ \ \ \
 \\/  ___)| |_)| | | | | || (_| |  ) ) ) )
  '  |____| .__|_| |_|_| |_\__, | / / / /
 =========|_|==============|___/=/_/_/_/
 :: Spring Boot ::                (v3.2.2)

16:38:44.487 [main] INFO  c.i.o.i.OrderServiceIntegrationTest - Starting OrderServiceIntegrationTest using Java 21.0.8 with PID 80943 (started by pks_aito in /Users/pks_aito/Documents/GitHub/2025-ITCS383-MharRuengSang/Implementations/Backend/mhar-order-service)
16:38:44.487 [main] DEBUG c.i.o.i.OrderServiceIntegrationTest - Running with Spring Boot v3.2.2, Spring v6.1.3
16:38:44.487 [main] INFO  c.i.o.i.OrderServiceIntegrationTest - The following 1 profile is active: "test"
16:38:44.624 [main] INFO  o.s.d.r.c.RepositoryConfigurationDelegate - Multiple Spring Data modules found, entering strict repository configuration mode
16:38:44.624 [main] INFO  o.s.d.r.c.RepositoryConfigurationDelegate - Bootstrapping Spring Data JPA repositories in DEFAULT mode.
16:38:44.630 [main] INFO  o.s.d.r.c.RepositoryConfigurationDelegate - Finished Spring Data repository scanning in 6 ms. Found 1 JPA repository interface.
16:38:44.632 [main] INFO  o.s.d.r.c.RepositoryConfigurationDelegate - Multiple Spring Data modules found, entering strict repository configuration mode
16:38:44.632 [main] INFO  o.s.d.r.c.RepositoryConfigurationDelegate - Bootstrapping Spring Data Redis repositories in DEFAULT mode.
16:38:44.634 [main] INFO  o.s.d.r.c.RepositoryConfigurationExtensionSupport - Spring Data Redis - Could not safely identify store assignment for repository candidate interface com.itcs383.order.repository.OrderRepository; If you want this repository to be a Redis repository, consider annotating your entities with one of these annotations: org.springframework.data.redis.core.RedisHash (preferred), or consider extending one of the following types with your repository: org.springframework.data.keyvalue.repository.KeyValueRepository
16:38:44.634 [main] INFO  o.s.d.r.c.RepositoryConfigurationDelegate - Finished Spring Data repository scanning in 1 ms. Found 0 Redis repository interfaces.
16:38:44.705 [main] INFO  o.s.cloud.context.scope.GenericScope - BeanFactory id=899a2959-b56c-357c-99a4-b69fc6c43c78
16:38:44.726 [main] WARN  o.s.c.s.PostProcessorRegistrationDelegate$BeanPostProcessorChecker - Bean 'org.springframework.cloud.client.loadbalancer.LoadBalancerAutoConfiguration$LoadBalancerInterceptorConfig' of type [org.springframework.cloud.client.loadbalancer.LoadBalancerAutoConfiguration$LoadBalancerInterceptorConfig] is not eligible for getting processed by all BeanPostProcessors (for example: not eligible for auto-proxying). The currently created BeanPostProcessor [lbRestClientPostProcessor] is declared through a non-static factory method on that class; consider declaring it as static instead.
16:38:44.727 [main] WARN  o.s.c.s.PostProcessorRegistrationDelegate$BeanPostProcessorChecker - Bean 'org.springframework.cloud.loadbalancer.config.BlockingLoadBalancerClientAutoConfiguration' of type [org.springframework.cloud.loadbalancer.config.BlockingLoadBalancerClientAutoConfiguration] is not eligible for getting processed by all BeanPostProcessors (for example: not eligible for auto-proxying). Is this bean getting eagerly injected into a currently created BeanPostProcessor [lbRestClientPostProcessor]? Check the corresponding BeanPostProcessor declaration and its dependencies.
16:38:44.728 [main] WARN  o.s.c.s.PostProcessorRegistrationDelegate$BeanPostProcessorChecker - Bean 'org.springframework.cloud.loadbalancer.config.LoadBalancerAutoConfiguration' of type [org.springframework.cloud.loadbalancer.config.LoadBalancerAutoConfiguration] is not eligible for getting processed by all BeanPostProcessors (for example: not eligible for auto-proxying). Is this bean getting eagerly injected into a currently created BeanPostProcessor [lbRestClientPostProcessor]? Check the corresponding BeanPostProcessor declaration and its dependencies.
16:38:44.729 [main] WARN  o.s.c.s.PostProcessorRegistrationDelegate$BeanPostProcessorChecker - Bean 'org.springframework.cloud.commons.config.CommonsConfigAutoConfiguration' of type [org.springframework.cloud.commons.config.CommonsConfigAutoConfiguration] is not eligible for getting processed by all BeanPostProcessors (for example: not eligible for auto-proxying). Is this bean getting eagerly injected into a currently created BeanPostProcessor [lbRestClientPostProcessor]? Check the corresponding BeanPostProcessor declaration and its dependencies.
16:38:44.729 [main] WARN  o.s.c.s.PostProcessorRegistrationDelegate$BeanPostProcessorChecker - Bean 'org.springframework.cloud.client.loadbalancer.LoadBalancerDefaultMappingsProviderAutoConfiguration' of type [org.springframework.cloud.client.loadbalancer.LoadBalancerDefaultMappingsProviderAutoConfiguration] is not eligible for getting processed by all BeanPostProcessors (for example: not eligible for auto-proxying). Is this bean getting eagerly injected into a currently created BeanPostProcessor [lbRestClientPostProcessor]? Check the corresponding BeanPostProcessor declaration and its dependencies.
16:38:44.730 [main] WARN  o.s.c.s.PostProcessorRegistrationDelegate$BeanPostProcessorChecker - Bean 'loadBalancerClientsDefaultsMappingsProvider' of type [org.springframework.cloud.client.loadbalancer.LoadBalancerDefaultMappingsProviderAutoConfiguration$$Lambda/0x0000007001bc6560] is not eligible for getting processed by all BeanPostProcessors (for example: not eligible for auto-proxying). Is this bean getting eagerly injected into a currently created BeanPostProcessor [lbRestClientPostProcessor]? Check the corresponding BeanPostProcessor declaration and its dependencies.
16:38:44.730 [main] WARN  o.s.c.s.PostProcessorRegistrationDelegate$BeanPostProcessorChecker - Bean 'defaultsBindHandlerAdvisor' of type [org.springframework.cloud.commons.config.DefaultsBindHandlerAdvisor] is not eligible for getting processed by all BeanPostProcessors (for example: not eligible for auto-proxying). Is this bean getting eagerly injected into a currently created BeanPostProcessor [lbRestClientPostProcessor]? Check the corresponding BeanPostProcessor declaration and its dependencies.
16:38:44.733 [main] WARN  o.s.c.s.PostProcessorRegistrationDelegate$BeanPostProcessorChecker - Bean 'spring.cloud.loadbalancer-org.springframework.cloud.client.loadbalancer.LoadBalancerClientsProperties' of type [org.springframework.cloud.client.loadbalancer.LoadBalancerClientsProperties] is not eligible for getting processed by all BeanPostProcessors (for example: not eligible for auto-proxying). Is this bean getting eagerly injected into a currently created BeanPostProcessor [lbRestClientPostProcessor]? Check the corresponding BeanPostProcessor declaration and its dependencies.
16:38:44.734 [main] WARN  o.s.c.s.PostProcessorRegistrationDelegate$BeanPostProcessorChecker - Bean 'default.org.springframework.cloud.loadbalancer.config.LoadBalancerAutoConfiguration.LoadBalancerClientSpecification' of type [org.springframework.cloud.loadbalancer.annotation.LoadBalancerClientSpecification] is not eligible for getting processed by all BeanPostProcessors (for example: not eligible for auto-proxying). Is this bean getting eagerly injected into a currently created BeanPostProcessor [lbRestClientPostProcessor]? Check the corresponding BeanPostProcessor declaration and its dependencies.
16:38:44.735 [main] WARN  o.s.c.s.PostProcessorRegistrationDelegate$BeanPostProcessorChecker - Bean 'default.org.springframework.cloud.loadbalancer.config.BlockingLoadBalancerClientAutoConfiguration.LoadBalancerClientSpecification' of type [org.springframework.cloud.loadbalancer.annotation.LoadBalancerClientSpecification] is not eligible for getting processed by all BeanPostProcessors (for example: not eligible for auto-proxying). Is this bean getting eagerly injected into a currently created BeanPostProcessor [lbRestClientPostProcessor]? Check the corresponding BeanPostProcessor declaration and its dependencies.
16:38:44.735 [main] WARN  o.s.c.s.PostProcessorRegistrationDelegate$BeanPostProcessorChecker - Bean 'loadBalancerClientFactory' of type [org.springframework.cloud.loadbalancer.support.LoadBalancerClientFactory] is not eligible for getting processed by all BeanPostProcessors (for example: not eligible for auto-proxying). Is this bean getting eagerly injected into a currently created BeanPostProcessor [lbRestClientPostProcessor]? Check the corresponding BeanPostProcessor declaration and its dependencies.
16:38:44.736 [main] WARN  o.s.c.s.PostProcessorRegistrationDelegate$BeanPostProcessorChecker - Bean 'blockingLoadBalancerClient' of type [org.springframework.cloud.loadbalancer.blocking.client.BlockingLoadBalancerClient] is not eligible for getting processed by all BeanPostProcessors (for example: not eligible for auto-proxying). Is this bean getting eagerly injected into a currently created BeanPostProcessor [lbRestClientPostProcessor]? Check the corresponding BeanPostProcessor declaration and its dependencies.
16:38:44.738 [main] WARN  o.s.c.s.PostProcessorRegistrationDelegate$BeanPostProcessorChecker - Bean 'loadBalancerServiceInstanceCookieTransformer' of type [org.springframework.cloud.loadbalancer.core.LoadBalancerServiceInstanceCookieTransformer] is not eligible for getting processed by all BeanPostProcessors (for example: not eligible for auto-proxying). Is this bean getting eagerly injected into a currently created BeanPostProcessor [lbRestClientPostProcessor]? Check the corresponding BeanPostProcessor declaration and its dependencies.
16:38:44.738 [main] WARN  o.s.c.s.PostProcessorRegistrationDelegate$BeanPostProcessorChecker - Bean 'xForwarderHeadersTransformer' of type [org.springframework.cloud.loadbalancer.blocking.XForwardedHeadersTransformer] is not eligible for getting processed by all BeanPostProcessors (for example: not eligible for auto-proxying). Is this bean getting eagerly injected into a currently created BeanPostProcessor [lbRestClientPostProcessor]? Check the corresponding BeanPostProcessor declaration and its dependencies.
16:38:44.738 [main] WARN  o.s.c.s.PostProcessorRegistrationDelegate$BeanPostProcessorChecker - Bean 'org.springframework.cloud.client.loadbalancer.LoadBalancerAutoConfiguration' of type [org.springframework.cloud.client.loadbalancer.LoadBalancerAutoConfiguration] is not eligible for getting processed by all BeanPostProcessors (for example: not eligible for auto-proxying). Is this bean getting eagerly injected into a currently created BeanPostProcessor [lbRestClientPostProcessor]? Check the corresponding BeanPostProcessor declaration and its dependencies.
16:38:44.739 [main] WARN  o.s.c.s.PostProcessorRegistrationDelegate$BeanPostProcessorChecker - Bean 'loadBalancerRequestFactory' of type [org.springframework.cloud.client.loadbalancer.LoadBalancerRequestFactory] is not eligible for getting processed by all BeanPostProcessors (for example: not eligible for auto-proxying). Is this bean getting eagerly injected into a currently created BeanPostProcessor [lbRestClientPostProcessor]? Check the corresponding BeanPostProcessor declaration and its dependencies.
16:38:44.739 [main] WARN  o.s.c.s.PostProcessorRegistrationDelegate$BeanPostProcessorChecker - Bean 'loadBalancerInterceptor' of type [org.springframework.cloud.client.loadbalancer.LoadBalancerInterceptor] is not eligible for getting processed by all BeanPostProcessors (for example: not eligible for auto-proxying). Is this bean getting eagerly injected into a currently created BeanPostProcessor [lbRestClientPostProcessor]? Check the corresponding BeanPostProcessor declaration and its dependencies.
16:38:44.764 [main] INFO  o.h.jpa.internal.util.LogHelper - HHH000204: Processing PersistenceUnitInfo [name: default]
16:38:44.766 [main] INFO  o.h.c.i.RegionFactoryInitiator - HHH000026: Second-level cache disabled
16:38:44.768 [main] INFO  o.s.o.j.p.SpringPersistenceUnitInfo - No LoadTimeWeaver setup: ignoring JPA class transformer
16:38:44.768 [main] INFO  com.zaxxer.hikari.HikariDataSource - HikariPool-3 - Starting...
16:38:44.769 [main] INFO  com.zaxxer.hikari.pool.HikariPool - HikariPool-3 - Added connection conn36: url=jdbc:h2:mem:testdb user=SA
16:38:44.769 [main] INFO  com.zaxxer.hikari.HikariDataSource - HikariPool-3 - Start completed.
16:38:44.770 [main] WARN  org.hibernate.orm.deprecation - HHH90000025: H2Dialect does not need to be specified explicitly using 'hibernate.dialect' (remove the property setting and it will be selected by default)
16:38:44.810 [main] INFO  o.h.e.t.j.p.i.JtaPlatformInitiator - HHH000489: No JTA platform available (set 'hibernate.transaction.jta.platform' to enable JTA platform integration)
16:38:44.811 [main] DEBUG org.hibernate.SQL - 
    drop table if exists order_items cascade 
Hibernate: 
    drop table if exists order_items cascade 
16:38:44.811 [main] DEBUG org.hibernate.SQL - 
    drop table if exists order_status_history cascade 
Hibernate: 
    drop table if exists order_status_history cascade 
16:38:44.811 [main] DEBUG org.hibernate.SQL - 
    drop table if exists orders cascade 
Hibernate: 
    drop table if exists orders cascade 
16:38:44.811 [main] DEBUG org.hibernate.SQL - 
    create table order_items (
        quantity integer not null,
        total_price numeric(8,2) not null,
        unit_price numeric(8,2) not null,
        id bigint generated by default as identity,
        menu_item_id bigint not null,
        order_id bigint not null,
        menu_item_name varchar(255) not null,
        special_requests TEXT,
        primary key (id)
    )
Hibernate: 
    create table order_items (
        quantity integer not null,
        total_price numeric(8,2) not null,
        unit_price numeric(8,2) not null,
        id bigint generated by default as identity,
        menu_item_id bigint not null,
        order_id bigint not null,
        menu_item_name varchar(255) not null,
        special_requests TEXT,
        primary key (id)
    )
16:38:44.812 [main] DEBUG org.hibernate.SQL - 
    create table order_status_history (
        changed_at timestamp(6) not null,
        changed_by bigint not null,
        id bigint generated by default as identity,
        order_id bigint not null,
        new_status varchar(20) not null check (new_status in ('PENDING','CONFIRMED','PREPARING','READY_FOR_PICKUP','PICKED_UP','DELIVERED','CANCELLED','REFUNDED')),
        previous_status varchar(20) check (previous_status in ('PENDING','CONFIRMED','PREPARING','READY_FOR_PICKUP','PICKED_UP','DELIVERED','CANCELLED','REFUNDED')),
        notes TEXT,
        primary key (id)
    )
Hibernate: 
    create table order_status_history (
        changed_at timestamp(6) not null,
        changed_by bigint not null,
        id bigint generated by default as identity,
        order_id bigint not null,
        new_status varchar(20) not null check (new_status in ('PENDING','CONFIRMED','PREPARING','READY_FOR_PICKUP','PICKED_UP','DELIVERED','CANCELLED','REFUNDED')),
        previous_status varchar(20) check (previous_status in ('PENDING','CONFIRMED','PREPARING','READY_FOR_PICKUP','PICKED_UP','DELIVERED','CANCELLED','REFUNDED')),
        notes TEXT,
        primary key (id)
    )
16:38:44.813 [main] DEBUG org.hibernate.SQL - 
    create table orders (
        delivery_fee numeric(8,2) not null,
        delivery_latitude float(53),
        delivery_longitude float(53),
        total_amount numeric(10,2) not null,
        created_at timestamp(6) not null,
        customer_id bigint not null,
        estimated_delivery_time timestamp(6),
        id bigint generated by default as identity,
        restaurant_id bigint not null,
        rider_id bigint,
        updated_at timestamp(6),
        order_number varchar(20) not null unique,
        status varchar(20) not null check (status in ('PENDING','CONFIRMED','PREPARING','READY_FOR_PICKUP','PICKED_UP','DELIVERED','CANCELLED','REFUNDED')),
        cancellation_reason TEXT,
        delivery_address TEXT not null,
        special_instructions TEXT,
        primary key (id)
    )
Hibernate: 
    create table orders (
        delivery_fee numeric(8,2) not null,
        delivery_latitude float(53),
        delivery_longitude float(53),
        total_amount numeric(10,2) not null,
        created_at timestamp(6) not null,
        customer_id bigint not null,
        estimated_delivery_time timestamp(6),
        id bigint generated by default as identity,
        restaurant_id bigint not null,
        rider_id bigint,
        updated_at timestamp(6),
        order_number varchar(20) not null unique,
        status varchar(20) not null check (status in ('PENDING','CONFIRMED','PREPARING','READY_FOR_PICKUP','PICKED_UP','DELIVERED','CANCELLED','REFUNDED')),
        cancellation_reason TEXT,
        delivery_address TEXT not null,
        special_instructions TEXT,
        primary key (id)
    )
16:38:44.814 [main] DEBUG org.hibernate.SQL - 
    create index idx_order_items_order_id 
       on order_items (order_id)
Hibernate: 
    create index idx_order_items_order_id 
       on order_items (order_id)
16:38:44.814 [main] DEBUG org.hibernate.SQL - 
    create index idx_order_items_menu_item_id 
       on order_items (menu_item_id)
Hibernate: 
    create index idx_order_items_menu_item_id 
       on order_items (menu_item_id)
16:38:44.814 [main] DEBUG org.hibernate.SQL - 
    create index idx_status_history_order_id 
       on order_status_history (order_id)
Hibernate: 
    create index idx_status_history_order_id 
       on order_status_history (order_id)
16:38:44.814 [main] DEBUG org.hibernate.SQL - 
    create index idx_status_history_changed_at 
       on order_status_history (changed_at)
Hibernate: 
    create index idx_status_history_changed_at 
       on order_status_history (changed_at)
16:38:44.815 [main] DEBUG org.hibernate.SQL - 
    create index idx_orders_customer_id 
       on orders (customer_id)
Hibernate: 
    create index idx_orders_customer_id 
       on orders (customer_id)
16:38:44.815 [main] DEBUG org.hibernate.SQL - 
    create index idx_orders_restaurant_id 
       on orders (restaurant_id)
Hibernate: 
    create index idx_orders_restaurant_id 
       on orders (restaurant_id)
16:38:44.815 [main] DEBUG org.hibernate.SQL - 
    create index idx_orders_status 
       on orders (status)
Hibernate: 
    create index idx_orders_status 
       on orders (status)
16:38:44.815 [main] DEBUG org.hibernate.SQL - 
    create index idx_orders_created_at 
       on orders (created_at)
Hibernate: 
    create index idx_orders_created_at 
       on orders (created_at)
16:38:44.816 [main] DEBUG org.hibernate.SQL - 
    alter table if exists order_items 
       add constraint FKbioxgbv59vetrxe0ejfubep1w 
       foreign key (order_id) 
       references orders
Hibernate: 
    alter table if exists order_items 
       add constraint FKbioxgbv59vetrxe0ejfubep1w 
       foreign key (order_id) 
       references orders
16:38:44.816 [main] DEBUG org.hibernate.SQL - 
    alter table if exists order_status_history 
       add constraint FKnmcbg3mmbt8wfva97ra40nmp3 
       foreign key (order_id) 
       references orders
Hibernate: 
    alter table if exists order_status_history 
       add constraint FKnmcbg3mmbt8wfva97ra40nmp3 
       foreign key (order_id) 
       references orders
16:38:44.817 [main] INFO  o.s.o.j.LocalContainerEntityManagerFactoryBean - Initialized JPA EntityManagerFactory for persistence unit 'default'
16:38:45.136 [main] INFO  o.s.b.a.h.H2ConsoleAutoConfiguration - H2 console available at '/h2-console'. Database available at 'jdbc:h2:mem:testdb'
16:38:45.157 [main] INFO  o.s.c.n.e.c.DiscoveryClientOptionalArgsConfiguration - Eureka HTTP Client uses RestTemplate.
16:38:45.164 [main] WARN  o.s.c.l.c.LoadBalancerCacheAutoConfiguration$LoadBalancerCaffeineWarnLogger - Spring Cloud LoadBalancer is currently working with the default cache. While this cache implementation is useful for development and tests, it's recommended to use Caffeine cache in production.You can switch to using Caffeine cache, by adding it and org.springframework.cache.caffeine.CaffeineCacheManager to the classpath.
16:38:45.180 [main] INFO  o.s.b.a.e.web.EndpointLinksResolver - Exposing 3 endpoint(s) beneath base path '/actuator'
16:38:45.198 [main] INFO  c.i.o.i.OrderServiceIntegrationTest - Started OrderServiceIntegrationTest in 0.73 seconds (process running for 6.948)
16:38:45.211 [main] DEBUG org.hibernate.SQL - 
    /* <criteria> */ select
        o1_0.id,
        o1_0.cancellation_reason,
        o1_0.created_at,
        o1_0.customer_id,
        o1_0.delivery_address,
        o1_0.delivery_fee,
        o1_0.delivery_latitude,
        o1_0.delivery_longitude,
        o1_0.estimated_delivery_time,
        o1_0.order_number,
        o1_0.restaurant_id,
        o1_0.rider_id,
        o1_0.special_instructions,
        o1_0.status,
        o1_0.total_amount,
        o1_0.updated_at 
    from
        orders o1_0
Hibernate: 
    /* <criteria> */ select
        o1_0.id,
        o1_0.cancellation_reason,
        o1_0.created_at,
        o1_0.customer_id,
        o1_0.delivery_address,
        o1_0.delivery_fee,
        o1_0.delivery_latitude,
        o1_0.delivery_longitude,
        o1_0.estimated_delivery_time,
        o1_0.order_number,
        o1_0.restaurant_id,
        o1_0.rider_id,
        o1_0.special_instructions,
        o1_0.status,
        o1_0.total_amount,
        o1_0.updated_at 
    from
        orders o1_0
16:38:45.214 [main] INFO  c.itcs383.order.service.OrderService - Creating order for customer 1 at restaurant 1
16:38:45.218 [main] DEBUG org.hibernate.SQL - 
    /* insert for
        com.itcs383.order.entity.Order */insert 
    into
        orders (cancellation_reason, created_at, customer_id, delivery_address, delivery_fee, delivery_latitude, delivery_longitude, estimated_delivery_time, order_number, restaurant_id, rider_id, special_instructions, status, total_amount, updated_at, id) 
    values
        (?, ?, ?, ?, ?, ?, ?, ?, ?, ?, ?, ?, ?, ?, ?, default)
Hibernate: 
    /* insert for
        com.itcs383.order.entity.Order */insert 
    into
        orders (cancellation_reason, created_at, customer_id, delivery_address, delivery_fee, delivery_latitude, delivery_longitude, estimated_delivery_time, order_number, restaurant_id, rider_id, special_instructions, status, total_amount, updated_at, id) 
    values
        (?, ?, ?, ?, ?, ?, ?, ?, ?, ?, ?, ?, ?, ?, ?, default)
16:38:45.220 [main] DEBUG org.hibernate.SQL - 
    /* insert for
        com.itcs383.order.entity.OrderItem */insert 
    into
        order_items (menu_item_id, menu_item_name, order_id, quantity, special_requests, total_price, unit_price, id) 
    values
        (?, ?, ?, ?, ?, ?, ?, default)
Hibernate: 
    /* insert for
        com.itcs383.order.entity.OrderItem */insert 
    into
        order_items (menu_item_id, menu_item_name, order_id, quantity, special_requests, total_price, unit_price, id) 
    values
        (?, ?, ?, ?, ?, ?, ?, default)
16:38:45.220 [main] INFO  c.itcs383.order.service.OrderService - Order created successfully: MR355252144552D0E3
16:38:45.220 [main] INFO  c.itcs383.order.service.OrderService - Creating order for customer 2 at restaurant 1
16:38:45.221 [main] DEBUG org.hibernate.SQL - 
    /* insert for
        com.itcs383.order.entity.Order */insert 
    into
        orders (cancellation_reason, created_at, customer_id, delivery_address, delivery_fee, delivery_latitude, delivery_longitude, estimated_delivery_time, order_number, restaurant_id, rider_id, special_instructions, status, total_amount, updated_at, id) 
    values
        (?, ?, ?, ?, ?, ?, ?, ?, ?, ?, ?, ?, ?, ?, ?, default)
Hibernate: 
    /* insert for
        com.itcs383.order.entity.Order */insert 
    into
        orders (cancellation_reason, created_at, customer_id, delivery_address, delivery_fee, delivery_latitude, delivery_longitude, estimated_delivery_time, order_number, restaurant_id, rider_id, special_instructions, status, total_amount, updated_at, id) 
    values
        (?, ?, ?, ?, ?, ?, ?, ?, ?, ?, ?, ?, ?, ?, ?, default)
16:38:45.221 [main] DEBUG org.hibernate.SQL - 
    /* insert for
        com.itcs383.order.entity.OrderItem */insert 
    into
        order_items (menu_item_id, menu_item_name, order_id, quantity, special_requests, total_price, unit_price, id) 
    values
        (?, ?, ?, ?, ?, ?, ?, default)
Hibernate: 
    /* insert for
        com.itcs383.order.entity.OrderItem */insert 
    into
        order_items (menu_item_id, menu_item_name, order_id, quantity, special_requests, total_price, unit_price, id) 
    values
        (?, ?, ?, ?, ?, ?, ?, default)
16:38:45.221 [main] INFO  c.itcs383.order.service.OrderService - Order created successfully: MR355252205C69006A
16:38:45.223 [main] DEBUG org.hibernate.SQL - 
    /* select
        count(*) 
    from
        
    Order x */ select
        count(*) from
            orders o1_0
Hibernate: 
    /* select
        count(*) 
    from
        
    Order x */ select
        count(*) from
            orders o1_0
16:38:45.228 [main] INFO  o.s.o.j.LocalContainerEntityManagerFactoryBean - Closing JPA EntityManagerFactory for persistence unit 'default'
16:38:45.228 [main] DEBUG org.hibernate.SQL - 
    drop table if exists order_items cascade 
Hibernate: 
    drop table if exists order_items cascade 
16:38:45.228 [main] DEBUG org.hibernate.SQL - 
    drop table if exists order_status_history cascade 
Hibernate: 
    drop table if exists order_status_history cascade 
16:38:45.228 [main] DEBUG org.hibernate.SQL - 
    drop table if exists orders cascade 
Hibernate: 
    drop table if exists orders cascade 
16:38:45.229 [main] INFO  com.zaxxer.hikari.HikariDataSource - HikariPool-3 - Shutdown initiated...
16:38:45.229 [main] INFO  com.zaxxer.hikari.HikariDataSource - HikariPool-3 - Shutdown completed.
]]></system-out>
  </testcase>
  <testcase name="deliveryFeeCalculation_ShouldBeCorrect" classname="com.itcs383.order.integration.OrderServiceIntegrationTest" time="0.013">
    <failure message="expected: &lt;35.00&gt; but was: &lt;0&gt;" type="org.opentest4j.AssertionFailedError"><![CDATA[org.opentest4j.AssertionFailedError: expected: <35.00> but was: <0>
	at org.junit.jupiter.api.AssertionFailureBuilder.build(AssertionFailureBuilder.java:151)
	at org.junit.jupiter.api.AssertionFailureBuilder.buildAndThrow(AssertionFailureBuilder.java:132)
	at org.junit.jupiter.api.AssertEquals.failNotEqual(AssertEquals.java:197)
	at org.junit.jupiter.api.AssertEquals.assertEquals(AssertEquals.java:182)
	at org.junit.jupiter.api.AssertEquals.assertEquals(AssertEquals.java:177)
	at org.junit.jupiter.api.Assertions.assertEquals(Assertions.java:1145)
	at com.itcs383.order.integration.OrderServiceIntegrationTest.deliveryFeeCalculation_ShouldBeCorrect(OrderServiceIntegrationTest.java:178)
	at java.base/java.lang.reflect.Method.invoke(Method.java:580)
	at java.base/java.util.ArrayList.forEach(ArrayList.java:1596)
	at java.base/java.util.ArrayList.forEach(ArrayList.java:1596)
]]></failure>
    <system-out><![CDATA[
  .   ____          _            __ _ _
 /\\ / ___'_ __ _ _(_)_ __  __ _ \ \ \ \
( ( )\___ | '_ | '_| | '_ \/ _` | \ \ \ \
 \\/  ___)| |_)| | | | | || (_| |  ) ) ) )
  '  |____| .__|_| |_|_| |_\__, | / / / /
 =========|_|==============|___/=/_/_/_/
 :: Spring Boot ::                (v3.2.2)

16:38:45.253 [main] INFO  c.i.o.i.OrderServiceIntegrationTest - Starting OrderServiceIntegrationTest using Java 21.0.8 with PID 80943 (started by pks_aito in /Users/pks_aito/Documents/GitHub/2025-ITCS383-MharRuengSang/Implementations/Backend/mhar-order-service)
16:38:45.253 [main] DEBUG c.i.o.i.OrderServiceIntegrationTest - Running with Spring Boot v3.2.2, Spring v6.1.3
16:38:45.253 [main] INFO  c.i.o.i.OrderServiceIntegrationTest - The following 1 profile is active: "test"
[...]
16:38:46.534 [main] WARN  o.s.c.s.PostProcessorRegistrationDelegate$BeanPostProcessorChecker - Bean 'org.springframework.cloud.client.loadbalancer.LoadBalancerDefaultMappingsProviderAutoConfiguration' of type [org.springframework.cloud.client.loadbalancer.LoadBalancerDefaultMappingsProviderAutoConfiguration] is not eligible for getting processed by all BeanPostProcessors (for example: not eligible for auto-proxying). Is this bean getting eagerly injected into a currently created BeanPostProcessor [lbRestClientPostProcessor]? Check the corresponding BeanPostProcessor declaration and its dependencies.
16:38:46.534 [main] WARN  o.s.c.s.PostProcessorRegistrationDelegate$BeanPostProcessorChecker - Bean 'loadBalancerClientsDefaultsMappingsProvider' of type [org.springframework.cloud.client.loadbalancer.LoadBalancerDefaultMappingsProviderAutoConfiguration$$Lambda/0x0000007001bc6560] is not eligible for getting processed by all BeanPostProcessors (for example: not eligible for auto-proxying). Is this bean getting eagerly injected into a currently created BeanPostProcessor [lbRestClientPostProcessor]? Check the corresponding BeanPostProcessor declaration and its dependencies.
16:38:46.535 [main] WARN  o.s.c.s.PostProcessorRegistrationDelegate$BeanPostProcessorChecker - Bean 'defaultsBindHandlerAdvisor' of type [org.springframework.cloud.commons.config.DefaultsBindHandlerAdvisor] is not eligible for getting processed by all BeanPostProcessors (for example: not eligible for auto-proxying). Is this bean getting eagerly injected into a currently created BeanPostProcessor [lbRestClientPostProcessor]? Check the corresponding BeanPostProcessor declaration and its dependencies.
16:38:46.536 [main] WARN  o.s.c.s.PostProcessorRegistrationDelegate$BeanPostProcessorChecker - Bean 'spring.cloud.loadbalancer-org.springframework.cloud.client.loadbalancer.LoadBalancerClientsProperties' of type [org.springframework.cloud.client.loadbalancer.LoadBalancerClientsProperties] is not eligible for getting processed by all BeanPostProcessors (for example: not eligible for auto-proxying). Is this bean getting eagerly injected into a currently created BeanPostProcessor [lbRestClientPostProcessor]? Check the corresponding BeanPostProcessor declaration and its dependencies.
16:38:46.537 [main] WARN  o.s.c.s.PostProcessorRegistrationDelegate$BeanPostProcessorChecker - Bean 'default.org.springframework.cloud.loadbalancer.config.LoadBalancerAutoConfiguration.LoadBalancerClientSpecification' of type [org.springframework.cloud.loadbalancer.annotation.LoadBalancerClientSpecification] is not eligible for getting processed by all BeanPostProcessors (for example: not eligible for auto-proxying). Is this bean getting eagerly injected into a currently created BeanPostProcessor [lbRestClientPostProcessor]? Check the corresponding BeanPostProcessor declaration and its dependencies.
16:38:46.538 [main] WARN  o.s.c.s.PostProcessorRegistrationDelegate$BeanPostProcessorChecker - Bean 'default.org.springframework.cloud.loadbalancer.config.BlockingLoadBalancerClientAutoConfiguration.LoadBalancerClientSpecification' of type [org.springframework.cloud.loadbalancer.annotation.LoadBalancerClientSpecification] is not eligible for getting processed by all BeanPostProcessors (for example: not eligible for auto-proxying). Is this bean getting eagerly injected into a currently created BeanPostProcessor [lbRestClientPostProcessor]? Check the corresponding BeanPostProcessor declaration and its dependencies.
16:38:46.538 [main] WARN  o.s.c.s.PostProcessorRegistrationDelegate$BeanPostProcessorChecker - Bean 'loadBalancerClientFactory' of type [org.springframework.cloud.loadbalancer.support.LoadBalancerClientFactory] is not eligible for getting processed by all BeanPostProcessors (for example: not eligible for auto-proxying). Is this bean getting eagerly injected into a currently created BeanPostProcessor [lbRestClientPostProcessor]? Check the corresponding BeanPostProcessor declaration and its dependencies.
16:38:46.539 [main] WARN  o.s.c.s.PostProcessorRegistrationDelegate$BeanPostProcessorChecker - Bean 'blockingLoadBalancerClient' of type [org.springframework.cloud.loadbalancer.blocking.client.BlockingLoadBalancerClient] is not eligible for getting processed by all BeanPostProcessors (for example: not eligible for auto-proxying). Is this bean getting eagerly injected into a currently created BeanPostProcessor [lbRestClientPostProcessor]? Check the corresponding BeanPostProcessor declaration and its dependencies.
16:38:46.540 [main] WARN  o.s.c.s.PostProcessorRegistrationDelegate$BeanPostProcessorChecker - Bean 'loadBalancerServiceInstanceCookieTransformer' of type [org.springframework.cloud.loadbalancer.core.LoadBalancerServiceInstanceCookieTransformer] is not eligible for getting processed by all BeanPostProcessors (for example: not eligible for auto-proxying). Is this bean getting eagerly injected into a currently created BeanPostProcessor [lbRestClientPostProcessor]? Check the corresponding BeanPostProcessor declaration and its dependencies.
16:38:46.540 [main] WARN  o.s.c.s.PostProcessorRegistrationDelegate$BeanPostProcessorChecker - Bean 'xForwarderHeadersTransformer' of type [org.springframework.cloud.loadbalancer.blocking.XForwardedHeadersTransformer] is not eligible for getting processed by all BeanPostProcessors (for example: not eligible for auto-proxying). Is this bean getting eagerly injected into a currently created BeanPostProcessor [lbRestClientPostProcessor]? Check the corresponding BeanPostProcessor declaration and its dependencies.
16:38:46.540 [main] WARN  o.s.c.s.PostProcessorRegistrationDelegate$BeanPostProcessorChecker - Bean 'org.springframework.cloud.client.loadbalancer.LoadBalancerAutoConfiguration' of type [org.springframework.cloud.client.loadbalancer.LoadBalancerAutoConfiguration] is not eligible for getting processed by all BeanPostProcessors (for example: not eligible for auto-proxying). Is this bean getting eagerly injected into a currently created BeanPostProcessor [lbRestClientPostProcessor]? Check the corresponding BeanPostProcessor declaration and its dependencies.
16:38:46.541 [main] WARN  o.s.c.s.PostProcessorRegistrationDelegate$BeanPostProcessorChecker - Bean 'loadBalancerRequestFactory' of type [org.springframework.cloud.client.loadbalancer.LoadBalancerRequestFactory] is not eligible for getting processed by all BeanPostProcessors (for example: not eligible for auto-proxying). Is this bean getting eagerly injected into a currently created BeanPostProcessor [lbRestClientPostProcessor]? Check the corresponding BeanPostProcessor declaration and its dependencies.
16:38:46.541 [main] WARN  o.s.c.s.PostProcessorRegistrationDelegate$BeanPostProcessorChecker - Bean 'loadBalancerInterceptor' of type [org.springframework.cloud.client.loadbalancer.LoadBalancerInterceptor] is not eligible for getting processed by all BeanPostProcessors (for example: not eligible for auto-proxying). Is this bean getting eagerly injected into a currently created BeanPostProcessor [lbRestClientPostProcessor]? Check the corresponding BeanPostProcessor declaration and its dependencies.
16:38:46.559 [main] INFO  o.h.jpa.internal.util.LogHelper - HHH000204: Processing PersistenceUnitInfo [name: default]
16:38:46.560 [main] INFO  o.h.c.i.RegionFactoryInitiator - HHH000026: Second-level cache disabled
16:38:46.562 [main] INFO  o.s.o.j.p.SpringPersistenceUnitInfo - No LoadTimeWeaver setup: ignoring JPA class transformer
16:38:46.562 [main] INFO  com.zaxxer.hikari.HikariDataSource - HikariPool-6 - Starting...
16:38:46.563 [main] INFO  com.zaxxer.hikari.pool.HikariPool - HikariPool-6 - Added connection conn66: url=jdbc:h2:mem:testdb user=SA
16:38:46.563 [main] INFO  com.zaxxer.hikari.HikariDataSource - HikariPool-6 - Start completed.
16:38:46.563 [main] WARN  org.hibernate.orm.deprecation - HHH90000025: H2Dialect does not need to be specified explicitly using 'hibernate.dialect' (remove the property setting and it will be selected by default)
16:38:46.594 [main] INFO  o.h.e.t.j.p.i.JtaPlatformInitiator - HHH000489: No JTA platform available (set 'hibernate.transaction.jta.platform' to enable JTA platform integration)
16:38:46.595 [main] DEBUG org.hibernate.SQL - 
    drop table if exists order_items cascade 
Hibernate: 
    drop table if exists order_items cascade 
16:38:46.595 [main] DEBUG org.hibernate.SQL - 
    drop table if exists order_status_history cascade 
Hibernate: 
    drop table if exists order_status_history cascade 
16:38:46.595 [main] DEBUG org.hibernate.SQL - 
    drop table if exists orders cascade 
Hibernate: 
    drop table if exists orders cascade 
16:38:46.595 [main] DEBUG org.hibernate.SQL - 
    create table order_items (
        quantity integer not null,
        total_price numeric(8,2) not null,
        unit_price numeric(8,2) not null,
        id bigint generated by default as identity,
        menu_item_id bigint not null,
        order_id bigint not null,
        menu_item_name varchar(255) not null,
        special_requests TEXT,
        primary key (id)
    )
Hibernate: 
    create table order_items (
        quantity integer not null,
        total_price numeric(8,2) not null,
        unit_price numeric(8,2) not null,
        id bigint generated by default as identity,
        menu_item_id bigint not null,
        order_id bigint not null,
        menu_item_name varchar(255) not null,
        special_requests TEXT,
        primary key (id)
    )
16:38:46.595 [main] DEBUG org.hibernate.SQL - 
    create table order_status_history (
        changed_at timestamp(6) not null,
        changed_by bigint not null,
        id bigint generated by default as identity,
        order_id bigint not null,
        new_status varchar(20) not null check (new_status in ('PENDING','CONFIRMED','PREPARING','READY_FOR_PICKUP','PICKED_UP','DELIVERED','CANCELLED','REFUNDED')),
        previous_status varchar(20) check (previous_status in ('PENDING','CONFIRMED','PREPARING','READY_FOR_PICKUP','PICKED_UP','DELIVERED','CANCELLED','REFUNDED')),
        notes TEXT,
        primary key (id)
    )
Hibernate: 
    create table order_status_history (
        changed_at timestamp(6) not null,
        changed_by bigint not null,
        id bigint generated by default as identity,
        order_id bigint not null,
        new_status varchar(20) not null check (new_status in ('PENDING','CONFIRMED','PREPARING','READY_FOR_PICKUP','PICKED_UP','DELIVERED','CANCELLED','REFUNDED')),
        previous_status varchar(20) check (previous_status in ('PENDING','CONFIRMED','PREPARING','READY_FOR_PICKUP','PICKED_UP','DELIVERED','CANCELLED','REFUNDED')),
        notes TEXT,
        primary key (id)
    )
16:38:46.596 [main] DEBUG org.hibernate.SQL - 
    create table orders (
        delivery_fee numeric(8,2) not null,
        delivery_latitude float(53),
        delivery_longitude float(53),
        total_amount numeric(10,2) not null,
        created_at timestamp(6) not null,
        customer_id bigint not null,
        estimated_delivery_time timestamp(6),
        id bigint generated by default as identity,
        restaurant_id bigint not null,
        rider_id bigint,
        updated_at timestamp(6),
        order_number varchar(20) not null unique,
        status varchar(20) not null check (status in ('PENDING','CONFIRMED','PREPARING','READY_FOR_PICKUP','PICKED_UP','DELIVERED','CANCELLED','REFUNDED')),
        cancellation_reason TEXT,
        delivery_address TEXT not null,
        special_instructions TEXT,
        primary key (id)
    )
Hibernate: 
    create table orders (
        delivery_fee numeric(8,2) not null,
        delivery_latitude float(53),
        delivery_longitude float(53),
        total_amount numeric(10,2) not null,
        created_at timestamp(6) not null,
        customer_id bigint not null,
        estimated_delivery_time timestamp(6),
        id bigint generated by default as identity,
        restaurant_id bigint not null,
        rider_id bigint,
        updated_at timestamp(6),
        order_number varchar(20) not null unique,
        status varchar(20) not null check (status in ('PENDING','CONFIRMED','PREPARING','READY_FOR_PICKUP','PICKED_UP','DELIVERED','CANCELLED','REFUNDED')),
        cancellation_reason TEXT,
        delivery_address TEXT not null,
        special_instructions TEXT,
        primary key (id)
    )
16:38:46.597 [main] DEBUG org.hibernate.SQL - 
    create index idx_order_items_order_id 
       on order_items (order_id)
Hibernate: 
    create index idx_order_items_order_id 
       on order_items (order_id)
16:38:46.597 [main] DEBUG org.hibernate.SQL - 
    create index idx_order_items_menu_item_id 
       on order_items (menu_item_id)
Hibernate: 
    create index idx_order_items_menu_item_id 
       on order_items (menu_item_id)
16:38:46.597 [main] DEBUG org.hibernate.SQL - 
    create index idx_status_history_order_id 
       on order_status_history (order_id)
Hibernate: 
    create index idx_status_history_order_id 
       on order_status_history (order_id)
16:38:46.597 [main] DEBUG org.hibernate.SQL - 
    create index idx_status_history_changed_at 
       on order_status_history (changed_at)
Hibernate: 
    create index idx_status_history_changed_at 
       on order_status_history (changed_at)
16:38:46.597 [main] DEBUG org.hibernate.SQL - 
    create index idx_orders_customer_id 
       on orders (customer_id)
Hibernate: 
    create index idx_orders_customer_id 
       on orders (customer_id)
16:38:46.597 [main] DEBUG org.hibernate.SQL - 
    create index idx_orders_restaurant_id 
       on orders (restaurant_id)
Hibernate: 
    create index idx_orders_restaurant_id 
       on orders (restaurant_id)
16:38:46.597 [main] DEBUG org.hibernate.SQL - 
    create index idx_orders_status 
       on orders (status)
Hibernate: 
    create index idx_orders_status 
       on orders (status)
16:38:46.598 [main] DEBUG org.hibernate.SQL - 
    create index idx_orders_created_at 
       on orders (created_at)
Hibernate: 
    create index idx_orders_created_at 
       on orders (created_at)
16:38:46.598 [main] DEBUG org.hibernate.SQL - 
    alter table if exists order_items 
       add constraint FKbioxgbv59vetrxe0ejfubep1w 
       foreign key (order_id) 
       references orders
Hibernate: 
    alter table if exists order_items 
       add constraint FKbioxgbv59vetrxe0ejfubep1w 
       foreign key (order_id) 
       references orders
16:38:46.598 [main] DEBUG org.hibernate.SQL - 
    alter table if exists order_status_history 
       add constraint FKnmcbg3mmbt8wfva97ra40nmp3 
       foreign key (order_id) 
       references orders
Hibernate: 
    alter table if exists order_status_history 
       add constraint FKnmcbg3mmbt8wfva97ra40nmp3 
       foreign key (order_id) 
       references orders
16:38:46.599 [main] INFO  o.s.o.j.LocalContainerEntityManagerFactoryBean - Initialized JPA EntityManagerFactory for persistence unit 'default'
16:38:46.841 [main] INFO  o.s.b.a.h.H2ConsoleAutoConfiguration - H2 console available at '/h2-console'. Database available at 'jdbc:h2:mem:testdb'
16:38:46.857 [main] INFO  o.s.c.n.e.c.DiscoveryClientOptionalArgsConfiguration - Eureka HTTP Client uses RestTemplate.
16:38:46.863 [main] WARN  o.s.c.l.c.LoadBalancerCacheAutoConfiguration$LoadBalancerCaffeineWarnLogger - Spring Cloud LoadBalancer is currently working with the default cache. While this cache implementation is useful for development and tests, it's recommended to use Caffeine cache in production.You can switch to using Caffeine cache, by adding it and org.springframework.cache.caffeine.CaffeineCacheManager to the classpath.
16:38:46.877 [main] INFO  o.s.b.a.e.web.EndpointLinksResolver - Exposing 3 endpoint(s) beneath base path '/actuator'
16:38:46.899 [main] INFO  c.i.o.i.OrderServiceIntegrationTest - Started OrderServiceIntegrationTest in 0.529 seconds (process running for 8.65)
16:38:46.902 [main] DEBUG org.hibernate.SQL - 
    /* <criteria> */ select
        o1_0.id,
        o1_0.cancellation_reason,
        o1_0.created_at,
        o1_0.customer_id,
        o1_0.delivery_address,
        o1_0.delivery_fee,
        o1_0.delivery_latitude,
        o1_0.delivery_longitude,
        o1_0.estimated_delivery_time,
        o1_0.order_number,
        o1_0.restaurant_id,
        o1_0.rider_id,
        o1_0.special_instructions,
        o1_0.status,
        o1_0.total_amount,
        o1_0.updated_at 
    from
        orders o1_0
Hibernate: 
    /* <criteria> */ select
        o1_0.id,
        o1_0.cancellation_reason,
        o1_0.created_at,
        o1_0.customer_id,
        o1_0.delivery_address,
        o1_0.delivery_fee,
        o1_0.delivery_latitude,
        o1_0.delivery_longitude,
        o1_0.estimated_delivery_time,
        o1_0.order_number,
        o1_0.restaurant_id,
        o1_0.rider_id,
        o1_0.special_instructions,
        o1_0.status,
        o1_0.total_amount,
        o1_0.updated_at 
    from
        orders o1_0
16:38:46.903 [main] INFO  c.itcs383.order.service.OrderService - Creating order for customer 1 at restaurant 1
16:38:46.906 [main] DEBUG org.hibernate.SQL - 
    /* insert for
        com.itcs383.order.entity.Order */insert 
    into
        orders (cancellation_reason, created_at, customer_id, delivery_address, delivery_fee, delivery_latitude, delivery_longitude, estimated_delivery_time, order_number, restaurant_id, rider_id, special_instructions, status, total_amount, updated_at, id) 
    values
        (?, ?, ?, ?, ?, ?, ?, ?, ?, ?, ?, ?, ?, ?, ?, default)
Hibernate: 
    /* insert for
        com.itcs383.order.entity.Order */insert 
    into
        orders (cancellation_reason, created_at, customer_id, delivery_address, delivery_fee, delivery_latitude, delivery_longitude, estimated_delivery_time, order_number, restaurant_id, rider_id, special_instructions, status, total_amount, updated_at, id) 
    values
        (?, ?, ?, ?, ?, ?, ?, ?, ?, ?, ?, ?, ?, ?, ?, default)
16:38:46.907 [main] DEBUG org.hibernate.SQL - 
    /* insert for
        com.itcs383.order.entity.OrderItem */insert 
    into
        order_items (menu_item_id, menu_item_name, order_id, quantity, special_requests, total_price, unit_price, id) 
    values
        (?, ?, ?, ?, ?, ?, ?, default)
Hibernate: 
    /* insert for
        com.itcs383.order.entity.OrderItem */insert 
    into
        order_items (menu_item_id, menu_item_name, order_id, quantity, special_requests, total_price, unit_price, id) 
    values
        (?, ?, ?, ?, ?, ?, ?, default)
16:38:46.907 [main] INFO  c.itcs383.order.service.OrderService - Order created successfully: MR35526904E06C70E7
16:38:46.911 [main] INFO  o.s.o.j.LocalContainerEntityManagerFactoryBean - Closing JPA EntityManagerFactory for persistence unit 'default'
16:38:46.911 [main] DEBUG org.hibernate.SQL - 
    drop table if exists order_items cascade 
Hibernate: 
    drop table if exists order_items cascade 
16:38:46.911 [main] DEBUG org.hibernate.SQL - 
    drop table if exists order_status_history cascade 
Hibernate: 
    drop table if exists order_status_history cascade 
16:38:46.911 [main] DEBUG org.hibernate.SQL - 
    drop table if exists orders cascade 
Hibernate: 
    drop table if exists orders cascade 
16:38:46.912 [main] INFO  com.zaxxer.hikari.HikariDataSource - HikariPool-6 - Shutdown initiated...
16:38:46.912 [main] INFO  com.zaxxer.hikari.HikariDataSource - HikariPool-6 - Shutdown completed.
]]></system-out>
  </testcase>
</testsuite>