<?xml version="1.0" encoding="UTF-8"?>
<testsuite xmlns:xsi="http://www.w3.org/2001/XMLSchema-instance" xsi:noNamespaceSchemaLocation="https://maven.apache.org/surefire/maven-surefire-plugin/xsd/surefire-test-report-3.0.xsd" version="3.0" name="com.itcs383.order.repository.OrderRepositoryTest" time="3.244" tests="12" errors="0" skipped="0" failures="1">
  <properties>
[...]
</properties>
  <testcase name="deleteOrder_ShouldCascadeDeleteItems" classname="com.itcs383.order.repository.OrderRepositoryTest" time="0.501">
    <system-out><![CDATA[16:38:38.632 [main] INFO org.springframework.test.context.support.AnnotationConfigContextLoaderUtils -- Could not detect default configuration classes for test class [com.itcs383.order.repository.OrderRepositoryTest]: OrderRepositoryTest does not declare any static, non-private, non-final, nested classes annotated with @Configuration.
16:38:38.716 [main] INFO org.springframework.boot.test.context.SpringBootTestContextBootstrapper -- Found @SpringBootConfiguration com.itcs383.order.OrderServiceApplication for test class com.itcs383.order.repository.OrderRepositoryTest

  .   ____          _            __ _ _
 /\\ / ___'_ __ _ _(_)_ __  __ _ \ \ \ \
( ( )\___ | '_ | '_| | '_ \/ _` | \ \ \ \
 \\/  ___)| |_)| | | | | || (_| |  ) ) ) )
  '  |____| .__|_| |_|_| |_\__, | / / / /
 =========|_|==============|___/=/_/_/_/
 :: Spring Boot ::                (v3.2.2)

16:38:39.018 [main] INFO  c.i.o.repository.OrderRepositoryTest - Starting OrderRepositoryTest using Java 21.0.8 with PID 80943 (started by pks_aito in /Users/pks_aito/Documents/GitHub/2025-ITCS383-MharRuengSang/Implementations/Backend/mhar-order-service)
16:38:39.018 [main] DEBUG c.i.o.repository.OrderRepositoryTest - Running with Spring Boot v3.2.2, Spring v6.1.3
16:38:39.018 [main] INFO  c.i.o.repository.OrderRepositoryTest - The following 1 profile is active: "test"
16:38:39.221 [main] INFO  o.s.d.r.c.RepositoryConfigurationDelegate - Multiple Spring Data modules found, entering strict repository configuration mode
16:38:39.221 [main] INFO  o.s.d.r.c.RepositoryConfigurationDelegate - Bootstrapping Spring Data JPA repositories in DEFAULT mode.
16:38:39.308 [main] INFO  o.s.d.r.c.RepositoryConfigurationDelegate - Finished Spring Data repository scanning in 82 ms. Found 1 JPA repository interface.
16:38:39.335 [main] INFO  o.s.b.t.a.j.TestDatabaseAutoConfiguration$EmbeddedDataSourceBeanFactoryPostProcessor - Replacing 'dataSource' DataSource bean with embedded version
16:38:39.421 [main] INFO  o.s.j.d.e.EmbeddedDatabaseFactory - Starting embedded database: url='jdbc:h2:mem:01f70762-0f23-4afc-b991-a016fc102c93;DB_CLOSE_DELAY=-1;DB_CLOSE_ON_EXIT=false', username='sa'
16:38:39.674 [main] INFO  o.h.jpa.internal.util.LogHelper - HHH000204: Processing PersistenceUnitInfo [name: default]
16:38:39.733 [main] INFO  org.hibernate.Version - HHH000412: Hibernate ORM core version 6.4.1.Final
16:38:39.759 [main] INFO  o.h.c.i.RegionFactoryInitiator - HHH000026: Second-level cache disabled
16:38:39.892 [main] INFO  o.s.o.j.p.SpringPersistenceUnitInfo - No LoadTimeWeaver setup: ignoring JPA class transformer
16:38:39.920 [main] WARN  org.hibernate.orm.deprecation - HHH90000025: H2Dialect does not need to be specified explicitly using 'hibernate.dialect' (remove the property setting and it will be selected by default)
16:38:40.453 [main] INFO  o.h.e.t.j.p.i.JtaPlatformInitiator - HHH000489: No JTA platform available (set 'hibernate.transaction.jta.platform' to enable JTA platform integration)
16:38:40.460 [main] DEBUG org.hibernate.SQL - 
    drop table if exists order_items cascade 
Hibernate: 
    drop table if exists order_items cascade 
16:38:40.462 [main] DEBUG org.hibernate.SQL - 
    drop table if exists order_status_history cascade 
Hibernate: 
    drop table if exists order_status_history cascade 
16:38:40.462 [main] DEBUG org.hibernate.SQL - 
    drop table if exists orders cascade 
Hibernate: 
    drop table if exists orders cascade 
16:38:40.465 [main] DEBUG org.hibernate.SQL - 
    create table order_items (
        quantity integer not null,
        total_price numeric(8,2) not null,
        unit_price numeric(8,2) not null,
        id bigint generated by default as identity,
        menu_item_id bigint not null,
        order_id bigint not null,
        menu_item_name varchar(255) not null,
        special_requests TEXT,
        primary key (id)
    )
Hibernate: 
    create table order_items (
        quantity integer not null,
        total_price numeric(8,2) not null,
        unit_price numeric(8,2) not null,
        id bigint generated by default as identity,
        menu_item_id bigint not null,
        order_id bigint not null,
        menu_item_name varchar(255) not null,
        special_requests TEXT,
        primary key (id)
    )
16:38:40.470 [main] DEBUG org.hibernate.SQL - 
    create table order_status_history (
        changed_at timestamp(6) not null,
        changed_by bigint not null,
        id bigint generated by default as identity,
        order_id bigint not null,
        new_status varchar(20) not null check (new_status in ('PENDING','CONFIRMED','PREPARING','READY_FOR_PICKUP','PICKED_UP','DELIVERED','CANCELLED','REFUNDED')),
        previous_status varchar(20) check (previous_status in ('PENDING','CONFIRMED','PREPARING','READY_FOR_PICKUP','PICKED_UP','DELIVERED','CANCELLED','REFUNDED')),
        notes TEXT,
        primary key (id)
    )
Hibernate: 
    create table order_status_history (
        changed_at timestamp(6) not null,
        changed_by bigint not null,
        id bigint generated by default as identity,
        order_id bigint not null,
        new_status varchar(20) not null check (new_status in ('PENDING','CONFIRMED','PREPARING','READY_FOR_PICKUP','PICKED_UP','DELIVERED','CANCELLED','REFUNDED')),
        previous_status varchar(20) check (previous_status in ('PENDING','CONFIRMED','PREPARING','READY_FOR_PICKUP','PICKED_UP','DELIVERED','CANCELLED','REFUNDED')),
        notes TEXT,
        primary key (id)
    )
16:38:40.473 [main] DEBUG org.hibernate.SQL - 
    create table orders (
        delivery_fee numeric(8,2) not null,
        delivery_latitude float(53),
        delivery_longitude float(53),
        total_amount numeric(10,2) not null,
        created_at timestamp(6) not null,
        customer_id bigint not null,
        estimated_delivery_time timestamp(6),
        id bigint generated by default as identity,
        restaurant_id bigint not null,
        rider_id bigint,
        updated_at timestamp(6),
        order_number varchar(20) not null unique,
        status varchar(20) not null check (status in ('PENDING','CONFIRMED','PREPARING','READY_FOR_PICKUP','PICKED_UP','DELIVERED','CANCELLED','REFUNDED')),
        cancellation_reason TEXT,
        delivery_address TEXT not null,
        special_instructions TEXT,
        primary key (id)
    )
Hibernate: 
    create table orders (
        delivery_fee numeric(8,2) not null,
        delivery_latitude float(53),
        delivery_longitude float(53),
        total_amount numeric(10,2) not null,
        created_at timestamp(6) not null,
        customer_id bigint not null,
        estimated_delivery_time timestamp(6),
        id bigint generated by default as identity,
        restaurant_id bigint not null,
        rider_id bigint,
        updated_at timestamp(6),
        order_number varchar(20) not null unique,
        status varchar(20) not null check (status in ('PENDING','CONFIRMED','PREPARING','READY_FOR_PICKUP','PICKED_UP','DELIVERED','CANCELLED','REFUNDED')),
        cancellation_reason TEXT,
        delivery_address TEXT not null,
        special_instructions TEXT,
        primary key (id)
    )
16:38:40.475 [main] DEBUG org.hibernate.SQL - 
    create index idx_order_items_order_id 
       on order_items (order_id)
Hibernate: 
    create index idx_order_items_order_id 
       on order_items (order_id)
16:38:40.476 [main] DEBUG org.hibernate.SQL - 
    create index idx_order_items_menu_item_id 
       on order_items (menu_item_id)
Hibernate: 
    create index idx_order_items_menu_item_id 
       on order_items (menu_item_id)
16:38:40.477 [main] DEBUG org.hibernate.SQL - 
    create index idx_status_history_order_id 
       on order_status_history (order_id)
Hibernate: 
    create index idx_status_history_order_id 
       on order_status_history (order_id)
16:38:40.477 [main] DEBUG org.hibernate.SQL - 
    create index idx_status_history_changed_at 
       on order_status_history (changed_at)
Hibernate: 
    create index idx_status_history_changed_at 
       on order_status_history (changed_at)
16:38:40.477 [main] DEBUG org.hibernate.SQL - 
    create index idx_orders_customer_id 
       on orders (customer_id)
Hibernate: 
    create index idx_orders_customer_id 
       on orders (customer_id)
16:38:40.478 [main] DEBUG org.hibernate.SQL - 
    create index idx_orders_restaurant_id 
       on orders (restaurant_id)
Hibernate: 
    create index idx_orders_restaurant_id 
       on orders (restaurant_id)
16:38:40.478 [main] DEBUG org.hibernate.SQL - 
    create index idx_orders_status 
       on orders (status)
Hibernate: 
    create index idx_orders_status 
       on orders (status)
16:38:40.479 [main] DEBUG org.hibernate.SQL - 
    create index idx_orders_created_at 
       on orders (created_at)
Hibernate: 
    create index idx_orders_created_at 
       on orders (created_at)
16:38:40.479 [main] DEBUG org.hibernate.SQL - 
    alter table if exists order_items 
       add constraint FKbioxgbv59vetrxe0ejfubep1w 
       foreign key (order_id) 
       references orders
Hibernate: 
    alter table if exists order_items 
       add constraint FKbioxgbv59vetrxe0ejfubep1w 
       foreign key (order_id) 
       references orders
16:38:40.484 [main] DEBUG org.hibernate.SQL - 
    alter table if exists order_status_history 
       add constraint FKnmcbg3mmbt8wfva97ra40nmp3 
       foreign key (order_id) 
       references orders
Hibernate: 
    alter table if exists order_status_history 
       add constraint FKnmcbg3mmbt8wfva97ra40nmp3 
       foreign key (order_id) 
       references orders
16:38:40.487 [main] INFO  o.s.o.j.LocalContainerEntityManagerFactoryBean - Initialized JPA EntityManagerFactory for persistence unit 'default'
16:38:40.679 [main] INFO  o.s.d.j.r.query.QueryEnhancerFactory - Hibernate is in classpath; If applicable, HQL parser will be used.
16:38:41.136 [main] INFO  c.i.o.repository.OrderRepositoryTest - Started OrderRepositoryTest in 2.358 seconds (process running for 2.887)
16:38:41.569 [main] DEBUG org.hibernate.SQL - 
    /* <criteria> */ select
        o1_0.id,
        o1_0.cancellation_reason,
        o1_0.created_at,
        o1_0.customer_id,
        o1_0.delivery_address,
        o1_0.delivery_fee,
        o1_0.delivery_latitude,
        o1_0.delivery_longitude,
        o1_0.estimated_delivery_time,
        o1_0.order_number,
        o1_0.restaurant_id,
        o1_0.rider_id,
        o1_0.special_instructions,
        o1_0.status,
        o1_0.total_amount,
        o1_0.updated_at 
    from
        orders o1_0
Hibernate: 
    /* <criteria> */ select
        o1_0.id,
        o1_0.cancellation_reason,
        o1_0.created_at,
        o1_0.customer_id,
        o1_0.delivery_address,
        o1_0.delivery_fee,
        o1_0.delivery_latitude,
        o1_0.delivery_longitude,
        o1_0.estimated_delivery_time,
        o1_0.order_number,
        o1_0.restaurant_id,
        o1_0.rider_id,
        o1_0.special_instructions,
        o1_0.status,
        o1_0.total_amount,
        o1_0.updated_at 
    from
        orders o1_0
16:38:41.599 [main] DEBUG org.hibernate.SQL - 
    /* insert for
        com.itcs383.order.entity.Order */insert 
    into
        orders (cancellation_reason, created_at, customer_id, delivery_address, delivery_fee, delivery_latitude, delivery_longitude, estimated_delivery_time, order_number, restaurant_id, rider_id, special_instructions, status, total_amount, updated_at, id) 
    values
        (?, ?, ?, ?, ?, ?, ?, ?, ?, ?, ?, ?, ?, ?, ?, default)
Hibernate: 
    /* insert for
        com.itcs383.order.entity.Order */insert 
    into
        orders (cancellation_reason, created_at, customer_id, delivery_address, delivery_fee, delivery_latitude, delivery_longitude, estimated_delivery_time, order_number, restaurant_id, rider_id, special_instructions, status, total_amount, updated_at, id) 
    values
        (?, ?, ?, ?, ?, ?, ?, ?, ?, ?, ?, ?, ?, ?, ?, default)
16:38:41.610 [main] DEBUG org.hibernate.SQL - 
    /* insert for
        com.itcs383.order.entity.Order */insert 
    into
        orders (cancellation_reason, created_at, customer_id, delivery_address, delivery_fee, delivery_latitude, delivery_longitude, estimated_delivery_time, order_number, restaurant_id, rider_id, special_instructions, status, total_amount, updated_at, id) 
    values
        (?, ?, ?, ?, ?, ?, ?, ?, ?, ?, ?, ?, ?, ?, ?, default)
Hibernate: 
    /* insert for
        com.itcs383.order.entity.Order */insert 
    into
        orders (cancellation_reason, created_at, customer_id, delivery_address, delivery_fee, delivery_latitude, delivery_longitude, estimated_delivery_time, order_number, restaurant_id, rider_id, special_instructions, status, total_amount, updated_at, id) 
    values
        (?, ?, ?, ?, ?, ?, ?, ?, ?, ?, ?, ?, ?, ?, ?, default)
16:38:41.611 [main] DEBUG org.hibernate.SQL - 
    /* insert for
        com.itcs383.order.entity.Order */insert 
    into
        orders (cancellation_reason, created_at, customer_id, delivery_address, delivery_fee, delivery_latitude, delivery_longitude, estimated_delivery_time, order_number, restaurant_id, rider_id, special_instructions, status, total_amount, updated_at, id) 
    values
        (?, ?, ?, ?, ?, ?, ?, ?, ?, ?, ?, ?, ?, ?, ?, default)
Hibernate: 
    /* insert for
        com.itcs383.order.entity.Order */insert 
    into
        orders (cancellation_reason, created_at, customer_id, delivery_address, delivery_fee, delivery_latitude, delivery_longitude, estimated_delivery_time, order_number, restaurant_id, rider_id, special_instructions, status, total_amount, updated_at, id) 
    values
        (?, ?, ?, ?, ?, ?, ?, ?, ?, ?, ?, ?, ?, ?, ?, default)
16:38:41.613 [main] DEBUG org.hibernate.SQL - 
    /* insert for
        com.itcs383.order.entity.Order */insert 
    into
        orders (cancellation_reason, created_at, customer_id, delivery_address, delivery_fee, delivery_latitude, delivery_longitude, estimated_delivery_time, order_number, restaurant_id, rider_id, special_instructions, status, total_amount, updated_at, id) 
    values
        (?, ?, ?, ?, ?, ?, ?, ?, ?, ?, ?, ?, ?, ?, ?, default)
Hibernate: 
    /* insert for
        com.itcs383.order.entity.Order */insert 
    into
        orders (cancellation_reason, created_at, customer_id, delivery_address, delivery_fee, delivery_latitude, delivery_longitude, estimated_delivery_time, order_number, restaurant_id, rider_id, special_instructions, status, total_amount, updated_at, id) 
    values
        (?, ?, ?, ?, ?, ?, ?, ?, ?, ?, ?, ?, ?, ?, ?, default)
16:38:41.614 [main] DEBUG org.hibernate.SQL - 
    /* insert for
        com.itcs383.order.entity.OrderItem */insert 
    into
        order_items (menu_item_id, menu_item_name, order_id, quantity, special_requests, total_price, unit_price, id) 
    values
        (?, ?, ?, ?, ?, ?, ?, default)
Hibernate: 
    /* insert for
        com.itcs383.order.entity.OrderItem */insert 
    into
        order_items (menu_item_id, menu_item_name, order_id, quantity, special_requests, total_price, unit_price, id) 
    values
        (?, ?, ?, ?, ?, ?, ?, default)
16:38:41.623 [main] DEBUG org.hibernate.SQL - 
    /* delete for com.itcs383.order.entity.OrderItem */delete 
    from
        order_items 
    where
        id=?
Hibernate: 
    /* delete for com.itcs383.order.entity.OrderItem */delete 
    from
        order_items 
    where
        id=?
16:38:41.624 [main] DEBUG org.hibernate.SQL - 
    /* delete for com.itcs383.order.entity.Order */delete 
    from
        orders 
    where
        id=?
Hibernate: 
    /* delete for com.itcs383.order.entity.Order */delete 
    from
        orders 
    where
        id=?
16:38:41.626 [main] DEBUG org.hibernate.SQL - 
    select
        o1_0.id,
        o1_0.cancellation_reason,
        o1_0.created_at,
        o1_0.customer_id,
        o1_0.delivery_address,
        o1_0.delivery_fee,
        o1_0.delivery_latitude,
        o1_0.delivery_longitude,
        o1_0.estimated_delivery_time,
        o1_0.order_number,
        o1_0.restaurant_id,
        o1_0.rider_id,
        o1_0.special_instructions,
        o1_0.status,
        o1_0.total_amount,
        o1_0.updated_at 
    from
        orders o1_0 
    where
        o1_0.id=?
Hibernate: 
    select
        o1_0.id,
        o1_0.cancellation_reason,
        o1_0.created_at,
        o1_0.customer_id,
        o1_0.delivery_address,
        o1_0.delivery_fee,
        o1_0.delivery_latitude,
        o1_0.delivery_longitude,
        o1_0.estimated_delivery_time,
        o1_0.order_number,
        o1_0.restaurant_id,
        o1_0.rider_id,
        o1_0.special_instructions,
        o1_0.status,
        o1_0.total_amount,
        o1_0.updated_at 
    from
        orders o1_0 
    where
        o1_0.id=?
16:38:41.635 [main] DEBUG org.hibernate.SQL - 
    /* SELECT
        oi 
    FROM
        OrderItem oi 
    WHERE
        oi.order.id = :orderId */ select
            oi1_0.id,
            oi1_0.menu_item_id,
            oi1_0.menu_item_name,
            oi1_0.order_id,
            oi1_0.quantity,
            oi1_0.special_requests,
            oi1_0.total_price,
            oi1_0.unit_price 
        from
            order_items oi1_0 
        where
            oi1_0.order_id=?
Hibernate: 
    /* SELECT
        oi 
    FROM
        OrderItem oi 
    WHERE
        oi.order.id = :orderId */ select
            oi1_0.id,
            oi1_0.menu_item_id,
            oi1_0.menu_item_name,
            oi1_0.order_id,
            oi1_0.quantity,
            oi1_0.special_requests,
            oi1_0.total_price,
            oi1_0.unit_price 
        from
            order_items oi1_0 
        where
            oi1_0.order_id=?
]]></system-out>
    <system-err><![CDATA[WARNING: A Java agent has been loaded dynamically (/Users/pks_aito/.m2/repository/net/bytebuddy/byte-buddy-agent/1.14.11/byte-buddy-agent-1.14.11.jar)
WARNING: If a serviceability tool is in use, please run with -XX:+EnableDynamicAgentLoading to hide this warning
WARNING: If a serviceability tool is not in use, please run with -Djdk.instrument.traceUsage for more information
WARNING: Dynamic loading of agents will be disallowed by default in a future release
]]></system-err>
  </testcase>
  <testcase name="findByStatusAndCreatedAtBefore_ShouldReturnOldOrders" classname="com.itcs383.order.repository.OrderRepositoryTest" time="0.018">
    <failure message="expected: &lt;1&gt; but was: &lt;0&gt;" type="org.opentest4j.AssertionFailedError"><![CDATA[org.opentest4j.AssertionFailedError: expected: <1> but was: <0>
	at org.junit.jupiter.api.AssertionFailureBuilder.build(AssertionFailureBuilder.java:151)
	at org.junit.jupiter.api.AssertionFailureBuilder.buildAndThrow(AssertionFailureBuilder.java:132)
	at org.junit.jupiter.api.AssertEquals.failNotEqual(AssertEquals.java:197)
	at org.junit.jupiter.api.AssertEquals.assertEquals(AssertEquals.java:150)
	at org.junit.jupiter.api.AssertEquals.assertEquals(AssertEquals.java:145)
	at org.junit.jupiter.api.Assertions.assertEquals(Assertions.java:531)
	at com.itcs383.order.repository.OrderRepositoryTest.findByStatusAndCreatedAtBefore_ShouldReturnOldOrders(OrderRepositoryTest.java:195)
	at java.base/java.lang.reflect.Method.invoke(Method.java:580)
	at java.base/java.util.ArrayList.forEach(ArrayList.java:1596)
	at java.base/java.util.ArrayList.forEach(ArrayList.java:1596)
]]></failure>
    <system-out><![CDATA[16:38:41.644 [main] DEBUG org.hibernate.SQL - 
    /* <criteria> */ select
        o1_0.id,
        o1_0.cancellation_reason,
        o1_0.created_at,
        o1_0.customer_id,
        o1_0.delivery_address,
        o1_0.delivery_fee,
        o1_0.delivery_latitude,
        o1_0.delivery_longitude,
        o1_0.estimated_delivery_time,
        o1_0.order_number,
        o1_0.restaurant_id,
        o1_0.rider_id,
        o1_0.special_instructions,
        o1_0.status,
        o1_0.total_amount,
        o1_0.updated_at 
    from
        orders o1_0
Hibernate: 
    /* <criteria> */ select
        o1_0.id,
        o1_0.cancellation_reason,
        o1_0.created_at,
        o1_0.customer_id,
        o1_0.delivery_address,
        o1_0.delivery_fee,
        o1_0.delivery_latitude,
        o1_0.delivery_longitude,
        o1_0.estimated_delivery_time,
        o1_0.order_number,
        o1_0.restaurant_id,
        o1_0.rider_id,
        o1_0.special_instructions,
        o1_0.status,
        o1_0.total_amount,
        o1_0.updated_at 
    from
        orders o1_0
16:38:41.646 [main] DEBUG org.hibernate.SQL - 
    /* insert for
        com.itcs383.order.entity.Order */insert 
    into
        orders (cancellation_reason, created_at, customer_id, delivery_address, delivery_fee, delivery_latitude, delivery_longitude, estimated_delivery_time, order_number, restaurant_id, rider_id, special_instructions, status, total_amount, updated_at, id) 
    values
        (?, ?, ?, ?, ?, ?, ?, ?, ?, ?, ?, ?, ?, ?, ?, default)
Hibernate: 
    /* insert for
        com.itcs383.order.entity.Order */insert 
    into
        orders (cancellation_reason, created_at, customer_id, delivery_address, delivery_fee, delivery_latitude, delivery_longitude, estimated_delivery_time, order_number, restaurant_id, rider_id, special_instructions, status, total_amount, updated_at, id) 
    values
        (?, ?, ?, ?, ?, ?, ?, ?, ?, ?, ?, ?, ?, ?, ?, default)
16:38:41.647 [main] DEBUG org.hibernate.SQL - 
    /* insert for
        com.itcs383.order.entity.Order */insert 
    into
        orders (cancellation_reason, created_at, customer_id, delivery_address, delivery_fee, delivery_latitude, delivery_longitude, estimated_delivery_time, order_number, restaurant_id, rider_id, special_instructions, status, total_amount, updated_at, id) 
    values
        (?, ?, ?, ?, ?, ?, ?, ?, ?, ?, ?, ?, ?, ?, ?, default)
Hibernate: 
    /* insert for
        com.itcs383.order.entity.Order */insert 
    into
        orders (cancellation_reason, created_at, customer_id, delivery_address, delivery_fee, delivery_latitude, delivery_longitude, estimated_delivery_time, order_number, restaurant_id, rider_id, special_instructions, status, total_amount, updated_at, id) 
    values
        (?, ?, ?, ?, ?, ?, ?, ?, ?, ?, ?, ?, ?, ?, ?, default)
16:38:41.648 [main] DEBUG org.hibernate.SQL - 
    /* insert for
        com.itcs383.order.entity.Order */insert 
    into
        orders (cancellation_reason, created_at, customer_id, delivery_address, delivery_fee, delivery_latitude, delivery_longitude, estimated_delivery_time, order_number, restaurant_id, rider_id, special_instructions, status, total_amount, updated_at, id) 
    values
        (?, ?, ?, ?, ?, ?, ?, ?, ?, ?, ?, ?, ?, ?, ?, default)
Hibernate: 
    /* insert for
        com.itcs383.order.entity.Order */insert 
    into
        orders (cancellation_reason, created_at, customer_id, delivery_address, delivery_fee, delivery_latitude, delivery_longitude, estimated_delivery_time, order_number, restaurant_id, rider_id, special_instructions, status, total_amount, updated_at, id) 
    values
        (?, ?, ?, ?, ?, ?, ?, ?, ?, ?, ?, ?, ?, ?, ?, default)
16:38:41.649 [main] DEBUG org.hibernate.SQL - 
    /* insert for
        com.itcs383.order.entity.Order */insert 
    into
        orders (cancellation_reason, created_at, customer_id, delivery_address, delivery_fee, delivery_latitude, delivery_longitude, estimated_delivery_time, order_number, restaurant_id, rider_id, special_instructions, status, total_amount, updated_at, id) 
    values
        (?, ?, ?, ?, ?, ?, ?, ?, ?, ?, ?, ?, ?, ?, ?, default)
Hibernate: 
    /* insert for
        com.itcs383.order.entity.Order */insert 
    into
        orders (cancellation_reason, created_at, customer_id, delivery_address, delivery_fee, delivery_latitude, delivery_longitude, estimated_delivery_time, order_number, restaurant_id, rider_id, special_instructions, status, total_amount, updated_at, id) 
    values
        (?, ?, ?, ?, ?, ?, ?, ?, ?, ?, ?, ?, ?, ?, ?, default)
16:38:41.655 [main] DEBUG org.hibernate.SQL - 
    /* SELECT
        o 
    FROM
        
    Order o WHERE
        o.status = :status 
        AND o.createdAt < :dateTime */ select
            o1_0.id,
            o1_0.cancellation_reason,
            o1_0.created_at,
            o1_0.customer_id,
            o1_0.delivery_address,
            o1_0.delivery_fee,
            o1_0.delivery_latitude,
            o1_0.delivery_longitude,
            o1_0.estimated_delivery_time,
            o1_0.order_number,
            o1_0.restaurant_id,
            o1_0.rider_id,
            o1_0.special_instructions,
            o1_0.status,
            o1_0.total_amount,
            o1_0.updated_at 
        from
            orders o1_0 
        where
            o1_0.status=? 
            and o1_0.created_at<?
Hibernate: 
    /* SELECT
        o 
    FROM
        
    Order o WHERE
        o.status = :status 
        AND o.createdAt < :dateTime */ select
            o1_0.id,
            o1_0.cancellation_reason,
            o1_0.created_at,
            o1_0.customer_id,
            o1_0.delivery_address,
            o1_0.delivery_fee,
            o1_0.delivery_latitude,
            o1_0.delivery_longitude,
            o1_0.estimated_delivery_time,
            o1_0.order_number,
            o1_0.restaurant_id,
            o1_0.rider_id,
            o1_0.special_instructions,
            o1_0.status,
            o1_0.total_amount,
            o1_0.updated_at 
        from
            orders o1_0 
        where
            o1_0.status=? 
            and o1_0.created_at<?
]]></system-out>
  </testcase>
  <testcase name="findByOrderNumber_WithInvalidNumber_ShouldReturnEmpty" classname="com.itcs383.order.repository.OrderRepositoryTest" time="0.01">
    <system-out><![CDATA[16:38:41.664 [main] DEBUG org.hibernate.SQL - 
    /* <criteria> */ select
        o1_0.id,
        o1_0.cancellation_reason,
        o1_0.created_at,
        o1_0.customer_id,
        o1_0.delivery_address,
        o1_0.delivery_fee,
        o1_0.delivery_latitude,
        o1_0.delivery_longitude,
        o1_0.estimated_delivery_time,
        o1_0.order_number,
        o1_0.restaurant_id,
        o1_0.rider_id,
        o1_0.special_instructions,
        o1_0.status,
        o1_0.total_amount,
        o1_0.updated_at 
    from
        orders o1_0
Hibernate: 
    /* <criteria> */ select
        o1_0.id,
        o1_0.cancellation_reason,
        o1_0.created_at,
        o1_0.customer_id,
        o1_0.delivery_address,
        o1_0.delivery_fee,
        o1_0.delivery_latitude,
        o1_0.delivery_longitude,
        o1_0.estimated_delivery_time,
        o1_0.order_number,
        o1_0.restaurant_id,
        o1_0.rider_id,
        o1_0.special_instructions,
        o1_0.status,
        o1_0.total_amount,
        o1_0.updated_at 
    from
        orders o1_0
16:38:41.665 [main] DEBUG org.hibernate.SQL - 
    /* insert for
        com.itcs383.order.entity.Order */insert 
    into
        orders (cancellation_reason, created_at, customer_id, delivery_address, delivery_fee, delivery_latitude, delivery_longitude, estimated_delivery_time, order_number, restaurant_id, rider_id, special_instructions, status, total_amount, updated_at, id) 
    values
        (?, ?, ?, ?, ?, ?, ?, ?, ?, ?, ?, ?, ?, ?, ?, default)
Hibernate: 
    /* insert for
        com.itcs383.order.entity.Order */insert 
    into
        orders (cancellation_reason, created_at, customer_id, delivery_address, delivery_fee, delivery_latitude, delivery_longitude, estimated_delivery_time, order_number, restaurant_id, rider_id, special_instructions, status, total_amount, updated_at, id) 
    values
        (?, ?, ?, ?, ?, ?, ?, ?, ?, ?, ?, ?, ?, ?, ?, default)
16:38:41.666 [main] DEBUG org.hibernate.SQL - 
    /* insert for
        com.itcs383.order.entity.Order */insert 
    into
        orders (cancellation_reason, created_at, customer_id, delivery_address, delivery_fee, delivery_latitude, delivery_longitude, estimated_delivery_time, order_number, restaurant_id, rider_id, special_instructions, status, total_amount, updated_at, id) 
    values
        (?, ?, ?, ?, ?, ?, ?, ?, ?, ?, ?, ?, ?, ?, ?, default)
Hibernate: 
    /* insert for
        com.itcs383.order.entity.Order */insert 
    into
        orders (cancellation_reason, created_at, customer_id, delivery_address, delivery_fee, delivery_latitude, delivery_longitude, estimated_delivery_time, order_number, restaurant_id, rider_id, special_instructions, status, total_amount, updated_at, id) 
    values
        (?, ?, ?, ?, ?, ?, ?, ?, ?, ?, ?, ?, ?, ?, ?, default)
16:38:41.667 [main] DEBUG org.hibernate.SQL - 
    /* insert for
        com.itcs383.order.entity.Order */insert 
    into
        orders (cancellation_reason, created_at, customer_id, delivery_address, delivery_fee, delivery_latitude, delivery_longitude, estimated_delivery_time, order_number, restaurant_id, rider_id, special_instructions, status, total_amount, updated_at, id) 
    values
        (?, ?, ?, ?, ?, ?, ?, ?, ?, ?, ?, ?, ?, ?, ?, default)
Hibernate: 
    /* insert for
        com.itcs383.order.entity.Order */insert 
    into
        orders (cancellation_reason, created_at, customer_id, delivery_address, delivery_fee, delivery_latitude, delivery_longitude, estimated_delivery_time, order_number, restaurant_id, rider_id, special_instructions, status, total_amount, updated_at, id) 
    values
        (?, ?, ?, ?, ?, ?, ?, ?, ?, ?, ?, ?, ?, ?, ?, default)
16:38:41.671 [main] DEBUG org.hibernate.SQL - 
    /* <criteria> */ select
        o1_0.id,
        o1_0.cancellation_reason,
        o1_0.created_at,
        o1_0.customer_id,
        o1_0.delivery_address,
        o1_0.delivery_fee,
        o1_0.delivery_latitude,
        o1_0.delivery_longitude,
        o1_0.estimated_delivery_time,
        o1_0.order_number,
        o1_0.restaurant_id,
        o1_0.rider_id,
        o1_0.special_instructions,
        o1_0.status,
        o1_0.total_amount,
        o1_0.updated_at 
    from
        orders o1_0 
    where
        o1_0.order_number=?
Hibernate: 
    /* <criteria> */ select
        o1_0.id,
        o1_0.cancellation_reason,
        o1_0.created_at,
        o1_0.customer_id,
        o1_0.delivery_address,
        o1_0.delivery_fee,
        o1_0.delivery_latitude,
        o1_0.delivery_longitude,
        o1_0.estimated_delivery_time,
        o1_0.order_number,
        o1_0.restaurant_id,
        o1_0.rider_id,
        o1_0.special_instructions,
        o1_0.status,
        o1_0.total_amount,
        o1_0.updated_at 
    from
        orders o1_0 
    where
        o1_0.order_number=?
]]></system-out>
  </testcase>
  <testcase name="findByRestaurantIdAndStatusOrderByCreatedAtAsc_ShouldReturnFilteredRestaurantOrders" classname="com.itcs383.order.repository.OrderRepositoryTest" time="0.014">
    <system-out><![CDATA[16:38:41.675 [main] DEBUG org.hibernate.SQL - 
    /* <criteria> */ select
        o1_0.id,
        o1_0.cancellation_reason,
        o1_0.created_at,
        o1_0.customer_id,
        o1_0.delivery_address,
        o1_0.delivery_fee,
        o1_0.delivery_latitude,
        o1_0.delivery_longitude,
        o1_0.estimated_delivery_time,
        o1_0.order_number,
        o1_0.restaurant_id,
        o1_0.rider_id,
        o1_0.special_instructions,
        o1_0.status,
        o1_0.total_amount,
        o1_0.updated_at 
    from
        orders o1_0
Hibernate: 
    /* <criteria> */ select
        o1_0.id,
        o1_0.cancellation_reason,
        o1_0.created_at,
        o1_0.customer_id,
        o1_0.delivery_address,
        o1_0.delivery_fee,
        o1_0.delivery_latitude,
        o1_0.delivery_longitude,
        o1_0.estimated_delivery_time,
        o1_0.order_number,
        o1_0.restaurant_id,
        o1_0.rider_id,
        o1_0.special_instructions,
        o1_0.status,
        o1_0.total_amount,
        o1_0.updated_at 
    from
        orders o1_0
16:38:41.676 [main] DEBUG org.hibernate.SQL - 
    /* insert for
        com.itcs383.order.entity.Order */insert 
    into
        orders (cancellation_reason, created_at, customer_id, delivery_address, delivery_fee, delivery_latitude, delivery_longitude, estimated_delivery_time, order_number, restaurant_id, rider_id, special_instructions, status, total_amount, updated_at, id) 
    values
        (?, ?, ?, ?, ?, ?, ?, ?, ?, ?, ?, ?, ?, ?, ?, default)
Hibernate: 
    /* insert for
        com.itcs383.order.entity.Order */insert 
    into
        orders (cancellation_reason, created_at, customer_id, delivery_address, delivery_fee, delivery_latitude, delivery_longitude, estimated_delivery_time, order_number, restaurant_id, rider_id, special_instructions, status, total_amount, updated_at, id) 
    values
        (?, ?, ?, ?, ?, ?, ?, ?, ?, ?, ?, ?, ?, ?, ?, default)
16:38:41.677 [main] DEBUG org.hibernate.SQL - 
    /* insert for
        com.itcs383.order.entity.Order */insert 
    into
        orders (cancellation_reason, created_at, customer_id, delivery_address, delivery_fee, delivery_latitude, delivery_longitude, estimated_delivery_time, order_number, restaurant_id, rider_id, special_instructions, status, total_amount, updated_at, id) 
    values
        (?, ?, ?, ?, ?, ?, ?, ?, ?, ?, ?, ?, ?, ?, ?, default)
Hibernate: 
    /* insert for
        com.itcs383.order.entity.Order */insert 
    into
        orders (cancellation_reason, created_at, customer_id, delivery_address, delivery_fee, delivery_latitude, delivery_longitude, estimated_delivery_time, order_number, restaurant_id, rider_id, special_instructions, status, total_amount, updated_at, id) 
    values
        (?, ?, ?, ?, ?, ?, ?, ?, ?, ?, ?, ?, ?, ?, ?, default)
16:38:41.678 [main] DEBUG org.hibernate.SQL - 
    /* insert for
        com.itcs383.order.entity.Order */insert 
    into
        orders (cancellation_reason, created_at, customer_id, delivery_address, delivery_fee, delivery_latitude, delivery_longitude, estimated_delivery_time, order_number, restaurant_id, rider_id, special_instructions, status, total_amount, updated_at, id) 
    values
        (?, ?, ?, ?, ?, ?, ?, ?, ?, ?, ?, ?, ?, ?, ?, default)
Hibernate: 
    /* insert for
        com.itcs383.order.entity.Order */insert 
    into
        orders (cancellation_reason, created_at, customer_id, delivery_address, delivery_fee, delivery_latitude, delivery_longitude, estimated_delivery_time, order_number, restaurant_id, rider_id, special_instructions, status, total_amount, updated_at, id) 
    values
        (?, ?, ?, ?, ?, ?, ?, ?, ?, ?, ?, ?, ?, ?, ?, default)
16:38:41.681 [main] DEBUG org.hibernate.SQL - 
    /* SELECT
        o 
    FROM
        
    Order o WHERE
        o.restaurantId = :restaurantId 
        AND o.status = :status 
    ORDER BY
        o.createdAt ASC */ select
            o1_0.id,
            o1_0.cancellation_reason,
            o1_0.created_at,
            o1_0.customer_id,
            o1_0.delivery_address,
            o1_0.delivery_fee,
            o1_0.delivery_latitude,
            o1_0.delivery_longitude,
            o1_0.estimated_delivery_time,
            o1_0.order_number,
            o1_0.restaurant_id,
            o1_0.rider_id,
            o1_0.special_instructions,
            o1_0.status,
            o1_0.total_amount,
            o1_0.updated_at 
        from
            orders o1_0 
        where
            o1_0.restaurant_id=? 
            and o1_0.status=? 
        order by
            o1_0.created_at 
        offset
            ? rows 
        fetch
            first ? rows only
Hibernate: 
    /* SELECT
        o 
    FROM
        
    Order o WHERE
        o.restaurantId = :restaurantId 
        AND o.status = :status 
    ORDER BY
        o.createdAt ASC */ select
            o1_0.id,
            o1_0.cancellation_reason,
            o1_0.created_at,
            o1_0.customer_id,
            o1_0.delivery_address,
            o1_0.delivery_fee,
            o1_0.delivery_latitude,
            o1_0.delivery_longitude,
            o1_0.estimated_delivery_time,
            o1_0.order_number,
            o1_0.restaurant_id,
            o1_0.rider_id,
            o1_0.special_instructions,
            o1_0.status,
            o1_0.total_amount,
            o1_0.updated_at 
        from
            orders o1_0 
        where
            o1_0.restaurant_id=? 
            and o1_0.status=? 
        order by
            o1_0.created_at 
        offset
            ? rows 
        fetch
            first ? rows only
]]></system-out>
  </testcase>
  <testcase name="countByRestaurantIdAndStatus_ShouldReturnCorrectCount" classname="com.itcs383.order.repository.OrderRepositoryTest" time="0.011">
    <system-out><![CDATA[16:38:41.689 [main] DEBUG org.hibernate.SQL - 
    /* <criteria> */ select
        o1_0.id,
        o1_0.cancellation_reason,
        o1_0.created_at,
        o1_0.customer_id,
        o1_0.delivery_address,
        o1_0.delivery_fee,
        o1_0.delivery_latitude,
        o1_0.delivery_longitude,
        o1_0.estimated_delivery_time,
        o1_0.order_number,
        o1_0.restaurant_id,
        o1_0.rider_id,
        o1_0.special_instructions,
        o1_0.status,
        o1_0.total_amount,
        o1_0.updated_at 
    from
        orders o1_0
Hibernate: 
    /* <criteria> */ select
        o1_0.id,
        o1_0.cancellation_reason,
        o1_0.created_at,
        o1_0.customer_id,
        o1_0.delivery_address,
        o1_0.delivery_fee,
        o1_0.delivery_latitude,
        o1_0.delivery_longitude,
        o1_0.estimated_delivery_time,
        o1_0.order_number,
        o1_0.restaurant_id,
        o1_0.rider_id,
        o1_0.special_instructions,
        o1_0.status,
        o1_0.total_amount,
        o1_0.updated_at 
    from
        orders o1_0
16:38:41.691 [main] DEBUG org.hibernate.SQL - 
    /* insert for
        com.itcs383.order.entity.Order */insert 
    into
        orders (cancellation_reason, created_at, customer_id, delivery_address, delivery_fee, delivery_latitude, delivery_longitude, estimated_delivery_time, order_number, restaurant_id, rider_id, special_instructions, status, total_amount, updated_at, id) 
    values
        (?, ?, ?, ?, ?, ?, ?, ?, ?, ?, ?, ?, ?, ?, ?, default)
Hibernate: 
    /* insert for
        com.itcs383.order.entity.Order */insert 
    into
        orders (cancellation_reason, created_at, customer_id, delivery_address, delivery_fee, delivery_latitude, delivery_longitude, estimated_delivery_time, order_number, restaurant_id, rider_id, special_instructions, status, total_amount, updated_at, id) 
    values
        (?, ?, ?, ?, ?, ?, ?, ?, ?, ?, ?, ?, ?, ?, ?, default)
16:38:41.692 [main] DEBUG org.hibernate.SQL - 
    /* insert for
        com.itcs383.order.entity.Order */insert 
    into
        orders (cancellation_reason, created_at, customer_id, delivery_address, delivery_fee, delivery_latitude, delivery_longitude, estimated_delivery_time, order_number, restaurant_id, rider_id, special_instructions, status, total_amount, updated_at, id) 
    values
        (?, ?, ?, ?, ?, ?, ?, ?, ?, ?, ?, ?, ?, ?, ?, default)
Hibernate: 
    /* insert for
        com.itcs383.order.entity.Order */insert 
    into
        orders (cancellation_reason, created_at, customer_id, delivery_address, delivery_fee, delivery_latitude, delivery_longitude, estimated_delivery_time, order_number, restaurant_id, rider_id, special_instructions, status, total_amount, updated_at, id) 
    values
        (?, ?, ?, ?, ?, ?, ?, ?, ?, ?, ?, ?, ?, ?, ?, default)
16:38:41.693 [main] DEBUG org.hibernate.SQL - 
    /* insert for
        com.itcs383.order.entity.Order */insert 
    into
        orders (cancellation_reason, created_at, customer_id, delivery_address, delivery_fee, delivery_latitude, delivery_longitude, estimated_delivery_time, order_number, restaurant_id, rider_id, special_instructions, status, total_amount, updated_at, id) 
    values
        (?, ?, ?, ?, ?, ?, ?, ?, ?, ?, ?, ?, ?, ?, ?, default)
Hibernate: 
    /* insert for
        com.itcs383.order.entity.Order */insert 
    into
        orders (cancellation_reason, created_at, customer_id, delivery_address, delivery_fee, delivery_latitude, delivery_longitude, estimated_delivery_time, order_number, restaurant_id, rider_id, special_instructions, status, total_amount, updated_at, id) 
    values
        (?, ?, ?, ?, ?, ?, ?, ?, ?, ?, ?, ?, ?, ?, ?, default)
16:38:41.696 [main] DEBUG org.hibernate.SQL - 
    /* SELECT
        COUNT(o) 
    FROM
        
    Order o WHERE
        o.restaurantId = :restaurantId 
        AND o.status = :status */ select
            count(o1_0.id) 
        from
            orders o1_0 
        where
            o1_0.restaurant_id=? 
            and o1_0.status=?
Hibernate: 
    /* SELECT
        COUNT(o) 
    FROM
        
    Order o WHERE
        o.restaurantId = :restaurantId 
        AND o.status = :status */ select
            count(o1_0.id) 
        from
            orders o1_0 
        where
            o1_0.restaurant_id=? 
            and o1_0.status=?
]]></system-out>
  </testcase>
  <testcase name="orderWithItems_ShouldPersistAndLoadCorrectly" classname="com.itcs383.order.repository.OrderRepositoryTest" time="0.015">
    <system-out><![CDATA[16:38:41.701 [main] DEBUG org.hibernate.SQL - 
    /* <criteria> */ select
        o1_0.id,
        o1_0.cancellation_reason,
        o1_0.created_at,
        o1_0.customer_id,
        o1_0.delivery_address,
        o1_0.delivery_fee,
        o1_0.delivery_latitude,
        o1_0.delivery_longitude,
        o1_0.estimated_delivery_time,
        o1_0.order_number,
        o1_0.restaurant_id,
        o1_0.rider_id,
        o1_0.special_instructions,
        o1_0.status,
        o1_0.total_amount,
        o1_0.updated_at 
    from
        orders o1_0
Hibernate: 
    /* <criteria> */ select
        o1_0.id,
        o1_0.cancellation_reason,
        o1_0.created_at,
        o1_0.customer_id,
        o1_0.delivery_address,
        o1_0.delivery_fee,
        o1_0.delivery_latitude,
        o1_0.delivery_longitude,
        o1_0.estimated_delivery_time,
        o1_0.order_number,
        o1_0.restaurant_id,
        o1_0.rider_id,
        o1_0.special_instructions,
        o1_0.status,
        o1_0.total_amount,
        o1_0.updated_at 
    from
        orders o1_0
16:38:41.702 [main] DEBUG org.hibernate.SQL - 
    /* insert for
        com.itcs383.order.entity.Order */insert 
    into
        orders (cancellation_reason, created_at, customer_id, delivery_address, delivery_fee, delivery_latitude, delivery_longitude, estimated_delivery_time, order_number, restaurant_id, rider_id, special_instructions, status, total_amount, updated_at, id) 
    values
        (?, ?, ?, ?, ?, ?, ?, ?, ?, ?, ?, ?, ?, ?, ?, default)
Hibernate: 
    /* insert for
        com.itcs383.order.entity.Order */insert 
    into
        orders (cancellation_reason, created_at, customer_id, delivery_address, delivery_fee, delivery_latitude, delivery_longitude, estimated_delivery_time, order_number, restaurant_id, rider_id, special_instructions, status, total_amount, updated_at, id) 
    values
        (?, ?, ?, ?, ?, ?, ?, ?, ?, ?, ?, ?, ?, ?, ?, default)
16:38:41.703 [main] DEBUG org.hibernate.SQL - 
    /* insert for
        com.itcs383.order.entity.Order */insert 
    into
        orders (cancellation_reason, created_at, customer_id, delivery_address, delivery_fee, delivery_latitude, delivery_longitude, estimated_delivery_time, order_number, restaurant_id, rider_id, special_instructions, status, total_amount, updated_at, id) 
    values
        (?, ?, ?, ?, ?, ?, ?, ?, ?, ?, ?, ?, ?, ?, ?, default)
Hibernate: 
    /* insert for
        com.itcs383.order.entity.Order */insert 
    into
        orders (cancellation_reason, created_at, customer_id, delivery_address, delivery_fee, delivery_latitude, delivery_longitude, estimated_delivery_time, order_number, restaurant_id, rider_id, special_instructions, status, total_amount, updated_at, id) 
    values
        (?, ?, ?, ?, ?, ?, ?, ?, ?, ?, ?, ?, ?, ?, ?, default)
16:38:41.704 [main] DEBUG org.hibernate.SQL - 
    /* insert for
        com.itcs383.order.entity.Order */insert 
    into
        orders (cancellation_reason, created_at, customer_id, delivery_address, delivery_fee, delivery_latitude, delivery_longitude, estimated_delivery_time, order_number, restaurant_id, rider_id, special_instructions, status, total_amount, updated_at, id) 
    values
        (?, ?, ?, ?, ?, ?, ?, ?, ?, ?, ?, ?, ?, ?, ?, default)
Hibernate: 
    /* insert for
        com.itcs383.order.entity.Order */insert 
    into
        orders (cancellation_reason, created_at, customer_id, delivery_address, delivery_fee, delivery_latitude, delivery_longitude, estimated_delivery_time, order_number, restaurant_id, rider_id, special_instructions, status, total_amount, updated_at, id) 
    values
        (?, ?, ?, ?, ?, ?, ?, ?, ?, ?, ?, ?, ?, ?, ?, default)
16:38:41.705 [main] DEBUG org.hibernate.SQL - 
    /* insert for
        com.itcs383.order.entity.Order */insert 
    into
        orders (cancellation_reason, created_at, customer_id, delivery_address, delivery_fee, delivery_latitude, delivery_longitude, estimated_delivery_time, order_number, restaurant_id, rider_id, special_instructions, status, total_amount, updated_at, id) 
    values
        (?, ?, ?, ?, ?, ?, ?, ?, ?, ?, ?, ?, ?, ?, ?, default)
Hibernate: 
    /* insert for
        com.itcs383.order.entity.Order */insert 
    into
        orders (cancellation_reason, created_at, customer_id, delivery_address, delivery_fee, delivery_latitude, delivery_longitude, estimated_delivery_time, order_number, restaurant_id, rider_id, special_instructions, status, total_amount, updated_at, id) 
    values
        (?, ?, ?, ?, ?, ?, ?, ?, ?, ?, ?, ?, ?, ?, ?, default)
16:38:41.706 [main] DEBUG org.hibernate.SQL - 
    /* insert for
        com.itcs383.order.entity.OrderItem */insert 
    into
        order_items (menu_item_id, menu_item_name, order_id, quantity, special_requests, total_price, unit_price, id) 
    values
        (?, ?, ?, ?, ?, ?, ?, default)
Hibernate: 
    /* insert for
        com.itcs383.order.entity.OrderItem */insert 
    into
        order_items (menu_item_id, menu_item_name, order_id, quantity, special_requests, total_price, unit_price, id) 
    values
        (?, ?, ?, ?, ?, ?, ?, default)
16:38:41.706 [main] DEBUG org.hibernate.SQL - 
    /* insert for
        com.itcs383.order.entity.OrderItem */insert 
    into
        order_items (menu_item_id, menu_item_name, order_id, quantity, special_requests, total_price, unit_price, id) 
    values
        (?, ?, ?, ?, ?, ?, ?, default)
Hibernate: 
    /* insert for
        com.itcs383.order.entity.OrderItem */insert 
    into
        order_items (menu_item_id, menu_item_name, order_id, quantity, special_requests, total_price, unit_price, id) 
    values
        (?, ?, ?, ?, ?, ?, ?, default)
16:38:41.707 [main] DEBUG org.hibernate.SQL - 
    select
        o1_0.id,
        o1_0.cancellation_reason,
        o1_0.created_at,
        o1_0.customer_id,
        o1_0.delivery_address,
        o1_0.delivery_fee,
        o1_0.delivery_latitude,
        o1_0.delivery_longitude,
        o1_0.estimated_delivery_time,
        o1_0.order_number,
        o1_0.restaurant_id,
        o1_0.rider_id,
        o1_0.special_instructions,
        o1_0.status,
        o1_0.total_amount,
        o1_0.updated_at 
    from
        orders o1_0 
    where
        o1_0.id=?
Hibernate: 
    select
        o1_0.id,
        o1_0.cancellation_reason,
        o1_0.created_at,
        o1_0.customer_id,
        o1_0.delivery_address,
        o1_0.delivery_fee,
        o1_0.delivery_latitude,
        o1_0.delivery_longitude,
        o1_0.estimated_delivery_time,
        o1_0.order_number,
        o1_0.restaurant_id,
        o1_0.rider_id,
        o1_0.special_instructions,
        o1_0.status,
        o1_0.total_amount,
        o1_0.updated_at 
    from
        orders o1_0 
    where
        o1_0.id=?
16:38:41.711 [main] DEBUG org.hibernate.SQL - 
    select
        oi1_0.order_id,
        oi1_0.id,
        oi1_0.menu_item_id,
        oi1_0.menu_item_name,
        oi1_0.quantity,
        oi1_0.special_requests,
        oi1_0.total_price,
        oi1_0.unit_price 
    from
        order_items oi1_0 
    where
        oi1_0.order_id=?
Hibernate: 
    select
        oi1_0.order_id,
        oi1_0.id,
        oi1_0.menu_item_id,
        oi1_0.menu_item_name,
        oi1_0.quantity,
        oi1_0.special_requests,
        oi1_0.total_price,
        oi1_0.unit_price 
    from
        order_items oi1_0 
    where
        oi1_0.order_id=?
]]></system-out>
  </testcase>
  <testcase name="findByOrderNumber_WithValidNumber_ShouldReturnOrder" classname="com.itcs383.order.repository.OrderRepositoryTest" time="0.009">
    <system-out><![CDATA[16:38:41.716 [main] DEBUG org.hibernate.SQL - 
    /* <criteria> */ select
        o1_0.id,
        o1_0.cancellation_reason,
        o1_0.created_at,
        o1_0.customer_id,
        o1_0.delivery_address,
        o1_0.delivery_fee,
        o1_0.delivery_latitude,
        o1_0.delivery_longitude,
        o1_0.estimated_delivery_time,
        o1_0.order_number,
        o1_0.restaurant_id,
        o1_0.rider_id,
        o1_0.special_instructions,
        o1_0.status,
        o1_0.total_amount,
        o1_0.updated_at 
    from
        orders o1_0
Hibernate: 
    /* <criteria> */ select
        o1_0.id,
        o1_0.cancellation_reason,
        o1_0.created_at,
        o1_0.customer_id,
        o1_0.delivery_address,
        o1_0.delivery_fee,
        o1_0.delivery_latitude,
        o1_0.delivery_longitude,
        o1_0.estimated_delivery_time,
        o1_0.order_number,
        o1_0.restaurant_id,
        o1_0.rider_id,
        o1_0.special_instructions,
        o1_0.status,
        o1_0.total_amount,
        o1_0.updated_at 
    from
        orders o1_0
16:38:41.718 [main] DEBUG org.hibernate.SQL - 
    /* insert for
        com.itcs383.order.entity.Order */insert 
    into
        orders (cancellation_reason, created_at, customer_id, delivery_address, delivery_fee, delivery_latitude, delivery_longitude, estimated_delivery_time, order_number, restaurant_id, rider_id, special_instructions, status, total_amount, updated_at, id) 
    values
        (?, ?, ?, ?, ?, ?, ?, ?, ?, ?, ?, ?, ?, ?, ?, default)
Hibernate: 
    /* insert for
        com.itcs383.order.entity.Order */insert 
    into
        orders (cancellation_reason, created_at, customer_id, delivery_address, delivery_fee, delivery_latitude, delivery_longitude, estimated_delivery_time, order_number, restaurant_id, rider_id, special_instructions, status, total_amount, updated_at, id) 
    values
        (?, ?, ?, ?, ?, ?, ?, ?, ?, ?, ?, ?, ?, ?, ?, default)
16:38:41.719 [main] DEBUG org.hibernate.SQL - 
    /* insert for
        com.itcs383.order.entity.Order */insert 
    into
        orders (cancellation_reason, created_at, customer_id, delivery_address, delivery_fee, delivery_latitude, delivery_longitude, estimated_delivery_time, order_number, restaurant_id, rider_id, special_instructions, status, total_amount, updated_at, id) 
    values
        (?, ?, ?, ?, ?, ?, ?, ?, ?, ?, ?, ?, ?, ?, ?, default)
Hibernate: 
    /* insert for
        com.itcs383.order.entity.Order */insert 
    into
        orders (cancellation_reason, created_at, customer_id, delivery_address, delivery_fee, delivery_latitude, delivery_longitude, estimated_delivery_time, order_number, restaurant_id, rider_id, special_instructions, status, total_amount, updated_at, id) 
    values
        (?, ?, ?, ?, ?, ?, ?, ?, ?, ?, ?, ?, ?, ?, ?, default)
16:38:41.720 [main] DEBUG org.hibernate.SQL - 
    /* insert for
        com.itcs383.order.entity.Order */insert 
    into
        orders (cancellation_reason, created_at, customer_id, delivery_address, delivery_fee, delivery_latitude, delivery_longitude, estimated_delivery_time, order_number, restaurant_id, rider_id, special_instructions, status, total_amount, updated_at, id) 
    values
        (?, ?, ?, ?, ?, ?, ?, ?, ?, ?, ?, ?, ?, ?, ?, default)
Hibernate: 
    /* insert for
        com.itcs383.order.entity.Order */insert 
    into
        orders (cancellation_reason, created_at, customer_id, delivery_address, delivery_fee, delivery_latitude, delivery_longitude, estimated_delivery_time, order_number, restaurant_id, rider_id, special_instructions, status, total_amount, updated_at, id) 
    values
        (?, ?, ?, ?, ?, ?, ?, ?, ?, ?, ?, ?, ?, ?, ?, default)
16:38:41.721 [main] DEBUG org.hibernate.SQL - 
    /* <criteria> */ select
        o1_0.id,
        o1_0.cancellation_reason,
        o1_0.created_at,
        o1_0.customer_id,
        o1_0.delivery_address,
        o1_0.delivery_fee,
        o1_0.delivery_latitude,
        o1_0.delivery_longitude,
        o1_0.estimated_delivery_time,
        o1_0.order_number,
        o1_0.restaurant_id,
        o1_0.rider_id,
        o1_0.special_instructions,
        o1_0.status,
        o1_0.total_amount,
        o1_0.updated_at 
    from
        orders o1_0 
    where
        o1_0.order_number=?
Hibernate: 
    /* <criteria> */ select
        o1_0.id,
        o1_0.cancellation_reason,
        o1_0.created_at,
        o1_0.customer_id,
        o1_0.delivery_address,
        o1_0.delivery_fee,
        o1_0.delivery_latitude,
        o1_0.delivery_longitude,
        o1_0.estimated_delivery_time,
        o1_0.order_number,
        o1_0.restaurant_id,
        o1_0.rider_id,
        o1_0.special_instructions,
        o1_0.status,
        o1_0.total_amount,
        o1_0.updated_at 
    from
        orders o1_0 
    where
        o1_0.order_number=?
]]></system-out>
  </testcase>
  <testcase name="paginationAndSorting_ShouldWorkCorrectly" classname="com.itcs383.order.repository.OrderRepositoryTest" time="0.026">
    <system-out><![CDATA[16:38:41.725 [main] DEBUG org.hibernate.SQL - 
    /* <criteria> */ select
        o1_0.id,
        o1_0.cancellation_reason,
        o1_0.created_at,
        o1_0.customer_id,
        o1_0.delivery_address,
        o1_0.delivery_fee,
        o1_0.delivery_latitude,
        o1_0.delivery_longitude,
        o1_0.estimated_delivery_time,
        o1_0.order_number,
        o1_0.restaurant_id,
        o1_0.rider_id,
        o1_0.special_instructions,
        o1_0.status,
        o1_0.total_amount,
        o1_0.updated_at 
    from
        orders o1_0
Hibernate: 
    /* <criteria> */ select
        o1_0.id,
        o1_0.cancellation_reason,
        o1_0.created_at,
        o1_0.customer_id,
        o1_0.delivery_address,
        o1_0.delivery_fee,
        o1_0.delivery_latitude,
        o1_0.delivery_longitude,
        o1_0.estimated_delivery_time,
        o1_0.order_number,
        o1_0.restaurant_id,
        o1_0.rider_id,
        o1_0.special_instructions,
        o1_0.status,
        o1_0.total_amount,
        o1_0.updated_at 
    from
        orders o1_0
16:38:41.726 [main] DEBUG org.hibernate.SQL - 
    /* insert for
        com.itcs383.order.entity.Order */insert 
    into
        orders (cancellation_reason, created_at, customer_id, delivery_address, delivery_fee, delivery_latitude, delivery_longitude, estimated_delivery_time, order_number, restaurant_id, rider_id, special_instructions, status, total_amount, updated_at, id) 
    values
        (?, ?, ?, ?, ?, ?, ?, ?, ?, ?, ?, ?, ?, ?, ?, default)
Hibernate: 
    /* insert for
        com.itcs383.order.entity.Order */insert 
    into
        orders (cancellation_reason, created_at, customer_id, delivery_address, delivery_fee, delivery_latitude, delivery_longitude, estimated_delivery_time, order_number, restaurant_id, rider_id, special_instructions, status, total_amount, updated_at, id) 
    values
        (?, ?, ?, ?, ?, ?, ?, ?, ?, ?, ?, ?, ?, ?, ?, default)
16:38:41.727 [main] DEBUG org.hibernate.SQL - 
    /* insert for
        com.itcs383.order.entity.Order */insert 
    into
        orders (cancellation_reason, created_at, customer_id, delivery_address, delivery_fee, delivery_latitude, delivery_longitude, estimated_delivery_time, order_number, restaurant_id, rider_id, special_instructions, status, total_amount, updated_at, id) 
    values
        (?, ?, ?, ?, ?, ?, ?, ?, ?, ?, ?, ?, ?, ?, ?, default)
Hibernate: 
    /* insert for
        com.itcs383.order.entity.Order */insert 
    into
        orders (cancellation_reason, created_at, customer_id, delivery_address, delivery_fee, delivery_latitude, delivery_longitude, estimated_delivery_time, order_number, restaurant_id, rider_id, special_instructions, status, total_amount, updated_at, id) 
    values
        (?, ?, ?, ?, ?, ?, ?, ?, ?, ?, ?, ?, ?, ?, ?, default)
16:38:41.728 [main] DEBUG org.hibernate.SQL - 
    /* insert for
        com.itcs383.order.entity.Order */insert 
    into
        orders (cancellation_reason, created_at, customer_id, delivery_address, delivery_fee, delivery_latitude, delivery_longitude, estimated_delivery_time, order_number, restaurant_id, rider_id, special_instructions, status, total_amount, updated_at, id) 
    values
        (?, ?, ?, ?, ?, ?, ?, ?, ?, ?, ?, ?, ?, ?, ?, default)
Hibernate: 
    /* insert for
        com.itcs383.order.entity.Order */insert 
    into
        orders (cancellation_reason, created_at, customer_id, delivery_address, delivery_fee, delivery_latitude, delivery_longitude, estimated_delivery_time, order_number, restaurant_id, rider_id, special_instructions, status, total_amount, updated_at, id) 
    values
        (?, ?, ?, ?, ?, ?, ?, ?, ?, ?, ?, ?, ?, ?, ?, default)
16:38:41.729 [main] DEBUG org.hibernate.SQL - 
    /* insert for
        com.itcs383.order.entity.Order */insert 
    into
        orders (cancellation_reason, created_at, customer_id, delivery_address, delivery_fee, delivery_latitude, delivery_longitude, estimated_delivery_time, order_number, restaurant_id, rider_id, special_instructions, status, total_amount, updated_at, id) 
    values
        (?, ?, ?, ?, ?, ?, ?, ?, ?, ?, ?, ?, ?, ?, ?, default)
Hibernate: 
    /* insert for
        com.itcs383.order.entity.Order */insert 
    into
        orders (cancellation_reason, created_at, customer_id, delivery_address, delivery_fee, delivery_latitude, delivery_longitude, estimated_delivery_time, order_number, restaurant_id, rider_id, special_instructions, status, total_amount, updated_at, id) 
    values
        (?, ?, ?, ?, ?, ?, ?, ?, ?, ?, ?, ?, ?, ?, ?, default)
16:38:41.729 [main] DEBUG org.hibernate.SQL - 
    /* insert for
        com.itcs383.order.entity.Order */insert 
    into
        orders (cancellation_reason, created_at, customer_id, delivery_address, delivery_fee, delivery_latitude, delivery_longitude, estimated_delivery_time, order_number, restaurant_id, rider_id, special_instructions, status, total_amount, updated_at, id) 
    values
        (?, ?, ?, ?, ?, ?, ?, ?, ?, ?, ?, ?, ?, ?, ?, default)
Hibernate: 
    /* insert for
        com.itcs383.order.entity.Order */insert 
    into
        orders (cancellation_reason, created_at, customer_id, delivery_address, delivery_fee, delivery_latitude, delivery_longitude, estimated_delivery_time, order_number, restaurant_id, rider_id, special_instructions, status, total_amount, updated_at, id) 
    values
        (?, ?, ?, ?, ?, ?, ?, ?, ?, ?, ?, ?, ?, ?, ?, default)
16:38:41.730 [main] DEBUG org.hibernate.SQL - 
    /* insert for
        com.itcs383.order.entity.Order */insert 
    into
        orders (cancellation_reason, created_at, customer_id, delivery_address, delivery_fee, delivery_latitude, delivery_longitude, estimated_delivery_time, order_number, restaurant_id, rider_id, special_instructions, status, total_amount, updated_at, id) 
    values
        (?, ?, ?, ?, ?, ?, ?, ?, ?, ?, ?, ?, ?, ?, ?, default)
Hibernate: 
    /* insert for
        com.itcs383.order.entity.Order */insert 
    into
        orders (cancellation_reason, created_at, customer_id, delivery_address, delivery_fee, delivery_latitude, delivery_longitude, estimated_delivery_time, order_number, restaurant_id, rider_id, special_instructions, status, total_amount, updated_at, id) 
    values
        (?, ?, ?, ?, ?, ?, ?, ?, ?, ?, ?, ?, ?, ?, ?, default)
16:38:41.731 [main] DEBUG org.hibernate.SQL - 
    /* insert for
        com.itcs383.order.entity.Order */insert 
    into
        orders (cancellation_reason, created_at, customer_id, delivery_address, delivery_fee, delivery_latitude, delivery_longitude, estimated_delivery_time, order_number, restaurant_id, rider_id, special_instructions, status, total_amount, updated_at, id) 
    values
        (?, ?, ?, ?, ?, ?, ?, ?, ?, ?, ?, ?, ?, ?, ?, default)
Hibernate: 
    /* insert for
        com.itcs383.order.entity.Order */insert 
    into
        orders (cancellation_reason, created_at, customer_id, delivery_address, delivery_fee, delivery_latitude, delivery_longitude, estimated_delivery_time, order_number, restaurant_id, rider_id, special_instructions, status, total_amount, updated_at, id) 
    values
        (?, ?, ?, ?, ?, ?, ?, ?, ?, ?, ?, ?, ?, ?, ?, default)
16:38:41.731 [main] DEBUG org.hibernate.SQL - 
    /* insert for
        com.itcs383.order.entity.Order */insert 
    into
        orders (cancellation_reason, created_at, customer_id, delivery_address, delivery_fee, delivery_latitude, delivery_longitude, estimated_delivery_time, order_number, restaurant_id, rider_id, special_instructions, status, total_amount, updated_at, id) 
    values
        (?, ?, ?, ?, ?, ?, ?, ?, ?, ?, ?, ?, ?, ?, ?, default)
Hibernate: 
    /* insert for
        com.itcs383.order.entity.Order */insert 
    into
        orders (cancellation_reason, created_at, customer_id, delivery_address, delivery_fee, delivery_latitude, delivery_longitude, estimated_delivery_time, order_number, restaurant_id, rider_id, special_instructions, status, total_amount, updated_at, id) 
    values
        (?, ?, ?, ?, ?, ?, ?, ?, ?, ?, ?, ?, ?, ?, ?, default)
16:38:41.732 [main] DEBUG org.hibernate.SQL - 
    /* insert for
        com.itcs383.order.entity.Order */insert 
    into
        orders (cancellation_reason, created_at, customer_id, delivery_address, delivery_fee, delivery_latitude, delivery_longitude, estimated_delivery_time, order_number, restaurant_id, rider_id, special_instructions, status, total_amount, updated_at, id) 
    values
        (?, ?, ?, ?, ?, ?, ?, ?, ?, ?, ?, ?, ?, ?, ?, default)
Hibernate: 
    /* insert for
        com.itcs383.order.entity.Order */insert 
    into
        orders (cancellation_reason, created_at, customer_id, delivery_address, delivery_fee, delivery_latitude, delivery_longitude, estimated_delivery_time, order_number, restaurant_id, rider_id, special_instructions, status, total_amount, updated_at, id) 
    values
        (?, ?, ?, ?, ?, ?, ?, ?, ?, ?, ?, ?, ?, ?, ?, default)
16:38:41.733 [main] DEBUG org.hibernate.SQL - 
    /* insert for
        com.itcs383.order.entity.Order */insert 
    into
        orders (cancellation_reason, created_at, customer_id, delivery_address, delivery_fee, delivery_latitude, delivery_longitude, estimated_delivery_time, order_number, restaurant_id, rider_id, special_instructions, status, total_amount, updated_at, id) 
    values
        (?, ?, ?, ?, ?, ?, ?, ?, ?, ?, ?, ?, ?, ?, ?, default)
Hibernate: 
    /* insert for
        com.itcs383.order.entity.Order */insert 
    into
        orders (cancellation_reason, created_at, customer_id, delivery_address, delivery_fee, delivery_latitude, delivery_longitude, estimated_delivery_time, order_number, restaurant_id, rider_id, special_instructions, status, total_amount, updated_at, id) 
    values
        (?, ?, ?, ?, ?, ?, ?, ?, ?, ?, ?, ?, ?, ?, ?, default)
16:38:41.734 [main] DEBUG org.hibernate.SQL - 
    /* insert for
        com.itcs383.order.entity.Order */insert 
    into
        orders (cancellation_reason, created_at, customer_id, delivery_address, delivery_fee, delivery_latitude, delivery_longitude, estimated_delivery_time, order_number, restaurant_id, rider_id, special_instructions, status, total_amount, updated_at, id) 
    values
        (?, ?, ?, ?, ?, ?, ?, ?, ?, ?, ?, ?, ?, ?, ?, default)
Hibernate: 
    /* insert for
        com.itcs383.order.entity.Order */insert 
    into
        orders (cancellation_reason, created_at, customer_id, delivery_address, delivery_fee, delivery_latitude, delivery_longitude, estimated_delivery_time, order_number, restaurant_id, rider_id, special_instructions, status, total_amount, updated_at, id) 
    values
        (?, ?, ?, ?, ?, ?, ?, ?, ?, ?, ?, ?, ?, ?, ?, default)
16:38:41.734 [main] DEBUG org.hibernate.SQL - 
    /* insert for
        com.itcs383.order.entity.Order */insert 
    into
        orders (cancellation_reason, created_at, customer_id, delivery_address, delivery_fee, delivery_latitude, delivery_longitude, estimated_delivery_time, order_number, restaurant_id, rider_id, special_instructions, status, total_amount, updated_at, id) 
    values
        (?, ?, ?, ?, ?, ?, ?, ?, ?, ?, ?, ?, ?, ?, ?, default)
Hibernate: 
    /* insert for
        com.itcs383.order.entity.Order */insert 
    into
        orders (cancellation_reason, created_at, customer_id, delivery_address, delivery_fee, delivery_latitude, delivery_longitude, estimated_delivery_time, order_number, restaurant_id, rider_id, special_instructions, status, total_amount, updated_at, id) 
    values
        (?, ?, ?, ?, ?, ?, ?, ?, ?, ?, ?, ?, ?, ?, ?, default)
16:38:41.735 [main] DEBUG org.hibernate.SQL - 
    /* insert for
        com.itcs383.order.entity.Order */insert 
    into
        orders (cancellation_reason, created_at, customer_id, delivery_address, delivery_fee, delivery_latitude, delivery_longitude, estimated_delivery_time, order_number, restaurant_id, rider_id, special_instructions, status, total_amount, updated_at, id) 
    values
        (?, ?, ?, ?, ?, ?, ?, ?, ?, ?, ?, ?, ?, ?, ?, default)
Hibernate: 
    /* insert for
        com.itcs383.order.entity.Order */insert 
    into
        orders (cancellation_reason, created_at, customer_id, delivery_address, delivery_fee, delivery_latitude, delivery_longitude, estimated_delivery_time, order_number, restaurant_id, rider_id, special_instructions, status, total_amount, updated_at, id) 
    values
        (?, ?, ?, ?, ?, ?, ?, ?, ?, ?, ?, ?, ?, ?, ?, default)
16:38:41.736 [main] DEBUG org.hibernate.SQL - 
    /* insert for
        com.itcs383.order.entity.Order */insert 
    into
        orders (cancellation_reason, created_at, customer_id, delivery_address, delivery_fee, delivery_latitude, delivery_longitude, estimated_delivery_time, order_number, restaurant_id, rider_id, special_instructions, status, total_amount, updated_at, id) 
    values
        (?, ?, ?, ?, ?, ?, ?, ?, ?, ?, ?, ?, ?, ?, ?, default)
Hibernate: 
    /* insert for
        com.itcs383.order.entity.Order */insert 
    into
        orders (cancellation_reason, created_at, customer_id, delivery_address, delivery_fee, delivery_latitude, delivery_longitude, estimated_delivery_time, order_number, restaurant_id, rider_id, special_instructions, status, total_amount, updated_at, id) 
    values
        (?, ?, ?, ?, ?, ?, ?, ?, ?, ?, ?, ?, ?, ?, ?, default)
16:38:41.736 [main] DEBUG org.hibernate.SQL - 
    /* insert for
        com.itcs383.order.entity.Order */insert 
    into
        orders (cancellation_reason, created_at, customer_id, delivery_address, delivery_fee, delivery_latitude, delivery_longitude, estimated_delivery_time, order_number, restaurant_id, rider_id, special_instructions, status, total_amount, updated_at, id) 
    values
        (?, ?, ?, ?, ?, ?, ?, ?, ?, ?, ?, ?, ?, ?, ?, default)
Hibernate: 
    /* insert for
        com.itcs383.order.entity.Order */insert 
    into
        orders (cancellation_reason, created_at, customer_id, delivery_address, delivery_fee, delivery_latitude, delivery_longitude, estimated_delivery_time, order_number, restaurant_id, rider_id, special_instructions, status, total_amount, updated_at, id) 
    values
        (?, ?, ?, ?, ?, ?, ?, ?, ?, ?, ?, ?, ?, ?, ?, default)
16:38:41.740 [main] DEBUG org.hibernate.SQL - 
    /* SELECT
        o 
    FROM
        
    Order o WHERE
        o.customerId = :customerId 
    ORDER BY
        o.createdAt DESC */ select
            o1_0.id,
            o1_0.cancellation_reason,
            o1_0.created_at,
            o1_0.customer_id,
            o1_0.delivery_address,
            o1_0.delivery_fee,
            o1_0.delivery_latitude,
            o1_0.delivery_longitude,
            o1_0.estimated_delivery_time,
            o1_0.order_number,
            o1_0.restaurant_id,
            o1_0.rider_id,
            o1_0.special_instructions,
            o1_0.status,
            o1_0.total_amount,
            o1_0.updated_at 
        from
            orders o1_0 
        where
            o1_0.customer_id=? 
        order by
            o1_0.created_at desc 
        offset
            ? rows 
        fetch
            first ? rows only
Hibernate: 
    /* SELECT
        o 
    FROM
        
    Order o WHERE
        o.customerId = :customerId 
    ORDER BY
        o.createdAt DESC */ select
            o1_0.id,
            o1_0.cancellation_reason,
            o1_0.created_at,
            o1_0.customer_id,
            o1_0.delivery_address,
            o1_0.delivery_fee,
            o1_0.delivery_latitude,
            o1_0.delivery_longitude,
            o1_0.estimated_delivery_time,
            o1_0.order_number,
            o1_0.restaurant_id,
            o1_0.rider_id,
            o1_0.special_instructions,
            o1_0.status,
            o1_0.total_amount,
            o1_0.updated_at 
        from
            orders o1_0 
        where
            o1_0.customer_id=? 
        order by
            o1_0.created_at desc 
        offset
            ? rows 
        fetch
            first ? rows only
16:38:41.742 [main] DEBUG org.hibernate.SQL - 
    /* SELECT
        count(o) 
    FROM
        
    Order o WHERE
        o.customerId = :customerId */ select
            count(o1_0.id) 
        from
            orders o1_0 
        where
            o1_0.customer_id=?
Hibernate: 
    /* SELECT
        count(o) 
    FROM
        
    Order o WHERE
        o.customerId = :customerId */ select
            count(o1_0.id) 
        from
            orders o1_0 
        where
            o1_0.customer_id=?
16:38:41.743 [main] DEBUG org.hibernate.SQL - 
    /* SELECT
        o 
    FROM
        
    Order o WHERE
        o.customerId = :customerId 
    ORDER BY
        o.createdAt DESC */ select
            o1_0.id,
            o1_0.cancellation_reason,
            o1_0.created_at,
            o1_0.customer_id,
            o1_0.delivery_address,
            o1_0.delivery_fee,
            o1_0.delivery_latitude,
            o1_0.delivery_longitude,
            o1_0.estimated_delivery_time,
            o1_0.order_number,
            o1_0.restaurant_id,
            o1_0.rider_id,
            o1_0.special_instructions,
            o1_0.status,
            o1_0.total_amount,
            o1_0.updated_at 
        from
            orders o1_0 
        where
            o1_0.customer_id=? 
        order by
            o1_0.created_at desc 
        offset
            ? rows 
        fetch
            first ? rows only
Hibernate: 
    /* SELECT
        o 
    FROM
        
    Order o WHERE
        o.customerId = :customerId 
    ORDER BY
        o.createdAt DESC */ select
            o1_0.id,
            o1_0.cancellation_reason,
            o1_0.created_at,
            o1_0.customer_id,
            o1_0.delivery_address,
            o1_0.delivery_fee,
            o1_0.delivery_latitude,
            o1_0.delivery_longitude,
            o1_0.estimated_delivery_time,
            o1_0.order_number,
            o1_0.restaurant_id,
            o1_0.rider_id,
            o1_0.special_instructions,
            o1_0.status,
            o1_0.total_amount,
            o1_0.updated_at 
        from
            orders o1_0 
        where
            o1_0.customer_id=? 
        order by
            o1_0.created_at desc 
        offset
            ? rows 
        fetch
            first ? rows only
16:38:41.745 [main] DEBUG org.hibernate.SQL - 
    /* SELECT
        count(o) 
    FROM
        
    Order o WHERE
        o.customerId = :customerId */ select
            count(o1_0.id) 
        from
            orders o1_0 
        where
            o1_0.customer_id=?
Hibernate: 
    /* SELECT
        count(o) 
    FROM
        
    Order o WHERE
        o.customerId = :customerId */ select
            count(o1_0.id) 
        from
            orders o1_0 
        where
            o1_0.customer_id=?
16:38:41.746 [main] DEBUG org.hibernate.SQL - 
    /* SELECT
        o 
    FROM
        
    Order o WHERE
        o.customerId = :customerId 
    ORDER BY
        o.createdAt DESC */ select
            o1_0.id,
            o1_0.cancellation_reason,
            o1_0.created_at,
            o1_0.customer_id,
            o1_0.delivery_address,
            o1_0.delivery_fee,
            o1_0.delivery_latitude,
            o1_0.delivery_longitude,
            o1_0.estimated_delivery_time,
            o1_0.order_number,
            o1_0.restaurant_id,
            o1_0.rider_id,
            o1_0.special_instructions,
            o1_0.status,
            o1_0.total_amount,
            o1_0.updated_at 
        from
            orders o1_0 
        where
            o1_0.customer_id=? 
        order by
            o1_0.created_at desc 
        offset
            ? rows 
        fetch
            first ? rows only
Hibernate: 
    /* SELECT
        o 
    FROM
        
    Order o WHERE
        o.customerId = :customerId 
    ORDER BY
        o.createdAt DESC */ select
            o1_0.id,
            o1_0.cancellation_reason,
            o1_0.created_at,
            o1_0.customer_id,
            o1_0.delivery_address,
            o1_0.delivery_fee,
            o1_0.delivery_latitude,
            o1_0.delivery_longitude,
            o1_0.estimated_delivery_time,
            o1_0.order_number,
            o1_0.restaurant_id,
            o1_0.rider_id,
            o1_0.special_instructions,
            o1_0.status,
            o1_0.total_amount,
            o1_0.updated_at 
        from
            orders o1_0 
        where
            o1_0.customer_id=? 
        order by
            o1_0.created_at desc 
        offset
            ? rows 
        fetch
            first ? rows only
]]></system-out>
  </testcase>
  <testcase name="findByCustomerIdOrderByCreatedAtDesc_ShouldReturnCustomerOrdersSortedByDate" classname="com.itcs383.order.repository.OrderRepositoryTest" time="0.008">
    <system-out><![CDATA[16:38:41.752 [main] DEBUG org.hibernate.SQL - 
    /* <criteria> */ select
        o1_0.id,
        o1_0.cancellation_reason,
        o1_0.created_at,
        o1_0.customer_id,
        o1_0.delivery_address,
        o1_0.delivery_fee,
        o1_0.delivery_latitude,
        o1_0.delivery_longitude,
        o1_0.estimated_delivery_time,
        o1_0.order_number,
        o1_0.restaurant_id,
        o1_0.rider_id,
        o1_0.special_instructions,
        o1_0.status,
        o1_0.total_amount,
        o1_0.updated_at 
    from
        orders o1_0
Hibernate: 
    /* <criteria> */ select
        o1_0.id,
        o1_0.cancellation_reason,
        o1_0.created_at,
        o1_0.customer_id,
        o1_0.delivery_address,
        o1_0.delivery_fee,
        o1_0.delivery_latitude,
        o1_0.delivery_longitude,
        o1_0.estimated_delivery_time,
        o1_0.order_number,
        o1_0.restaurant_id,
        o1_0.rider_id,
        o1_0.special_instructions,
        o1_0.status,
        o1_0.total_amount,
        o1_0.updated_at 
    from
        orders o1_0
16:38:41.753 [main] DEBUG org.hibernate.SQL - 
    /* insert for
        com.itcs383.order.entity.Order */insert 
    into
        orders (cancellation_reason, created_at, customer_id, delivery_address, delivery_fee, delivery_latitude, delivery_longitude, estimated_delivery_time, order_number, restaurant_id, rider_id, special_instructions, status, total_amount, updated_at, id) 
    values
        (?, ?, ?, ?, ?, ?, ?, ?, ?, ?, ?, ?, ?, ?, ?, default)
Hibernate: 
    /* insert for
        com.itcs383.order.entity.Order */insert 
    into
        orders (cancellation_reason, created_at, customer_id, delivery_address, delivery_fee, delivery_latitude, delivery_longitude, estimated_delivery_time, order_number, restaurant_id, rider_id, special_instructions, status, total_amount, updated_at, id) 
    values
        (?, ?, ?, ?, ?, ?, ?, ?, ?, ?, ?, ?, ?, ?, ?, default)
16:38:41.754 [main] DEBUG org.hibernate.SQL - 
    /* insert for
        com.itcs383.order.entity.Order */insert 
    into
        orders (cancellation_reason, created_at, customer_id, delivery_address, delivery_fee, delivery_latitude, delivery_longitude, estimated_delivery_time, order_number, restaurant_id, rider_id, special_instructions, status, total_amount, updated_at, id) 
    values
        (?, ?, ?, ?, ?, ?, ?, ?, ?, ?, ?, ?, ?, ?, ?, default)
Hibernate: 
    /* insert for
        com.itcs383.order.entity.Order */insert 
    into
        orders (cancellation_reason, created_at, customer_id, delivery_address, delivery_fee, delivery_latitude, delivery_longitude, estimated_delivery_time, order_number, restaurant_id, rider_id, special_instructions, status, total_amount, updated_at, id) 
    values
        (?, ?, ?, ?, ?, ?, ?, ?, ?, ?, ?, ?, ?, ?, ?, default)
16:38:41.755 [main] DEBUG org.hibernate.SQL - 
    /* insert for
        com.itcs383.order.entity.Order */insert 
    into
        orders (cancellation_reason, created_at, customer_id, delivery_address, delivery_fee, delivery_latitude, delivery_longitude, estimated_delivery_time, order_number, restaurant_id, rider_id, special_instructions, status, total_amount, updated_at, id) 
    values
        (?, ?, ?, ?, ?, ?, ?, ?, ?, ?, ?, ?, ?, ?, ?, default)
Hibernate: 
    /* insert for
        com.itcs383.order.entity.Order */insert 
    into
        orders (cancellation_reason, created_at, customer_id, delivery_address, delivery_fee, delivery_latitude, delivery_longitude, estimated_delivery_time, order_number, restaurant_id, rider_id, special_instructions, status, total_amount, updated_at, id) 
    values
        (?, ?, ?, ?, ?, ?, ?, ?, ?, ?, ?, ?, ?, ?, ?, default)
16:38:41.757 [main] DEBUG org.hibernate.SQL - 
    /* SELECT
        o 
    FROM
        
    Order o WHERE
        o.customerId = :customerId 
    ORDER BY
        o.createdAt DESC */ select
            o1_0.id,
            o1_0.cancellation_reason,
            o1_0.created_at,
            o1_0.customer_id,
            o1_0.delivery_address,
            o1_0.delivery_fee,
            o1_0.delivery_latitude,
            o1_0.delivery_longitude,
            o1_0.estimated_delivery_time,
            o1_0.order_number,
            o1_0.restaurant_id,
            o1_0.rider_id,
            o1_0.special_instructions,
            o1_0.status,
            o1_0.total_amount,
            o1_0.updated_at 
        from
            orders o1_0 
        where
            o1_0.customer_id=? 
        order by
            o1_0.created_at desc 
        offset
            ? rows 
        fetch
            first ? rows only
Hibernate: 
    /* SELECT
        o 
    FROM
        
    Order o WHERE
        o.customerId = :customerId 
    ORDER BY
        o.createdAt DESC */ select
            o1_0.id,
            o1_0.cancellation_reason,
            o1_0.created_at,
            o1_0.customer_id,
            o1_0.delivery_address,
            o1_0.delivery_fee,
            o1_0.delivery_latitude,
            o1_0.delivery_longitude,
            o1_0.estimated_delivery_time,
            o1_0.order_number,
            o1_0.restaurant_id,
            o1_0.rider_id,
            o1_0.special_instructions,
            o1_0.status,
            o1_0.total_amount,
            o1_0.updated_at 
        from
            orders o1_0 
        where
            o1_0.customer_id=? 
        order by
            o1_0.created_at desc 
        offset
            ? rows 
        fetch
            first ? rows only
]]></system-out>
  </testcase>
  <testcase name="findByCustomerIdAndStatusOrderByCreatedAtDesc_ShouldReturnFilteredOrders" classname="com.itcs383.order.repository.OrderRepositoryTest" time="0.008">
    <system-out><![CDATA[16:38:41.760 [main] DEBUG org.hibernate.SQL - 
    /* <criteria> */ select
        o1_0.id,
        o1_0.cancellation_reason,
        o1_0.created_at,
        o1_0.customer_id,
        o1_0.delivery_address,
        o1_0.delivery_fee,
        o1_0.delivery_latitude,
        o1_0.delivery_longitude,
        o1_0.estimated_delivery_time,
        o1_0.order_number,
        o1_0.restaurant_id,
        o1_0.rider_id,
        o1_0.special_instructions,
        o1_0.status,
        o1_0.total_amount,
        o1_0.updated_at 
    from
        orders o1_0
Hibernate: 
    /* <criteria> */ select
        o1_0.id,
        o1_0.cancellation_reason,
        o1_0.created_at,
        o1_0.customer_id,
        o1_0.delivery_address,
        o1_0.delivery_fee,
        o1_0.delivery_latitude,
        o1_0.delivery_longitude,
        o1_0.estimated_delivery_time,
        o1_0.order_number,
        o1_0.restaurant_id,
        o1_0.rider_id,
        o1_0.special_instructions,
        o1_0.status,
        o1_0.total_amount,
        o1_0.updated_at 
    from
        orders o1_0
16:38:41.761 [main] DEBUG org.hibernate.SQL - 
    /* insert for
        com.itcs383.order.entity.Order */insert 
    into
        orders (cancellation_reason, created_at, customer_id, delivery_address, delivery_fee, delivery_latitude, delivery_longitude, estimated_delivery_time, order_number, restaurant_id, rider_id, special_instructions, status, total_amount, updated_at, id) 
    values
        (?, ?, ?, ?, ?, ?, ?, ?, ?, ?, ?, ?, ?, ?, ?, default)
Hibernate: 
    /* insert for
        com.itcs383.order.entity.Order */insert 
    into
        orders (cancellation_reason, created_at, customer_id, delivery_address, delivery_fee, delivery_latitude, delivery_longitude, estimated_delivery_time, order_number, restaurant_id, rider_id, special_instructions, status, total_amount, updated_at, id) 
    values
        (?, ?, ?, ?, ?, ?, ?, ?, ?, ?, ?, ?, ?, ?, ?, default)
16:38:41.762 [main] DEBUG org.hibernate.SQL - 
    /* insert for
        com.itcs383.order.entity.Order */insert 
    into
        orders (cancellation_reason, created_at, customer_id, delivery_address, delivery_fee, delivery_latitude, delivery_longitude, estimated_delivery_time, order_number, restaurant_id, rider_id, special_instructions, status, total_amount, updated_at, id) 
    values
        (?, ?, ?, ?, ?, ?, ?, ?, ?, ?, ?, ?, ?, ?, ?, default)
Hibernate: 
    /* insert for
        com.itcs383.order.entity.Order */insert 
    into
        orders (cancellation_reason, created_at, customer_id, delivery_address, delivery_fee, delivery_latitude, delivery_longitude, estimated_delivery_time, order_number, restaurant_id, rider_id, special_instructions, status, total_amount, updated_at, id) 
    values
        (?, ?, ?, ?, ?, ?, ?, ?, ?, ?, ?, ?, ?, ?, ?, default)
16:38:41.763 [main] DEBUG org.hibernate.SQL - 
    /* insert for
        com.itcs383.order.entity.Order */insert 
    into
        orders (cancellation_reason, created_at, customer_id, delivery_address, delivery_fee, delivery_latitude, delivery_longitude, estimated_delivery_time, order_number, restaurant_id, rider_id, special_instructions, status, total_amount, updated_at, id) 
    values
        (?, ?, ?, ?, ?, ?, ?, ?, ?, ?, ?, ?, ?, ?, ?, default)
Hibernate: 
    /* insert for
        com.itcs383.order.entity.Order */insert 
    into
        orders (cancellation_reason, created_at, customer_id, delivery_address, delivery_fee, delivery_latitude, delivery_longitude, estimated_delivery_time, order_number, restaurant_id, rider_id, special_instructions, status, total_amount, updated_at, id) 
    values
        (?, ?, ?, ?, ?, ?, ?, ?, ?, ?, ?, ?, ?, ?, ?, default)
16:38:41.765 [main] DEBUG org.hibernate.SQL - 
    /* SELECT
        o 
    FROM
        
    Order o WHERE
        o.customerId = :customerId 
        AND o.status = :status 
    ORDER BY
        o.createdAt DESC */ select
            o1_0.id,
            o1_0.cancellation_reason,
            o1_0.created_at,
            o1_0.customer_id,
            o1_0.delivery_address,
            o1_0.delivery_fee,
            o1_0.delivery_latitude,
            o1_0.delivery_longitude,
            o1_0.estimated_delivery_time,
            o1_0.order_number,
            o1_0.restaurant_id,
            o1_0.rider_id,
            o1_0.special_instructions,
            o1_0.status,
            o1_0.total_amount,
            o1_0.updated_at 
        from
            orders o1_0 
        where
            o1_0.customer_id=? 
            and o1_0.status=? 
        order by
            o1_0.created_at desc 
        offset
            ? rows 
        fetch
            first ? rows only
Hibernate: 
    /* SELECT
        o 
    FROM
        
    Order o WHERE
        o.customerId = :customerId 
        AND o.status = :status 
    ORDER BY
        o.createdAt DESC */ select
            o1_0.id,
            o1_0.cancellation_reason,
            o1_0.created_at,
            o1_0.customer_id,
            o1_0.delivery_address,
            o1_0.delivery_fee,
            o1_0.delivery_latitude,
            o1_0.delivery_longitude,
            o1_0.estimated_delivery_time,
            o1_0.order_number,
            o1_0.restaurant_id,
            o1_0.rider_id,
            o1_0.special_instructions,
            o1_0.status,
            o1_0.total_amount,
            o1_0.updated_at 
        from
            orders o1_0 
        where
            o1_0.customer_id=? 
            and o1_0.status=? 
        order by
            o1_0.created_at desc 
        offset
            ? rows 
        fetch
            first ? rows only
]]></system-out>
  </testcase>
  <testcase name="findByRestaurantIdOrderByCreatedAtDesc_ShouldReturnRestaurantOrders" classname="com.itcs383.order.repository.OrderRepositoryTest" time="0.009">
    <system-out><![CDATA[16:38:41.769 [main] DEBUG org.hibernate.SQL - 
    /* <criteria> */ select
        o1_0.id,
        o1_0.cancellation_reason,
        o1_0.created_at,
        o1_0.customer_id,
        o1_0.delivery_address,
        o1_0.delivery_fee,
        o1_0.delivery_latitude,
        o1_0.delivery_longitude,
        o1_0.estimated_delivery_time,
        o1_0.order_number,
        o1_0.restaurant_id,
        o1_0.rider_id,
        o1_0.special_instructions,
        o1_0.status,
        o1_0.total_amount,
        o1_0.updated_at 
    from
        orders o1_0
Hibernate: 
    /* <criteria> */ select
        o1_0.id,
        o1_0.cancellation_reason,
        o1_0.created_at,
        o1_0.customer_id,
        o1_0.delivery_address,
        o1_0.delivery_fee,
        o1_0.delivery_latitude,
        o1_0.delivery_longitude,
        o1_0.estimated_delivery_time,
        o1_0.order_number,
        o1_0.restaurant_id,
        o1_0.rider_id,
        o1_0.special_instructions,
        o1_0.status,
        o1_0.total_amount,
        o1_0.updated_at 
    from
        orders o1_0
16:38:41.770 [main] DEBUG org.hibernate.SQL - 
    /* insert for
        com.itcs383.order.entity.Order */insert 
    into
        orders (cancellation_reason, created_at, customer_id, delivery_address, delivery_fee, delivery_latitude, delivery_longitude, estimated_delivery_time, order_number, restaurant_id, rider_id, special_instructions, status, total_amount, updated_at, id) 
    values
        (?, ?, ?, ?, ?, ?, ?, ?, ?, ?, ?, ?, ?, ?, ?, default)
Hibernate: 
    /* insert for
        com.itcs383.order.entity.Order */insert 
    into
        orders (cancellation_reason, created_at, customer_id, delivery_address, delivery_fee, delivery_latitude, delivery_longitude, estimated_delivery_time, order_number, restaurant_id, rider_id, special_instructions, status, total_amount, updated_at, id) 
    values
        (?, ?, ?, ?, ?, ?, ?, ?, ?, ?, ?, ?, ?, ?, ?, default)
16:38:41.771 [main] DEBUG org.hibernate.SQL - 
    /* insert for
        com.itcs383.order.entity.Order */insert 
    into
        orders (cancellation_reason, created_at, customer_id, delivery_address, delivery_fee, delivery_latitude, delivery_longitude, estimated_delivery_time, order_number, restaurant_id, rider_id, special_instructions, status, total_amount, updated_at, id) 
    values
        (?, ?, ?, ?, ?, ?, ?, ?, ?, ?, ?, ?, ?, ?, ?, default)
Hibernate: 
    /* insert for
        com.itcs383.order.entity.Order */insert 
    into
        orders (cancellation_reason, created_at, customer_id, delivery_address, delivery_fee, delivery_latitude, delivery_longitude, estimated_delivery_time, order_number, restaurant_id, rider_id, special_instructions, status, total_amount, updated_at, id) 
    values
        (?, ?, ?, ?, ?, ?, ?, ?, ?, ?, ?, ?, ?, ?, ?, default)
16:38:41.772 [main] DEBUG org.hibernate.SQL - 
    /* insert for
        com.itcs383.order.entity.Order */insert 
    into
        orders (cancellation_reason, created_at, customer_id, delivery_address, delivery_fee, delivery_latitude, delivery_longitude, estimated_delivery_time, order_number, restaurant_id, rider_id, special_instructions, status, total_amount, updated_at, id) 
    values
        (?, ?, ?, ?, ?, ?, ?, ?, ?, ?, ?, ?, ?, ?, ?, default)
Hibernate: 
    /* insert for
        com.itcs383.order.entity.Order */insert 
    into
        orders (cancellation_reason, created_at, customer_id, delivery_address, delivery_fee, delivery_latitude, delivery_longitude, estimated_delivery_time, order_number, restaurant_id, rider_id, special_instructions, status, total_amount, updated_at, id) 
    values
        (?, ?, ?, ?, ?, ?, ?, ?, ?, ?, ?, ?, ?, ?, ?, default)
16:38:41.774 [main] DEBUG org.hibernate.SQL - 
    /* SELECT
        o 
    FROM
        
    Order o WHERE
        o.restaurantId = :restaurantId 
    ORDER BY
        o.createdAt DESC */ select
            o1_0.id,
            o1_0.cancellation_reason,
            o1_0.created_at,
            o1_0.customer_id,
            o1_0.delivery_address,
            o1_0.delivery_fee,
            o1_0.delivery_latitude,
            o1_0.delivery_longitude,
            o1_0.estimated_delivery_time,
            o1_0.order_number,
            o1_0.restaurant_id,
            o1_0.rider_id,
            o1_0.special_instructions,
            o1_0.status,
            o1_0.total_amount,
            o1_0.updated_at 
        from
            orders o1_0 
        where
            o1_0.restaurant_id=? 
        order by
            o1_0.created_at desc 
        offset
            ? rows 
        fetch
            first ? rows only
Hibernate: 
    /* SELECT
        o 
    FROM
        
    Order o WHERE
        o.restaurantId = :restaurantId 
    ORDER BY
        o.createdAt DESC */ select
            o1_0.id,
            o1_0.cancellation_reason,
            o1_0.created_at,
            o1_0.customer_id,
            o1_0.delivery_address,
            o1_0.delivery_fee,
            o1_0.delivery_latitude,
            o1_0.delivery_longitude,
            o1_0.estimated_delivery_time,
            o1_0.order_number,
            o1_0.restaurant_id,
            o1_0.rider_id,
            o1_0.special_instructions,
            o1_0.status,
            o1_0.total_amount,
            o1_0.updated_at 
        from
            orders o1_0 
        where
            o1_0.restaurant_id=? 
        order by
            o1_0.created_at desc 
        offset
            ? rows 
        fetch
            first ? rows only
]]></system-out>
  </testcase>
  <testcase name="findByCustomerIdAndCreatedAtBetween_ShouldReturnOrdersInDateRange" classname="com.itcs383.order.repository.OrderRepositoryTest" time="0.009">
    <system-out><![CDATA[16:38:41.778 [main] DEBUG org.hibernate.SQL - 
    /* <criteria> */ select
        o1_0.id,
        o1_0.cancellation_reason,
        o1_0.created_at,
        o1_0.customer_id,
        o1_0.delivery_address,
        o1_0.delivery_fee,
        o1_0.delivery_latitude,
        o1_0.delivery_longitude,
        o1_0.estimated_delivery_time,
        o1_0.order_number,
        o1_0.restaurant_id,
        o1_0.rider_id,
        o1_0.special_instructions,
        o1_0.status,
        o1_0.total_amount,
        o1_0.updated_at 
    from
        orders o1_0
Hibernate: 
    /* <criteria> */ select
        o1_0.id,
        o1_0.cancellation_reason,
        o1_0.created_at,
        o1_0.customer_id,
        o1_0.delivery_address,
        o1_0.delivery_fee,
        o1_0.delivery_latitude,
        o1_0.delivery_longitude,
        o1_0.estimated_delivery_time,
        o1_0.order_number,
        o1_0.restaurant_id,
        o1_0.rider_id,
        o1_0.special_instructions,
        o1_0.status,
        o1_0.total_amount,
        o1_0.updated_at 
    from
        orders o1_0
16:38:41.779 [main] DEBUG org.hibernate.SQL - 
    /* insert for
        com.itcs383.order.entity.Order */insert 
    into
        orders (cancellation_reason, created_at, customer_id, delivery_address, delivery_fee, delivery_latitude, delivery_longitude, estimated_delivery_time, order_number, restaurant_id, rider_id, special_instructions, status, total_amount, updated_at, id) 
    values
        (?, ?, ?, ?, ?, ?, ?, ?, ?, ?, ?, ?, ?, ?, ?, default)
Hibernate: 
    /* insert for
        com.itcs383.order.entity.Order */insert 
    into
        orders (cancellation_reason, created_at, customer_id, delivery_address, delivery_fee, delivery_latitude, delivery_longitude, estimated_delivery_time, order_number, restaurant_id, rider_id, special_instructions, status, total_amount, updated_at, id) 
    values
        (?, ?, ?, ?, ?, ?, ?, ?, ?, ?, ?, ?, ?, ?, ?, default)
16:38:41.780 [main] DEBUG org.hibernate.SQL - 
    /* insert for
        com.itcs383.order.entity.Order */insert 
    into
        orders (cancellation_reason, created_at, customer_id, delivery_address, delivery_fee, delivery_latitude, delivery_longitude, estimated_delivery_time, order_number, restaurant_id, rider_id, special_instructions, status, total_amount, updated_at, id) 
    values
        (?, ?, ?, ?, ?, ?, ?, ?, ?, ?, ?, ?, ?, ?, ?, default)
Hibernate: 
    /* insert for
        com.itcs383.order.entity.Order */insert 
    into
        orders (cancellation_reason, created_at, customer_id, delivery_address, delivery_fee, delivery_latitude, delivery_longitude, estimated_delivery_time, order_number, restaurant_id, rider_id, special_instructions, status, total_amount, updated_at, id) 
    values
        (?, ?, ?, ?, ?, ?, ?, ?, ?, ?, ?, ?, ?, ?, ?, default)
16:38:41.781 [main] DEBUG org.hibernate.SQL - 
    /* insert for
        com.itcs383.order.entity.Order */insert 
    into
        orders (cancellation_reason, created_at, customer_id, delivery_address, delivery_fee, delivery_latitude, delivery_longitude, estimated_delivery_time, order_number, restaurant_id, rider_id, special_instructions, status, total_amount, updated_at, id) 
    values
        (?, ?, ?, ?, ?, ?, ?, ?, ?, ?, ?, ?, ?, ?, ?, default)
Hibernate: 
    /* insert for
        com.itcs383.order.entity.Order */insert 
    into
        orders (cancellation_reason, created_at, customer_id, delivery_address, delivery_fee, delivery_latitude, delivery_longitude, estimated_delivery_time, order_number, restaurant_id, rider_id, special_instructions, status, total_amount, updated_at, id) 
    values
        (?, ?, ?, ?, ?, ?, ?, ?, ?, ?, ?, ?, ?, ?, ?, default)
16:38:41.784 [main] DEBUG org.hibernate.SQL - 
    /* SELECT
        o 
    FROM
        
    Order o WHERE
        o.customerId = :customerId 
        AND o.createdAt BETWEEN :startDate AND :endDate */ select
            o1_0.id,
            o1_0.cancellation_reason,
            o1_0.created_at,
            o1_0.customer_id,
            o1_0.delivery_address,
            o1_0.delivery_fee,
            o1_0.delivery_latitude,
            o1_0.delivery_longitude,
            o1_0.estimated_delivery_time,
            o1_0.order_number,
            o1_0.restaurant_id,
            o1_0.rider_id,
            o1_0.special_instructions,
            o1_0.status,
            o1_0.total_amount,
            o1_0.updated_at 
        from
            orders o1_0 
        where
            o1_0.customer_id=? 
            and o1_0.created_at between ? and ?
Hibernate: 
    /* SELECT
        o 
    FROM
        
    Order o WHERE
        o.customerId = :customerId 
        AND o.createdAt BETWEEN :startDate AND :endDate */ select
            o1_0.id,
            o1_0.cancellation_reason,
            o1_0.created_at,
            o1_0.customer_id,
            o1_0.delivery_address,
            o1_0.delivery_fee,
            o1_0.delivery_latitude,
            o1_0.delivery_longitude,
            o1_0.estimated_delivery_time,
            o1_0.order_number,
            o1_0.restaurant_id,
            o1_0.rider_id,
            o1_0.special_instructions,
            o1_0.status,
            o1_0.total_amount,
            o1_0.updated_at 
        from
            orders o1_0 
        where
            o1_0.customer_id=? 
            and o1_0.created_at between ? and ?
]]></system-out>
  </testcase>
</testsuite>